#
# A fatal error has been detected by the Java Runtime Environment:
#
#  SIGSEGV (0xb) at pc=0x0000000112b6d3b7, pid=8644, tid=54535
#
# JRE version: Java(TM) SE Runtime Environment (7.0_51-b13) (build 1.7.0_51-b13)
# Java VM: Java HotSpot(TM) 64-Bit Server VM (24.51-b03 mixed mode bsd-amd64 compressed oops)
# Problematic frame:
# C  [libsearchalgorithms.dylib+0x3a3b7]  Java_SearchAlgorithms_getTriangulation+0x5d7
#
# Failed to write core dump. Core dumps have been disabled. To enable core dumping, try "ulimit -c unlimited" before starting Java again
#
# If you would like to submit a bug report, please visit:
#   http://bugreport.sun.com/bugreport/crash.jsp
# The crash happened outside the Java Virtual Machine in native code.
# See problematic frame for where to report the bug.
#

---------------  T H R E A D  ---------------

Current thread (0x00007fb1ca198000):  JavaThread "AWT-EventQueue-0" [_thread_in_native, id=54535, stack(0x0000000117079000,0x0000000117179000)]

siginfo:si_signo=SIGSEGV: si_errno=0, si_code=1 (SEGV_MAPERR), si_addr=0x000000011706c000

Registers:
RAX=0x0000000000014628, RBX=0x000000077b668f20, RCX=0x00000000000087c6, RDX=0x0000000000014628
RSP=0x0000000116fc8ec0, RBP=0x0000000117176430, RSI=0x0000000116fc8ec0, RDI=0x00007fb1cadfb9bc
R8 =0x00000007d5e9a2d8, R9 =0x00000007d6012a80, R10=0x000000077b477201, R11=0x000000002874da17
R12=0x0000000000000000, R13=0x000000077b668f20, R14=0x00000001171764b8, R15=0x00007fb1ca198000
RIP=0x0000000112b6d3b7, EFLAGS=0x0000000000010206, ERR=0x0000000000000006
  TRAPNO=0x000000000000000e

Top of Stack: (sp=0x0000000116fc8ec0)
0x0000000116fc8ec0:   406b600000000000 bd2c7ef9e0000000
0x0000000116fc8ed0:   bd30000000000000 bd30000000000000
0x0000000116fc8ee0:   409f400000000000 0000000000000000
0x0000000116fc8ef0:   409f400000000000 409f400000000000
0x0000000116fc8f00:   0000000000000000 409f400000000000
0x0000000116fc8f10:   409f400000000000 409f400000000000
0x0000000116fc8f20:   bd30000000000000 bd30000000000000
0x0000000116fc8f30:   0000000000000000 409f400000000000
0x0000000116fc8f40:   4085480000000000 4088a00000000000
0x0000000116fc8f50:   4094bc0000000000 4088a00000000000
0x0000000116fc8f60:   4094bc0000000000 4088a00000000000
0x0000000116fc8f70:   4094bc0000000000 4089200000000000
0x0000000116fc8f80:   4099c00000000000 408a180000000000
0x0000000116fc8f90:   409d380000000000 408a180000000000
0x0000000116fc8fa0:   4085480000000000 4089200000000000
0x0000000116fc8fb0:   4085480000000000 4088a00000000000
0x0000000116fc8fc0:   4087a80000000000 4089200000000000
0x0000000116fc8fd0:   4085480000000000 4089200000000000
0x0000000116fc8fe0:   407a100000000000 4098340000000000
0x0000000116fc8ff0:   407a100000000000 4093740000000000
0x0000000116fc9000:   407b100000000000 408e780000000000
0x0000000116fc9010:   407b100000000000 4090fc0000000000
0x0000000116fc9020:   409cc80000000000 4095940000000000
0x0000000116fc9030:   409cc80000000000 40930c0000000000
0x0000000116fc9040:   4084b80000000000 4094940000000000
0x0000000116fc9050:   4097500000000000 4094940000000000
0x0000000116fc9060:   4097500000000000 4094940000000000
0x0000000116fc9070:   4097500000000000 4098cc0000000000
0x0000000116fc9080:   4099d00000000000 409a480000000000
0x0000000116fc9090:   4099d00000000000 409c2c0000000000
0x0000000116fc90a0:   4084b80000000000 4098cc0000000000
0x0000000116fc90b0:   4084b80000000000 4094940000000000 

Instructions: (pc=0x0000000112b6d3b7)
0x0000000112b6d397:   10 85 10 ff ff ff 8b 85 4c ff ff ff 69 8d 48 ff
0x0000000112b6d3a7:   ff ff 06 00 00 00 01 c8 05 01 00 00 00 48 63 d0
0x0000000112b6d3b7:   f2 0f 11 04 d6 f2 0f 10 85 08 ff ff ff 8b 85 4c
0x0000000112b6d3c7:   ff ff ff 69 8d 48 ff ff ff 06 00 00 00 01 c8 05 

Register to memory mapping:

RAX=0x0000000000014628 is an unknown value
RBX=0x000000077b668f20 is an oop
{method} 
 - klass: {other class}
RCX=0x00000000000087c6 is an unknown value
RDX=0x0000000000014628 is an unknown value
RSP=0x0000000116fc8ec0 is an unknown value
RBP=0x0000000117176430 is pointing into the stack for thread: 0x00007fb1ca198000
RSI=0x0000000116fc8ec0 is an unknown value
RDI=0x00007fb1cadfb9bc is an unknown value
R8 =0x00000007d5e9a2d8 is an oop
[D 
 - klass: {type array double}
 - length: 192755
R9 =0x00000007d6012a80 is an unknown value
R10=0x000000077b477201 is pointing into object: 0x000000077b476fc0
{instance class} 
 - klass: {other class}
R11=0x000000002874da17 is an unknown value
R12=0x0000000000000000 is an unknown value
R13=0x000000077b668f20 is an oop
{method} 
 - klass: {other class}
R14=0x00000001171764b8 is pointing into the stack for thread: 0x00007fb1ca198000
R15=0x00007fb1ca198000 is a thread


Stack: [0x0000000117079000,0x0000000117179000],  sp=0x0000000116fc8ec0,  free space=18014398509481279k
Native frames: (J=compiled Java code, j=interpreted, Vv=VM code, C=native code)
C  [libsearchalgorithms.dylib+0x3a3b7]  Java_SearchAlgorithms_getTriangulation+0x5d7
j  SearchAlgorithms.getTriangulation([D)[D+0
j  SearchAlgorithms.getTriangulation(Ljava/awt/Rectangle;Ljava/util/ArrayList;)Ljava/util/Set;+371
j  THPAStarZeroPointAgentSpaceManager.<init>(Ljava/util/ArrayList;II)V+97
j  MapModel.startPathfinding(Ljava/lang/String;IZ)V+42
j  MapWindowController.actionPerformed(Ljava/awt/event/ActionEvent;)V+32
j  javax.swing.AbstractButton.fireActionPerformed(Ljava/awt/event/ActionEvent;)V+84
j  javax.swing.AbstractButton$Handler.actionPerformed(Ljava/awt/event/ActionEvent;)V+5
j  javax.swing.DefaultButtonModel.fireActionPerformed(Ljava/awt/event/ActionEvent;)V+35
j  javax.swing.DefaultButtonModel.setPressed(Z)V+117
j  javax.swing.plaf.basic.BasicButtonListener.mouseReleased(Ljava/awt/event/MouseEvent;)V+35
j  java.awt.Component.processMouseEvent(Ljava/awt/event/MouseEvent;)V+64
j  javax.swing.JComponent.processMouseEvent(Ljava/awt/event/MouseEvent;)V+23
j  java.awt.Component.processEvent(Ljava/awt/AWTEvent;)V+81
j  java.awt.Container.processEvent(Ljava/awt/AWTEvent;)V+18
j  java.awt.Component.dispatchEventImpl(Ljava/awt/AWTEvent;)V+581
j  java.awt.Container.dispatchEventImpl(Ljava/awt/AWTEvent;)V+42
j  java.awt.Component.dispatchEvent(Ljava/awt/AWTEvent;)V+2
j  java.awt.LightweightDispatcher.retargetMouseEvent(Ljava/awt/Component;ILjava/awt/event/MouseEvent;)V+327
j  java.awt.LightweightDispatcher.processMouseEvent(Ljava/awt/event/MouseEvent;)Z+139
j  java.awt.LightweightDispatcher.dispatchEvent(Ljava/awt/AWTEvent;)Z+50
j  java.awt.Container.dispatchEventImpl(Ljava/awt/AWTEvent;)V+12
j  java.awt.Window.dispatchEventImpl(Ljava/awt/AWTEvent;)V+19
j  java.awt.Component.dispatchEvent(Ljava/awt/AWTEvent;)V+2
j  java.awt.EventQueue.dispatchEventImpl(Ljava/awt/AWTEvent;Ljava/lang/Object;)V+41
j  java.awt.EventQueue.access$200(Ljava/awt/EventQueue;Ljava/awt/AWTEvent;Ljava/lang/Object;)V+3
j  java.awt.EventQueue$3.run()Ljava/lang/Void;+12
j  java.awt.EventQueue$3.run()Ljava/lang/Object;+1
v  ~StubRoutines::call_stub
V  [libjvm.dylib+0x2d6bb0]
V  [libjvm.dylib+0x2d6980]
V  [libjvm.dylib+0x32a264]
j  java.security.AccessController.doPrivileged(Ljava/security/PrivilegedAction;Ljava/security/AccessControlContext;)Ljava/lang/Object;+0
j  java.security.ProtectionDomain$1.doIntersectionPrivilege(Ljava/security/PrivilegedAction;Ljava/security/AccessControlContext;Ljava/security/AccessControlContext;)Ljava/lang/Object;+28
j  java.security.ProtectionDomain$1.doIntersectionPrivilege(Ljava/security/PrivilegedAction;Ljava/security/AccessControlContext;)Ljava/lang/Object;+6
j  java.awt.EventQueue$4.run()Ljava/lang/Void;+11
j  java.awt.EventQueue$4.run()Ljava/lang/Object;+1
v  ~StubRoutines::call_stub
V  [libjvm.dylib+0x2d6bb0]
V  [libjvm.dylib+0x2d6980]
V  [libjvm.dylib+0x32a264]
j  java.security.AccessController.doPrivileged(Ljava/security/PrivilegedAction;Ljava/security/AccessControlContext;)Ljava/lang/Object;+0
j  java.security.ProtectionDomain$1.doIntersectionPrivilege(Ljava/security/PrivilegedAction;Ljava/security/AccessControlContext;Ljava/security/AccessControlContext;)Ljava/lang/Object;+28
j  java.awt.EventQueue.dispatchEvent(Ljava/awt/AWTEvent;)V+73
j  java.awt.EventDispatchThread.pumpOneEventForFilters(I)V+245
j  java.awt.EventDispatchThread.pumpEventsForFilter(ILjava/awt/Conditional;Ljava/awt/EventFilter;)V+35
j  java.awt.EventDispatchThread.pumpEventsForHierarchy(ILjava/awt/Conditional;Ljava/awt/Component;)V+11
j  java.awt.EventDispatchThread.pumpEvents(ILjava/awt/Conditional;)V+4
j  java.awt.EventDispatchThread.pumpEvents(Ljava/awt/Conditional;)V+3
j  java.awt.EventDispatchThread.run()V+9
v  ~StubRoutines::call_stub
V  [libjvm.dylib+0x2d6bb0]
V  [libjvm.dylib+0x2d70c7]
V  [libjvm.dylib+0x2d7204]
V  [libjvm.dylib+0x3261ea]
V  [libjvm.dylib+0x4efb57]
V  [libjvm.dylib+0x4f125f]
V  [libjvm.dylib+0x41b1d6]
C  [libsystem_pthread.dylib+0x1899]  _pthread_body+0x8a
C  [libsystem_pthread.dylib+0x172a]  _pthread_struct_init+0x0
C  [libsystem_pthread.dylib+0x5fc9]  thread_start+0xd

Java frames: (J=compiled Java code, j=interpreted, Vv=VM code)
j  SearchAlgorithms.getTriangulation([D)[D+0
j  SearchAlgorithms.getTriangulation(Ljava/awt/Rectangle;Ljava/util/ArrayList;)Ljava/util/Set;+371
j  THPAStarZeroPointAgentSpaceManager.<init>(Ljava/util/ArrayList;II)V+97
j  MapModel.startPathfinding(Ljava/lang/String;IZ)V+42
j  MapWindowController.actionPerformed(Ljava/awt/event/ActionEvent;)V+32
j  javax.swing.AbstractButton.fireActionPerformed(Ljava/awt/event/ActionEvent;)V+84
j  javax.swing.AbstractButton$Handler.actionPerformed(Ljava/awt/event/ActionEvent;)V+5
j  javax.swing.DefaultButtonModel.fireActionPerformed(Ljava/awt/event/ActionEvent;)V+35
j  javax.swing.DefaultButtonModel.setPressed(Z)V+117
j  javax.swing.plaf.basic.BasicButtonListener.mouseReleased(Ljava/awt/event/MouseEvent;)V+35
j  java.awt.Component.processMouseEvent(Ljava/awt/event/MouseEvent;)V+64
j  javax.swing.JComponent.processMouseEvent(Ljava/awt/event/MouseEvent;)V+23
j  java.awt.Component.processEvent(Ljava/awt/AWTEvent;)V+81
j  java.awt.Container.processEvent(Ljava/awt/AWTEvent;)V+18
j  java.awt.Component.dispatchEventImpl(Ljava/awt/AWTEvent;)V+581
j  java.awt.Container.dispatchEventImpl(Ljava/awt/AWTEvent;)V+42
j  java.awt.Component.dispatchEvent(Ljava/awt/AWTEvent;)V+2
j  java.awt.LightweightDispatcher.retargetMouseEvent(Ljava/awt/Component;ILjava/awt/event/MouseEvent;)V+327
j  java.awt.LightweightDispatcher.processMouseEvent(Ljava/awt/event/MouseEvent;)Z+139
j  java.awt.LightweightDispatcher.dispatchEvent(Ljava/awt/AWTEvent;)Z+50
j  java.awt.Container.dispatchEventImpl(Ljava/awt/AWTEvent;)V+12
j  java.awt.Window.dispatchEventImpl(Ljava/awt/AWTEvent;)V+19
j  java.awt.Component.dispatchEvent(Ljava/awt/AWTEvent;)V+2
j  java.awt.EventQueue.dispatchEventImpl(Ljava/awt/AWTEvent;Ljava/lang/Object;)V+41
j  java.awt.EventQueue.access$200(Ljava/awt/EventQueue;Ljava/awt/AWTEvent;Ljava/lang/Object;)V+3
j  java.awt.EventQueue$3.run()Ljava/lang/Void;+12
j  java.awt.EventQueue$3.run()Ljava/lang/Object;+1
v  ~StubRoutines::call_stub
j  java.security.AccessController.doPrivileged(Ljava/security/PrivilegedAction;Ljava/security/AccessControlContext;)Ljava/lang/Object;+0
j  java.security.ProtectionDomain$1.doIntersectionPrivilege(Ljava/security/PrivilegedAction;Ljava/security/AccessControlContext;Ljava/security/AccessControlContext;)Ljava/lang/Object;+28
j  java.security.ProtectionDomain$1.doIntersectionPrivilege(Ljava/security/PrivilegedAction;Ljava/security/AccessControlContext;)Ljava/lang/Object;+6
j  java.awt.EventQueue$4.run()Ljava/lang/Void;+11
j  java.awt.EventQueue$4.run()Ljava/lang/Object;+1
v  ~StubRoutines::call_stub
j  java.security.AccessController.doPrivileged(Ljava/security/PrivilegedAction;Ljava/security/AccessControlContext;)Ljava/lang/Object;+0
j  java.security.ProtectionDomain$1.doIntersectionPrivilege(Ljava/security/PrivilegedAction;Ljava/security/AccessControlContext;Ljava/security/AccessControlContext;)Ljava/lang/Object;+28
j  java.awt.EventQueue.dispatchEvent(Ljava/awt/AWTEvent;)V+73
j  java.awt.EventDispatchThread.pumpOneEventForFilters(I)V+245
j  java.awt.EventDispatchThread.pumpEventsForFilter(ILjava/awt/Conditional;Ljava/awt/EventFilter;)V+35
j  java.awt.EventDispatchThread.pumpEventsForHierarchy(ILjava/awt/Conditional;Ljava/awt/Component;)V+11
j  java.awt.EventDispatchThread.pumpEvents(ILjava/awt/Conditional;)V+4
j  java.awt.EventDispatchThread.pumpEvents(Ljava/awt/Conditional;)V+3
j  java.awt.EventDispatchThread.run()V+9
v  ~StubRoutines::call_stub

---------------  P R O C E S S  ---------------

Java Threads: ( => current thread )
  0x00007fb1c996d800 JavaThread "DestroyJavaVM" [_thread_blocked, id=6403, stack(0x00000001050ad000,0x00000001051ad000)]
=>0x00007fb1ca198000 JavaThread "AWT-EventQueue-0" [_thread_in_native, id=54535, stack(0x0000000117079000,0x0000000117179000)]
  0x00007fb1c98cc000 JavaThread "Java2D Disposer" daemon [_thread_blocked, id=42047, stack(0x0000000115a71000,0x0000000115b71000)]
  0x00007fb1c886e000 JavaThread "Java2D Queue Flusher" daemon [_thread_blocked, id=42247, stack(0x0000000114d9f000,0x0000000114e9f000)]
  0x00007fb1c985e000 JavaThread "AWT-Shutdown" [_thread_blocked, id=28171, stack(0x0000000111cf8000,0x0000000111df8000)]
  0x00007fb1c9065000 JavaThread "AppKit Thread" daemon [_thread_in_native, id=1287, stack(0x00007fff5abe8000,0x00007fff5ac68000)]
  0x00007fb1ca048000 JavaThread "Service Thread" daemon [_thread_blocked, id=19203, stack(0x0000000110117000,0x0000000110217000)]
  0x00007fb1ca047000 JavaThread "C2 CompilerThread1" daemon [_thread_blocked, id=18691, stack(0x0000000110014000,0x0000000110114000)]
  0x00007fb1ca041000 JavaThread "C2 CompilerThread0" daemon [_thread_blocked, id=18179, stack(0x000000010ff11000,0x0000000110011000)]
  0x00007fb1c980a800 JavaThread "Signal Dispatcher" daemon [_thread_blocked, id=17667, stack(0x000000010fe0e000,0x000000010ff0e000)]
  0x00007fb1c9011000 JavaThread "Finalizer" daemon [_thread_blocked, id=12547, stack(0x000000010fbbd000,0x000000010fcbd000)]
  0x00007fb1ca038000 JavaThread "Reference Handler" daemon [_thread_blocked, id=12035, stack(0x000000010faba000,0x000000010fbba000)]

Other Threads:
  0x00007fb1c9807000 VMThread [stack: 0x000000010f9b7000,0x000000010fab7000] [id=11523]
  0x00007fb1ca058800 WatcherThread [stack: 0x000000011021a000,0x000000011031a000] [id=19715]

VM state:not at safepoint (normal execution)

VM Mutex/Monitor currently owned by a thread: None

Heap
 PSYoungGen      total 38912K, used 11338K [0x00000007d5500000, 0x00000007d8000000, 0x0000000800000000)
  eden space 33792K, 33% used [0x00000007d5500000,0x00000007d6012a80,0x00000007d7600000)
  from space 5120K, 0% used [0x00000007d7b00000,0x00000007d7b00000,0x00000007d8000000)
  to   space 5120K, 0% used [0x00000007d7600000,0x00000007d7600000,0x00000007d7b00000)
 ParOldGen       total 87040K, used 0K [0x0000000780000000, 0x0000000785500000, 0x00000007d5500000)
  object space 87040K, 0% used [0x0000000780000000,0x0000000780000000,0x0000000785500000)
 PSPermGen       total 21504K, used 8629K [0x000000077ae00000, 0x000000077c300000, 0x0000000780000000)
  object space 21504K, 40% used [0x000000077ae00000,0x000000077b66d6b0,0x000000077c300000)

Card table byte_map: [0x0000000109513000,0x000000010993d000] byte_map_base: 0x000000010593c000

Polling page: 0x00000001051ec000

Code Cache  [0x0000000106453000, 0x00000001066c3000, 0x0000000109453000)
 total_blobs=431 nmethods=25 adapters=361 free_code_cache=48602Kb largest_free_block=49750144

Compilation events (10 events):
Event: 2.843 Thread 0x00007fb1ca047000 nmethod 19 0x00000001064d5ed0 code [0x00000001064d6020, 0x00000001064d60f8]
Event: 2.843 Thread 0x00007fb1ca047000   21 %           MapModel::createRandomObstacles @ 78 (673 bytes)
Event: 2.848 Thread 0x00007fb1ca041000 nmethod 20 0x00000001064d3bd0 code [0x00000001064d3d40, 0x00000001064d4008]
Event: 2.874 Thread 0x00007fb1ca041000   22             java.util.concurrent.atomic.AtomicLong::get (5 bytes)
Event: 2.875 Thread 0x00007fb1ca041000 nmethod 22 0x00000001064d4190 code [0x00000001064d42c0, 0x00000001064d4318]
Event: 2.875 Thread 0x00007fb1ca041000   23             java.util.concurrent.atomic.AtomicLong::compareAndSet (13 bytes)
Event: 2.875 Thread 0x00007fb1ca041000 nmethod 23 0x00000001064d4410 code [0x00000001064d4540, 0x00000001064d45b8]
Event: 2.875 Thread 0x00007fb1ca041000   25             java.util.Random::next (47 bytes)
Event: 2.877 Thread 0x00007fb1ca041000 nmethod 25 0x00000001064d3590 code [0x00000001064d36c0, 0x00000001064d3798]
Event: 2.892 Thread 0x00007fb1ca047000 nmethod 21% 0x00000001064dd0d0 code [0x00000001064dd4a0, 0x00000001064df138]

GC Heap History (0 events):
No events

Deoptimization events (0 events):
No events

Internal exceptions (10 events):
Event: 1.637 Thread 0x00007fb1c9001000 Threw 0x00000007d56349a0 at /HUDSON/workspace/7u-2-build-macosx-x86_64/jdk7u51/527/hotspot/src/share/vm/prims/jvm.cpp:1244
Event: 1.654 Thread 0x00007fb1c9001000 Threw 0x00000007d57b1c60 at /HUDSON/workspace/7u-2-build-macosx-x86_64/jdk7u51/527/hotspot/src/share/vm/prims/jvm.cpp:1244
Event: 1.655 Thread 0x00007fb1c9001000 Threw 0x00000007d57b9968 at /HUDSON/workspace/7u-2-build-macosx-x86_64/jdk7u51/527/hotspot/src/share/vm/prims/jvm.cpp:1244
Event: 1.661 Thread 0x00007fb1c9001000 Threw 0x00000007d57c5a88 at /HUDSON/workspace/7u-2-build-macosx-x86_64/jdk7u51/527/hotspot/src/share/vm/prims/jvm.cpp:1244
Event: 2.835 Thread 0x00007fb1ca198000 Threw 0x00000007d5d97798 at /HUDSON/workspace/7u-2-build-macosx-x86_64/jdk7u51/527/hotspot/src/share/vm/prims/jvm.cpp:1244
Event: 2.912 Thread 0x00007fb1ca198000 Threw 0x00000007d5e37e58 at /HUDSON/workspace/7u-2-build-macosx-x86_64/jdk7u51/527/hotspot/src/share/vm/prims/jvm.cpp:1244
Event: 2.913 Thread 0x00007fb1ca198000 Threw 0x00000007d5e40878 at /HUDSON/workspace/7u-2-build-macosx-x86_64/jdk7u51/527/hotspot/src/share/vm/prims/jvm.cpp:1244
Event: 2.914 Thread 0x00007fb1ca198000 Threw 0x00000007d5e43c28 at /HUDSON/workspace/7u-2-build-macosx-x86_64/jdk7u51/527/hotspot/src/share/vm/prims/jvm.cpp:1244
Event: 2.914 Thread 0x00007fb1ca198000 Threw 0x00000007d5e46330 at /HUDSON/workspace/7u-2-build-macosx-x86_64/jdk7u51/527/hotspot/src/share/vm/prims/jvm.cpp:1244
Event: 2.915 Thread 0x00007fb1ca198000 Threw 0x00000007d5e48ef8 at /HUDSON/workspace/7u-2-build-macosx-x86_64/jdk7u51/527/hotspot/src/share/vm/prims/jvm.cpp:1244

Events (10 events):
Event: 2.913 loading class 0x00007fb1c8794500
Event: 2.913 loading class 0x00007fb1c8794500 done
Event: 2.914 loading class 0x000000010e732eb0
Event: 2.914 loading class 0x000000010e732eb0 done
Event: 2.914 loading class 0x000000010e7746e0
Event: 2.914 loading class 0x000000010e7746e0 done
Event: 2.915 loading class 0x00007fb1c87965b0
Event: 2.915 loading class 0x00007fb1c87965b0 done
Event: 2.916 loading class 0x000000010e736650
Event: 2.916 loading class 0x000000010e736650 done


Dynamic libraries:
0x00000000083b1000 	/System/Library/Frameworks/Cocoa.framework/Versions/A/Cocoa
0x00000000083b1000 	/System/Library/Frameworks/Security.framework/Versions/A/Security
0x00000000083b1000 	/System/Library/Frameworks/ApplicationServices.framework/Versions/A/ApplicationServices
0x00000000083b1000 	/usr/lib/libz.1.dylib
0x00000000083b1000 	/usr/lib/libSystem.B.dylib
0x00000000083b1000 	/usr/lib/libobjc.A.dylib
0x00000000083b1000 	/System/Library/Frameworks/CoreFoundation.framework/Versions/A/CoreFoundation
0x00000000083b1000 	/System/Library/Frameworks/Foundation.framework/Versions/C/Foundation
0x00000000083b1000 	/System/Library/Frameworks/AppKit.framework/Versions/C/AppKit
0x00000000083b1000 	/System/Library/Frameworks/CoreData.framework/Versions/A/CoreData
0x00000000083b1000 	/System/Library/PrivateFrameworks/RemoteViewServices.framework/Versions/A/RemoteViewServices
0x00000000083b1000 	/System/Library/Frameworks/AudioToolbox.framework/Versions/A/AudioToolbox
0x00000000083b1000 	/System/Library/Frameworks/AudioUnit.framework/Versions/A/AudioUnit
0x00000000083b1000 	/System/Library/PrivateFrameworks/DataDetectorsCore.framework/Versions/A/DataDetectorsCore
0x00000000083b1000 	/System/Library/PrivateFrameworks/DesktopServicesPriv.framework/Versions/A/DesktopServicesPriv
0x00000000083b1000 	/System/Library/Frameworks/Carbon.framework/Versions/A/Frameworks/HIToolbox.framework/Versions/A/HIToolbox
0x00000000083b1000 	/System/Library/Frameworks/QuartzCore.framework/Versions/A/QuartzCore
0x00000000083b1000 	/System/Library/Frameworks/Carbon.framework/Versions/A/Frameworks/SpeechRecognition.framework/Versions/A/SpeechRecognition
0x00000000083b1000 	/usr/lib/libauto.dylib
0x00000000083b1000 	/usr/lib/libicucore.A.dylib
0x00000000083b1000 	/usr/lib/libxml2.2.dylib
0x00000000083b1000 	/System/Library/PrivateFrameworks/CoreUI.framework/Versions/A/CoreUI
0x00000000083b1000 	/System/Library/Frameworks/CoreAudio.framework/Versions/A/CoreAudio
0x00000000083b1000 	/System/Library/Frameworks/DiskArbitration.framework/Versions/A/DiskArbitration
0x00000000083b1000 	/usr/lib/liblangid.dylib
0x00000000083b1000 	/System/Library/PrivateFrameworks/MultitouchSupport.framework/Versions/A/MultitouchSupport
0x00000000083b1000 	/System/Library/Frameworks/IOKit.framework/Versions/A/IOKit
0x00000000083b1000 	/usr/lib/libDiagnosticMessagesClient.dylib
0x00000000083b1000 	/System/Library/Frameworks/CoreServices.framework/Versions/A/CoreServices
0x00000000083b1000 	/System/Library/PrivateFrameworks/PerformanceAnalysis.framework/Versions/A/PerformanceAnalysis
0x00000000083b1000 	/System/Library/PrivateFrameworks/GenerationalStorage.framework/Versions/A/GenerationalStorage
0x00000000083b1000 	/System/Library/Frameworks/OpenGL.framework/Versions/A/OpenGL
0x00000000083b1000 	/System/Library/PrivateFrameworks/Sharing.framework/Versions/A/Sharing
0x00000000083b1000 	/System/Library/Frameworks/ImageIO.framework/Versions/A/ImageIO
0x00000000083b1000 	/System/Library/Frameworks/CoreText.framework/Versions/A/CoreText
0x00000000083b1000 	/System/Library/Frameworks/CoreGraphics.framework/Versions/A/CoreGraphics
0x00000000083b1000 	/System/Library/PrivateFrameworks/Backup.framework/Versions/A/Backup
0x00000000083b1000 	/System/Library/Frameworks/CFNetwork.framework/Versions/A/CFNetwork
0x00000000083b1000 	/System/Library/Frameworks/SystemConfiguration.framework/Versions/A/SystemConfiguration
0x00000000083b1000 	/usr/lib/libCRFSuite.dylib
0x00000000083b1000 	/usr/lib/libc++.1.dylib
0x00000000083b1000 	/usr/lib/libc++abi.dylib
0x00000000083b1000 	/usr/lib/system/libcache.dylib
0x00000000083b1000 	/usr/lib/system/libcommonCrypto.dylib
0x00000000083b1000 	/usr/lib/system/libcompiler_rt.dylib
0x00000000083b1000 	/usr/lib/system/libcopyfile.dylib
0x00000000083b1000 	/usr/lib/system/libcorecrypto.dylib
0x00000000083b1000 	/usr/lib/system/libdispatch.dylib
0x00000000083b1000 	/usr/lib/system/libdyld.dylib
0x00000000083b1000 	/usr/lib/system/libkeymgr.dylib
0x00000000083b1000 	/usr/lib/system/liblaunch.dylib
0x00000000083b1000 	/usr/lib/system/libmacho.dylib
0x00000000083b1000 	/usr/lib/system/libquarantine.dylib
0x00000000083b1000 	/usr/lib/system/libremovefile.dylib
0x00000000083b1000 	/usr/lib/system/libsystem_asl.dylib
0x00000000083b1000 	/usr/lib/system/libsystem_blocks.dylib
0x00000000083b1000 	/usr/lib/system/libsystem_c.dylib
0x00000000083b1000 	/usr/lib/system/libsystem_configuration.dylib
0x00000000083b1000 	/usr/lib/system/libsystem_dnssd.dylib
0x00000000083b1000 	/usr/lib/system/libsystem_info.dylib
0x00000000083b1000 	/usr/lib/system/libsystem_kernel.dylib
0x00000000083b1000 	/usr/lib/system/libsystem_m.dylib
0x00000000083b1000 	/usr/lib/system/libsystem_malloc.dylib
0x00000000083b1000 	/usr/lib/system/libsystem_network.dylib
0x00000000083b1000 	/usr/lib/system/libsystem_notify.dylib
0x00000000083b1000 	/usr/lib/system/libsystem_platform.dylib
0x00000000083b1000 	/usr/lib/system/libsystem_pthread.dylib
0x00000000083b1000 	/usr/lib/system/libsystem_sandbox.dylib
0x00000000083b1000 	/usr/lib/system/libsystem_stats.dylib
0x00000000083b1000 	/usr/lib/system/libunc.dylib
0x00000000083b1000 	/usr/lib/system/libunwind.dylib
0x00000000083b1000 	/usr/lib/system/libxpc.dylib
0x00000000083b1000 	/usr/lib/libbsm.0.dylib
0x00000000083b1000 	/usr/lib/libsqlite3.dylib
0x00000000083b1000 	/usr/lib/libxar.1.dylib
0x00000000083b1000 	/usr/lib/libpam.2.dylib
0x00000000083b1000 	/usr/lib/libOpenScriptingUtil.dylib
0x00000000083b1000 	/usr/lib/libbz2.1.0.dylib
0x00000000083b1000 	/System/Library/Frameworks/CoreServices.framework/Versions/A/Frameworks/CarbonCore.framework/Versions/A/CarbonCore
0x00000000083b1000 	/System/Library/Frameworks/CoreServices.framework/Versions/A/Frameworks/Metadata.framework/Versions/A/Metadata
0x00000000083b1000 	/System/Library/Frameworks/CoreServices.framework/Versions/A/Frameworks/OSServices.framework/Versions/A/OSServices
0x00000000083b1000 	/System/Library/Frameworks/CoreServices.framework/Versions/A/Frameworks/SearchKit.framework/Versions/A/SearchKit
0x00000000083b1000 	/System/Library/Frameworks/CoreServices.framework/Versions/A/Frameworks/AE.framework/Versions/A/AE
0x00000000083b1000 	/System/Library/Frameworks/CoreServices.framework/Versions/A/Frameworks/LaunchServices.framework/Versions/A/LaunchServices
0x00000000083b1000 	/System/Library/Frameworks/CoreServices.framework/Versions/A/Frameworks/DictionaryServices.framework/Versions/A/DictionaryServices
0x00000000083b1000 	/System/Library/Frameworks/NetFS.framework/Versions/A/NetFS
0x00000000083b1000 	/usr/lib/system/libkxld.dylib
0x00000000083b1000 	/System/Library/PrivateFrameworks/NetAuth.framework/Versions/A/NetAuth
0x00000000083b1000 	/System/Library/PrivateFrameworks/TCC.framework/Versions/A/TCC
0x00000000083b1000 	/System/Library/Frameworks/OpenDirectory.framework/Versions/A/Frameworks/CFOpenDirectory.framework/Versions/A/CFOpenDirectory
0x00000000083b1000 	/System/Library/Frameworks/ServiceManagement.framework/Versions/A/ServiceManagement
0x00000000083b1000 	/usr/lib/libxslt.1.dylib
0x00000000083b1000 	/System/Library/Frameworks/Carbon.framework/Versions/A/Frameworks/Ink.framework/Versions/A/Ink
0x00000000083b1000 	/System/Library/Frameworks/ApplicationServices.framework/Versions/A/Frameworks/ATS.framework/Versions/A/ATS
0x00000000083b1000 	/System/Library/Frameworks/ApplicationServices.framework/Versions/A/Frameworks/ColorSync.framework/Versions/A/ColorSync
0x00000000083b1000 	/System/Library/Frameworks/ApplicationServices.framework/Versions/A/Frameworks/HIServices.framework/Versions/A/HIServices
0x00000000083b1000 	/System/Library/Frameworks/ApplicationServices.framework/Versions/A/Frameworks/LangAnalysis.framework/Versions/A/LangAnalysis
0x00000000083b1000 	/System/Library/Frameworks/ApplicationServices.framework/Versions/A/Frameworks/PrintCore.framework/Versions/A/PrintCore
0x00000000083b1000 	/System/Library/Frameworks/ApplicationServices.framework/Versions/A/Frameworks/QD.framework/Versions/A/QD
0x00000000083b1000 	/System/Library/Frameworks/ApplicationServices.framework/Versions/A/Frameworks/SpeechSynthesis.framework/Versions/A/SpeechSynthesis
0x00000000083b1000 	/System/Library/Frameworks/IOSurface.framework/Versions/A/IOSurface
0x00000000083b1000 	/System/Library/Frameworks/Accelerate.framework/Versions/A/Accelerate
0x00000000083b1000 	/System/Library/Frameworks/Accelerate.framework/Versions/A/Frameworks/vImage.framework/Versions/A/vImage
0x00000000083b1000 	/System/Library/Frameworks/Accelerate.framework/Versions/A/Frameworks/vecLib.framework/Versions/A/vecLib
0x00000000083b1000 	/System/Library/Frameworks/Accelerate.framework/Versions/A/Frameworks/vecLib.framework/Versions/A/libvDSP.dylib
0x00000000083b1000 	/System/Library/Frameworks/Accelerate.framework/Versions/A/Frameworks/vecLib.framework/Versions/A/libvMisc.dylib
0x00000000083b1000 	/System/Library/Frameworks/Accelerate.framework/Versions/A/Frameworks/vecLib.framework/Versions/A/libLAPACK.dylib
0x00000000083b1000 	/System/Library/Frameworks/Accelerate.framework/Versions/A/Frameworks/vecLib.framework/Versions/A/libBLAS.dylib
0x00000000083b1000 	/System/Library/Frameworks/ApplicationServices.framework/Versions/A/Frameworks/ATS.framework/Versions/A/Resources/libFontParser.dylib
0x00000000083b1000 	/System/Library/Frameworks/ApplicationServices.framework/Versions/A/Frameworks/ATS.framework/Versions/A/Resources/libFontRegistry.dylib
0x00000000083b1000 	/System/Library/Frameworks/ImageIO.framework/Versions/A/Resources/libJPEG.dylib
0x00000000083b1000 	/System/Library/Frameworks/ImageIO.framework/Versions/A/Resources/libTIFF.dylib
0x00000000083b1000 	/System/Library/Frameworks/ImageIO.framework/Versions/A/Resources/libPng.dylib
0x00000000083b1000 	/System/Library/Frameworks/ImageIO.framework/Versions/A/Resources/libGIF.dylib
0x00000000083b1000 	/System/Library/Frameworks/ImageIO.framework/Versions/A/Resources/libJP2.dylib
0x00000000083b1000 	/System/Library/Frameworks/ImageIO.framework/Versions/A/Resources/libRadiance.dylib
0x00000000083b1000 	/usr/lib/libcups.2.dylib
0x00000000083b1000 	/System/Library/Frameworks/Kerberos.framework/Versions/A/Kerberos
0x00000000083b1000 	/System/Library/Frameworks/GSS.framework/Versions/A/GSS
0x00000000083b1000 	/usr/lib/libresolv.9.dylib
0x00000000083b1000 	/usr/lib/libiconv.2.dylib
0x00000000083b1000 	/System/Library/PrivateFrameworks/Heimdal.framework/Versions/A/Heimdal
0x00000000083b1000 	/System/Library/PrivateFrameworks/TrustEvaluationAgent.framework/Versions/A/TrustEvaluationAgent
0x00000000083b1000 	/usr/lib/libheimdal-asn1.dylib
0x00000000083b1000 	/System/Library/Frameworks/OpenDirectory.framework/Versions/A/OpenDirectory
0x00000000083b1000 	/System/Library/PrivateFrameworks/CommonAuth.framework/Versions/A/CommonAuth
0x00000000083b1000 	/System/Library/Frameworks/SecurityFoundation.framework/Versions/A/SecurityFoundation
0x00000000083b1000 	/System/Library/PrivateFrameworks/Bom.framework/Versions/A/Bom
0x00000000083b1000 	/System/Library/Frameworks/CoreVideo.framework/Versions/A/CoreVideo
0x00000000083b1000 	/System/Library/Frameworks/QuartzCore.framework/Versions/A/Frameworks/CoreImage.framework/Versions/A/CoreImage
0x00000000083b1000 	/System/Library/Frameworks/QuartzCore.framework/Versions/A/Frameworks/ScalableUserInterface.framework/Versions/A/ScalableUserInterface
0x00000000083b1000 	/System/Library/Frameworks/OpenGL.framework/Versions/A/Libraries/libGLU.dylib
0x00000000083b1000 	/System/Library/Frameworks/OpenGL.framework/Versions/A/Libraries/libGFXShared.dylib
0x00000000083b1000 	/System/Library/Frameworks/OpenGL.framework/Versions/A/Libraries/libGL.dylib
0x00000000083b1000 	/System/Library/Frameworks/OpenGL.framework/Versions/A/Libraries/libGLImage.dylib
0x00000000083b1000 	/System/Library/Frameworks/OpenGL.framework/Versions/A/Libraries/libCVMSPluginSupport.dylib
0x00000000083b1000 	/System/Library/Frameworks/OpenGL.framework/Versions/A/Libraries/libCoreVMClient.dylib
0x00000000083b1000 	/System/Library/PrivateFrameworks/FaceCore.framework/Versions/A/FaceCore
0x00000000083b1000 	/System/Library/PrivateFrameworks/CrashReporterSupport.framework/Versions/A/CrashReporterSupport
0x00000000083b1000 	/System/Library/Frameworks/OpenCL.framework/Versions/A/OpenCL
0x00000000083b1000 	/System/Library/PrivateFrameworks/AppleFSCompression.framework/Versions/A/AppleFSCompression
0x00000000083b1000 	/System/Library/PrivateFrameworks/Ubiquity.framework/Versions/A/Ubiquity
0x00000000083b1000 	/System/Library/PrivateFrameworks/IconServices.framework/Versions/A/IconServices
0x00000000083b1000 	/System/Library/PrivateFrameworks/ChunkingLibrary.framework/Versions/A/ChunkingLibrary
0x00000000083b1000 	/System/Library/PrivateFrameworks/CoreSymbolication.framework/Versions/A/CoreSymbolication
0x00000000083b1000 	/System/Library/PrivateFrameworks/Symbolication.framework/Versions/A/Symbolication
0x00000000083b1000 	/System/Library/PrivateFrameworks/DebugSymbols.framework/Versions/A/DebugSymbols
0x0000000105a00000 	/Library/Java/JavaVirtualMachines/jdk1.7.0_51.jdk/Contents/Home/jre/lib/server/libjvm.dylib
0x00000000083b1000 	/usr/lib/libstdc++.6.dylib
0x00000001051af000 	/Library/Java/JavaVirtualMachines/jdk1.7.0_51.jdk/Contents/Home/jre/lib/libverify.dylib
0x00000001051bc000 	/Library/Java/JavaVirtualMachines/jdk1.7.0_51.jdk/Contents/Home/jre/lib/libjava.dylib
0x00000001051f6000 	/Library/Java/JavaVirtualMachines/jdk1.7.0_51.jdk/Contents/Home/jre/lib/libzip.dylib
0x000000010fcbf000 	/System/Library/Frameworks/JavaVM.framework/Frameworks/JavaRuntimeSupport.framework/JavaRuntimeSupport
0x000000010fcd7000 	/System/Library/Frameworks/JavaVM.framework/Versions/A/Frameworks/JavaNativeFoundation.framework/Versions/A/JavaNativeFoundation
0x000000010fcec000 	/System/Library/Frameworks/JavaVM.framework/Versions/A/JavaVM
0x00000000083b1000 	/System/Library/Frameworks/Carbon.framework/Versions/A/Carbon
0x000000010fcf9000 	/System/Library/PrivateFrameworks/JavaLaunching.framework/Versions/A/JavaLaunching
0x00000000083b1000 	/System/Library/Frameworks/Carbon.framework/Versions/A/Frameworks/CommonPanels.framework/Versions/A/CommonPanels
0x00000000083b1000 	/System/Library/Frameworks/Carbon.framework/Versions/A/Frameworks/Help.framework/Versions/A/Help
0x00000000083b1000 	/System/Library/Frameworks/Carbon.framework/Versions/A/Frameworks/ImageCapture.framework/Versions/A/ImageCapture
0x00000000083b1000 	/System/Library/Frameworks/Carbon.framework/Versions/A/Frameworks/OpenScripting.framework/Versions/A/OpenScripting
0x00000000083b1000 	/System/Library/Frameworks/Carbon.framework/Versions/A/Frameworks/Print.framework/Versions/A/Print
0x00000000083b1000 	/System/Library/Frameworks/Carbon.framework/Versions/A/Frameworks/SecurityHI.framework/Versions/A/SecurityHI
0x0000000110367000 	/Library/Java/JavaVirtualMachines/jdk1.7.0_51.jdk/Contents/Home/jre/lib/libawt.dylib
0x0000000110416000 	/Library/Java/JavaVirtualMachines/jdk1.7.0_51.jdk/Contents/Home/jre/lib/./libmlib_image.dylib
0x00000001104e2000 	/Library/Java/JavaVirtualMachines/jdk1.7.0_51.jdk/Contents/Home/jre/lib/lwawt/liblwawt.dylib
0x0000000110596000 	/Library/Java/JavaVirtualMachines/jdk1.7.0_51.jdk/Contents/Home/jre/lib/libosxapp.dylib
0x00000000083b1000 	/System/Library/Frameworks/ExceptionHandling.framework/Versions/A/ExceptionHandling
0x00000000083b1000 	/System/Library/PrivateFrameworks/CoreServicesInternal.framework/Versions/A/CoreServicesInternal
0x00000000083b1000 	/System/Library/PrivateFrameworks/Librarian.framework/Versions/A/Librarian
0x00000000083b1000 	/System/Library/Frameworks/CoreGraphics.framework/Versions/A/Resources/libCGCMS.A.dylib
0x00000000083b1000 	/System/Library/Frameworks/CoreGraphics.framework/Versions/A/Resources/libRIP.A.dylib
0x00000000083b1000 	/System/Library/Frameworks/CoreGraphics.framework/Versions/A/Resources/libCGXType.A.dylib
0x00000000083b1000 	/System/Library/PrivateFrameworks/FamilyControls.framework/Versions/A/FamilyControls
0x00000000083b1000 	/System/Library/PrivateFrameworks/CommerceKit.framework/Versions/A/Frameworks/CommerceCore.framework/Versions/A/CommerceCore
0x00000000083b1000 	/System/Library/PrivateFrameworks/SystemAdministration.framework/Versions/A/SystemAdministration
0x00000000083b1000 	/System/Library/Frameworks/DirectoryService.framework/Versions/A/DirectoryService
0x00000000083b1000 	/System/Library/PrivateFrameworks/DiskImages.framework/Versions/A/DiskImages
0x00000000083b1000 	/System/Library/PrivateFrameworks/LoginUIKit.framework/Versions/A/Frameworks/LoginUICore.framework/Versions/A/LoginUICore
0x00000000083b1000 	/usr/lib/libCoreStorage.dylib
0x00000000083b1000 	/usr/lib/libcsfde.dylib
0x00000000083b1000 	/usr/lib/libodfde.dylib
0x00000000083b1000 	/System/Library/Frameworks/DiscRecording.framework/Versions/A/DiscRecording
0x00000000083b1000 	/usr/lib/libcurl.4.dylib
0x00000000083b1000 	/System/Library/PrivateFrameworks/MediaKit.framework/Versions/A/MediaKit
0x00000000083b1000 	/System/Library/PrivateFrameworks/EFILogin.framework/Versions/A/EFILogin
0x00000000083b1000 	/usr/lib/libutil.dylib
0x00000000083b1000 	/System/Library/PrivateFrameworks/AOSNotification.framework/Versions/A/AOSNotification
0x00000000083b1000 	/System/Library/Frameworks/LDAP.framework/Versions/A/LDAP
0x00000000083b1000 	/usr/lib/libsasl2.2.dylib
0x00000000083b1000 	/usr/lib/libcrypto.0.9.8.dylib
0x00000000083b1000 	/usr/lib/libssl.0.9.8.dylib
0x00000000083b1000 	/System/Library/Frameworks/OpenGL.framework/Versions/A/Resources/GLEngine.bundle/GLEngine
0x00000000083b1000 	/System/Library/Frameworks/OpenGL.framework/Versions/A/Libraries/libGLProgrammability.dylib
0x0000000000000000 	/System/Library/Extensions/AppleIntelHD4000GraphicsGLDriver.bundle/Contents/MacOS/AppleIntelHD4000GraphicsGLDriver
0x00000000083b1000 	/System/Library/PrivateFrameworks/IOAccelerator.framework/Versions/A/IOAccelerator
0x00000000083b1000 	/System/Library/PrivateFrameworks/GPUSupport.framework/Versions/A/Libraries/libGPUSupportMercury.dylib
0x00000000083b1000 	/System/Library/Frameworks/OpenGL.framework/Versions/A/Resources/GLRendererFloat.bundle/GLRendererFloat
0x00000000083b1000 	/System/Library/Frameworks/OpenCL.framework/Versions/A/Libraries/libcldcpuengine.dylib
0x0000000115b73000 	/Library/Java/JavaVirtualMachines/jdk1.7.0_51.jdk/Contents/Home/jre/lib/libfontmanager.dylib
0x0000000115bda000 	/Library/Java/JavaVirtualMachines/jdk1.7.0_51.jdk/Contents/Home/jre/lib/libosxui.dylib
0x0000000117434000 	/Library/Java/JavaVirtualMachines/jdk1.7.0_51.jdk/Contents/Home/jre/lib/libnet.dylib
0x0000000117335000 	/Library/Java/JavaVirtualMachines/jdk1.7.0_51.jdk/Contents/Home/jre/lib/libnio.dylib
0x0000000112b33000 	/Users/zalbhathena/Documents/workspace/Thesis-Test-Application/HPA* Program/jni/libsearchalgorithms.dylib

VM Arguments:
jvm_args: -Djava.library.path=/Users/zalbhathena/Documents/workspace/Thesis-Test-Application/HPA* Program/jni -Dfile.encoding=US-ASCII 
java_command: HPAProgram
Launcher Type: SUN_STANDARD

Environment Variables:
PATH=/usr/bin:/bin:/usr/sbin:/sbin
LD_LIBRARY_PATH=src
SHELL=/bin/bash

Signal Handlers:
SIGSEGV: [libjvm.dylib+0x525425], sa_mask[0]=0xfffefeff, sa_flags=0x00000043
SIGBUS: [libjvm.dylib+0x525425], sa_mask[0]=0xfffefeff, sa_flags=0x00000042
SIGFPE: [libjvm.dylib+0x41892a], sa_mask[0]=0xfffefeff, sa_flags=0x00000042
SIGPIPE: [libjvm.dylib+0x41892a], sa_mask[0]=0xfffefeff, sa_flags=0x00000042
SIGXFSZ: [libjvm.dylib+0x41892a], sa_mask[0]=0xfffefeff, sa_flags=0x00000042
SIGILL: [libjvm.dylib+0x41892a], sa_mask[0]=0xfffefeff, sa_flags=0x00000042
SIGUSR1: SIG_DFL, sa_mask[0]=0x00000000, sa_flags=0x00000002
SIGUSR2: [libjvm.dylib+0x41841c], sa_mask[0]=0x00000004, sa_flags=0x00000042
SIGHUP: [libjvm.dylib+0x4166ab], sa_mask[0]=0xfffefeff, sa_flags=0x00000042
SIGINT: [libjvm.dylib+0x4166ab], sa_mask[0]=0xfffefeff, sa_flags=0x00000042
SIGTERM: [libjvm.dylib+0x4166ab], sa_mask[0]=0xfffefeff, sa_flags=0x00000042
SIGQUIT: [libjvm.dylib+0x4166ab], sa_mask[0]=0xfffefeff, sa_flags=0x00000042


---------------  S Y S T E M  ---------------

OS:Bsduname:Darwin 13.0.0 Darwin Kernel Version 13.0.0: Thu Sep 19 22:22:27 PDT 2013; root:xnu-2422.1.72~6/RELEASE_X86_64 x86_64
rlimit: STACK 8192k, CORE 0k, NPROC 709, NOFILE 10240, AS infinity
load average:2.81 4.61 4.57

CPU:total 4 (2 cores per cpu, 2 threads per core) family 6 model 58 stepping 9, cmov, cx8, fxsr, mmx, sse, sse2, sse3, ssse3, sse4.1, sse4.2, popcnt, avx, aes, erms, ht, tsc, tscinvbit, tscinv

Memory: 4k page, physical 8388608k(2097152k free)

/proc/meminfo:


vm_info: Java HotSpot(TM) 64-Bit Server VM (24.51-b03) for bsd-amd64 JRE (1.7.0_51-b13), built on Dec 18 2013 18:45:56 by "java_re" with gcc 4.2.1 (Based on Apple Inc. build 5658) (LLVM build 2336.11.00)

time: Mon Mar 17 13:50:05 2014
elapsed time: 3 seconds

