#
# A fatal error has been detected by the Java Runtime Environment:
#
#  SIGSEGV (0xb) at pc=0x0000000119d62ab9, pid=7657, tid=52231
#
# JRE version: Java(TM) SE Runtime Environment (7.0_51-b13) (build 1.7.0_51-b13)
# Java VM: Java HotSpot(TM) 64-Bit Server VM (24.51-b03 mixed mode bsd-amd64 compressed oops)
# Problematic frame:
# C  [libsearchalgorithms.dylib+0x2ab9]  GsArrayBase::size(unsigned int, int)+0x19
#
# Failed to write core dump. Core dumps have been disabled. To enable core dumping, try "ulimit -c unlimited" before starting Java again
#
# If you would like to submit a bug report, please visit:
#   http://bugreport.sun.com/bugreport/crash.jsp
# The crash happened outside the Java Virtual Machine in native code.
# See problematic frame for where to report the bug.
#

---------------  T H R E A D  ---------------

Current thread (0x00007f9de2128800):  JavaThread "AWT-EventQueue-0" [_thread_in_native, id=52231, stack(0x00000001189ef000,0x0000000118aef000)]

siginfo:si_signo=SIGSEGV: si_errno=0, si_code=1 (SEGV_MAPERR), si_addr=0x0000000007019008

Registers:
RAX=0x0000000000000008, RBX=0x000000077b65f300, RCX=0x0000000000000000, RDX=0x0000000000000000
RSP=0x0000000118aebfe0, RBP=0x0000000118aec000, RSI=0x0000000000000008, RDI=0x0000000007019000
R8 =0x0000000000000001, R9 =0x00007f9de163e140, R10=0x00000000d8f7ab9f, R11=0x00000000506fac7d
R12=0x0000000000000000, R13=0x000000077b65f300, R14=0x0000000118aec490, R15=0x00007f9de2128800
RIP=0x0000000119d62ab9, EFLAGS=0x0000000000010202, ERR=0x0000000000000006
  TRAPNO=0x000000000000000e

Top of Stack: (sp=0x0000000118aebfe0)
0x0000000118aebfe0:   0000000118aec080 0000000119d78076
0x0000000118aebff0:   0000000800000000 0000000007019000
0x0000000118aec000:   0000000118aec020 0000000119d6db12
0x0000000118aec010:   00000000e163b530 0000000007019000
0x0000000118aec020:   0000000118aec080 0000000119d74cc8
0x0000000118aec030:   00007f9de163c2e0 00007f9de163b530
0x0000000118aec040:   0000000119d9f900 0000000119d9f900
0x0000000118aec050:   00007f9de163c500 00007f9de163c4d0
0x0000000118aec060:   0000000318aec080 0000000118aec3a0
0x0000000118aec070:   0000000007019000 0000000119d9f900
0x0000000118aec080:   0000000118aec100 0000000119d99ccc
0x0000000118aec090:   000000037d59c600 00007f9de163b508
0x0000000118aec0a0:   00007f9de163b508 0000000007019000
0x0000000118aec0b0:   0000000800000000 0000000118aec3a0
0x0000000118aec0c0:   0000000000000000 00007f9de163b4f0
0x0000000118aec0d0:   0000000600000004 0000000118aec300
0x0000000118aec0e0:   0000000118aec230 0000000118aec3a0
0x0000000118aec0f0:   0000000118aec3b0 0000000118aec110
0x0000000118aec100:   0000000118aec400 0000000119d99f0e
0x0000000118aec110:   0000000000000000 0000000000000000
0x0000000118aec120:   4059000000000000 0000000000000000
0x0000000118aec130:   4059000000000000 4059000000000000
0x0000000118aec140:   0000000000000000 4059000000000000
0x0000000118aec150:   c0c81ccccccccccd 403f000000000000
0x0000000118aec160:   403d000000000000 4047000000000000
0x0000000118aec170:   403d000000000000 4047000000000000
0x0000000118aec180:   4045800000000000 403f000000000000
0x0000000118aec190:   4045800000000000 c0c81ccccccccccd
0x0000000118aec1a0:   4045800000000000 401c000000000000
0x0000000118aec1b0:   4052800000000000 401c000000000000
0x0000000118aec1c0:   4052800000000000 4035000000000000
0x0000000118aec1d0:   4045800000000000 4035000000000000 

Instructions: (pc=0x0000000119d62ab9)
0x0000000119d62a99:   1f 84 00 00 00 00 00 55 48 89 e5 48 83 ec 20 48
0x0000000119d62aa9:   89 7d f8 89 75 f4 89 55 f0 48 8b 7d f8 8b 55 f0
0x0000000119d62ab9:   89 57 08 8b 57 08 3b 57 0c 48 89 7d e8 0f 8e 22
0x0000000119d62ac9:   00 00 00 48 8b 45 e8 8b 48 08 89 48 0c 48 8b 38 

Register to memory mapping:

RAX=0x0000000000000008 is an unknown value
RBX=0x000000077b65f300 is an oop
{method} 
 - klass: {other class}
RCX=0x0000000000000000 is an unknown value
RDX=0x0000000000000000 is an unknown value
RSP=0x0000000118aebfe0 is pointing into the stack for thread: 0x00007f9de2128800
RBP=0x0000000118aec000 is pointing into the stack for thread: 0x00007f9de2128800
RSI=0x0000000000000008 is an unknown value
RDI=0x0000000007019000 is an unknown value
R8 =0x0000000000000001 is an unknown value
R9 =0x00007f9de163e140 is an unknown value
R10=0x00000000d8f7ab9f is an unknown value
R11=0x00000000506fac7d is an unknown value
R12=0x0000000000000000 is an unknown value
R13=0x000000077b65f300 is an oop
{method} 
 - klass: {other class}
R14=0x0000000118aec490 is pointing into the stack for thread: 0x00007f9de2128800
R15=0x00007f9de2128800 is a thread


Stack: [0x00000001189ef000,0x0000000118aef000],  sp=0x0000000118aebfe0,  free space=1011k
Native frames: (J=compiled Java code, j=interpreted, Vv=VM code, C=native code)
C  [libsearchalgorithms.dylib+0x2ab9]  GsArrayBase::size(unsigned int, int)+0x19
C  [libsearchalgorithms.dylib+0xdb12]  GsArray<GsVec2>::size(int)+0x22
C  [libsearchalgorithms.dylib+0x14cc8]  SeDcdt::get_mesh_edges(GsArray<GsVec2>*, GsArray<GsVec2>*)+0x38
C  [libsearchalgorithms.dylib+0x39ccc]  create_dcdt(double const*, GsArray<SeDcdtFace*>&, GsArray<GsVec2>&)+0x1fc
C  [libsearchalgorithms.dylib+0x39f0e]  Java_SearchAlgorithms_getTriangulation+0x11e
j  SearchAlgorithms.getTriangulation([D)[D+0
j  SearchAlgorithms.getTriangulation(Ljava/awt/Rectangle;Ljava/util/ArrayList;)Ljava/util/Set;+472
j  TriangulationSpaceManager.<init>(Ljava/util/ArrayList;II)V+57
j  MapModel.startPathfinding(Ljava/lang/String;IZ)V+35
j  MapWindowController.actionPerformed(Ljava/awt/event/ActionEvent;)V+30
j  javax.swing.AbstractButton.fireActionPerformed(Ljava/awt/event/ActionEvent;)V+84
j  javax.swing.AbstractButton$Handler.actionPerformed(Ljava/awt/event/ActionEvent;)V+5
j  javax.swing.DefaultButtonModel.fireActionPerformed(Ljava/awt/event/ActionEvent;)V+35
j  javax.swing.DefaultButtonModel.setPressed(Z)V+117
j  javax.swing.plaf.basic.BasicButtonListener.mouseReleased(Ljava/awt/event/MouseEvent;)V+35
j  java.awt.Component.processMouseEvent(Ljava/awt/event/MouseEvent;)V+64
j  javax.swing.JComponent.processMouseEvent(Ljava/awt/event/MouseEvent;)V+23
j  java.awt.Component.processEvent(Ljava/awt/AWTEvent;)V+81
j  java.awt.Container.processEvent(Ljava/awt/AWTEvent;)V+18
j  java.awt.Component.dispatchEventImpl(Ljava/awt/AWTEvent;)V+581
j  java.awt.Container.dispatchEventImpl(Ljava/awt/AWTEvent;)V+42
j  java.awt.Component.dispatchEvent(Ljava/awt/AWTEvent;)V+2
j  java.awt.LightweightDispatcher.retargetMouseEvent(Ljava/awt/Component;ILjava/awt/event/MouseEvent;)V+327
j  java.awt.LightweightDispatcher.processMouseEvent(Ljava/awt/event/MouseEvent;)Z+139
j  java.awt.LightweightDispatcher.dispatchEvent(Ljava/awt/AWTEvent;)Z+50
j  java.awt.Container.dispatchEventImpl(Ljava/awt/AWTEvent;)V+12
j  java.awt.Window.dispatchEventImpl(Ljava/awt/AWTEvent;)V+19
j  java.awt.Component.dispatchEvent(Ljava/awt/AWTEvent;)V+2
j  java.awt.EventQueue.dispatchEventImpl(Ljava/awt/AWTEvent;Ljava/lang/Object;)V+41
j  java.awt.EventQueue.access$200(Ljava/awt/EventQueue;Ljava/awt/AWTEvent;Ljava/lang/Object;)V+3
j  java.awt.EventQueue$3.run()Ljava/lang/Void;+12
j  java.awt.EventQueue$3.run()Ljava/lang/Object;+1
v  ~StubRoutines::call_stub
V  [libjvm.dylib+0x2d6bb0]  JavaCalls::call_helper(JavaValue*, methodHandle*, JavaCallArguments*, Thread*)+0x22a
V  [libjvm.dylib+0x2d6980]  JavaCalls::call(JavaValue*, methodHandle, JavaCallArguments*, Thread*)+0x28
V  [libjvm.dylib+0x32a264]  JVM_DoPrivileged+0x411
j  java.security.AccessController.doPrivileged(Ljava/security/PrivilegedAction;Ljava/security/AccessControlContext;)Ljava/lang/Object;+0
j  java.security.ProtectionDomain$1.doIntersectionPrivilege(Ljava/security/PrivilegedAction;Ljava/security/AccessControlContext;Ljava/security/AccessControlContext;)Ljava/lang/Object;+28
j  java.security.ProtectionDomain$1.doIntersectionPrivilege(Ljava/security/PrivilegedAction;Ljava/security/AccessControlContext;)Ljava/lang/Object;+6
j  java.awt.EventQueue$4.run()Ljava/lang/Void;+11
j  java.awt.EventQueue$4.run()Ljava/lang/Object;+1
v  ~StubRoutines::call_stub
V  [libjvm.dylib+0x2d6bb0]  JavaCalls::call_helper(JavaValue*, methodHandle*, JavaCallArguments*, Thread*)+0x22a
V  [libjvm.dylib+0x2d6980]  JavaCalls::call(JavaValue*, methodHandle, JavaCallArguments*, Thread*)+0x28
V  [libjvm.dylib+0x32a264]  JVM_DoPrivileged+0x411
j  java.security.AccessController.doPrivileged(Ljava/security/PrivilegedAction;Ljava/security/AccessControlContext;)Ljava/lang/Object;+0
j  java.security.ProtectionDomain$1.doIntersectionPrivilege(Ljava/security/PrivilegedAction;Ljava/security/AccessControlContext;Ljava/security/AccessControlContext;)Ljava/lang/Object;+28
j  java.awt.EventQueue.dispatchEvent(Ljava/awt/AWTEvent;)V+73
j  java.awt.EventDispatchThread.pumpOneEventForFilters(I)V+245
j  java.awt.EventDispatchThread.pumpEventsForFilter(ILjava/awt/Conditional;Ljava/awt/EventFilter;)V+35
j  java.awt.EventDispatchThread.pumpEventsForHierarchy(ILjava/awt/Conditional;Ljava/awt/Component;)V+11
j  java.awt.EventDispatchThread.pumpEvents(ILjava/awt/Conditional;)V+4
j  java.awt.EventDispatchThread.pumpEvents(Ljava/awt/Conditional;)V+3
j  java.awt.EventDispatchThread.run()V+9
v  ~StubRoutines::call_stub
V  [libjvm.dylib+0x2d6bb0]  JavaCalls::call_helper(JavaValue*, methodHandle*, JavaCallArguments*, Thread*)+0x22a
V  [libjvm.dylib+0x2d70c7]  JavaCalls::call_virtual(JavaValue*, KlassHandle, Symbol*, Symbol*, JavaCallArguments*, Thread*)+0x11b
V  [libjvm.dylib+0x2d7204]  JavaCalls::call_virtual(JavaValue*, Handle, KlassHandle, Symbol*, Symbol*, Thread*)+0x4a
V  [libjvm.dylib+0x3261ea]  thread_entry(JavaThread*, Thread*)+0xad
V  [libjvm.dylib+0x4efb57]  JavaThread::thread_main_inner()+0x9b
V  [libjvm.dylib+0x4f125f]  JavaThread::run()+0x1a3
V  [libjvm.dylib+0x41b1d6]  java_start(Thread*)+0x126
C  [libsystem_pthread.dylib+0x1899]  _pthread_body+0x8a
C  [libsystem_pthread.dylib+0x172a]  _pthread_struct_init+0x0
C  [libsystem_pthread.dylib+0x5fc9]  thread_start+0xd

Java frames: (J=compiled Java code, j=interpreted, Vv=VM code)
j  SearchAlgorithms.getTriangulation([D)[D+0
j  SearchAlgorithms.getTriangulation(Ljava/awt/Rectangle;Ljava/util/ArrayList;)Ljava/util/Set;+472
j  TriangulationSpaceManager.<init>(Ljava/util/ArrayList;II)V+57
j  MapModel.startPathfinding(Ljava/lang/String;IZ)V+35
j  MapWindowController.actionPerformed(Ljava/awt/event/ActionEvent;)V+30
j  javax.swing.AbstractButton.fireActionPerformed(Ljava/awt/event/ActionEvent;)V+84
j  javax.swing.AbstractButton$Handler.actionPerformed(Ljava/awt/event/ActionEvent;)V+5
j  javax.swing.DefaultButtonModel.fireActionPerformed(Ljava/awt/event/ActionEvent;)V+35
j  javax.swing.DefaultButtonModel.setPressed(Z)V+117
j  javax.swing.plaf.basic.BasicButtonListener.mouseReleased(Ljava/awt/event/MouseEvent;)V+35
j  java.awt.Component.processMouseEvent(Ljava/awt/event/MouseEvent;)V+64
j  javax.swing.JComponent.processMouseEvent(Ljava/awt/event/MouseEvent;)V+23
j  java.awt.Component.processEvent(Ljava/awt/AWTEvent;)V+81
j  java.awt.Container.processEvent(Ljava/awt/AWTEvent;)V+18
j  java.awt.Component.dispatchEventImpl(Ljava/awt/AWTEvent;)V+581
j  java.awt.Container.dispatchEventImpl(Ljava/awt/AWTEvent;)V+42
j  java.awt.Component.dispatchEvent(Ljava/awt/AWTEvent;)V+2
j  java.awt.LightweightDispatcher.retargetMouseEvent(Ljava/awt/Component;ILjava/awt/event/MouseEvent;)V+327
j  java.awt.LightweightDispatcher.processMouseEvent(Ljava/awt/event/MouseEvent;)Z+139
j  java.awt.LightweightDispatcher.dispatchEvent(Ljava/awt/AWTEvent;)Z+50
j  java.awt.Container.dispatchEventImpl(Ljava/awt/AWTEvent;)V+12
j  java.awt.Window.dispatchEventImpl(Ljava/awt/AWTEvent;)V+19
j  java.awt.Component.dispatchEvent(Ljava/awt/AWTEvent;)V+2
j  java.awt.EventQueue.dispatchEventImpl(Ljava/awt/AWTEvent;Ljava/lang/Object;)V+41
j  java.awt.EventQueue.access$200(Ljava/awt/EventQueue;Ljava/awt/AWTEvent;Ljava/lang/Object;)V+3
j  java.awt.EventQueue$3.run()Ljava/lang/Void;+12
j  java.awt.EventQueue$3.run()Ljava/lang/Object;+1
v  ~StubRoutines::call_stub
j  java.security.AccessController.doPrivileged(Ljava/security/PrivilegedAction;Ljava/security/AccessControlContext;)Ljava/lang/Object;+0
j  java.security.ProtectionDomain$1.doIntersectionPrivilege(Ljava/security/PrivilegedAction;Ljava/security/AccessControlContext;Ljava/security/AccessControlContext;)Ljava/lang/Object;+28
j  java.security.ProtectionDomain$1.doIntersectionPrivilege(Ljava/security/PrivilegedAction;Ljava/security/AccessControlContext;)Ljava/lang/Object;+6
j  java.awt.EventQueue$4.run()Ljava/lang/Void;+11
j  java.awt.EventQueue$4.run()Ljava/lang/Object;+1
v  ~StubRoutines::call_stub
j  java.security.AccessController.doPrivileged(Ljava/security/PrivilegedAction;Ljava/security/AccessControlContext;)Ljava/lang/Object;+0
j  java.security.ProtectionDomain$1.doIntersectionPrivilege(Ljava/security/PrivilegedAction;Ljava/security/AccessControlContext;Ljava/security/AccessControlContext;)Ljava/lang/Object;+28
j  java.awt.EventQueue.dispatchEvent(Ljava/awt/AWTEvent;)V+73
j  java.awt.EventDispatchThread.pumpOneEventForFilters(I)V+245
j  java.awt.EventDispatchThread.pumpEventsForFilter(ILjava/awt/Conditional;Ljava/awt/EventFilter;)V+35
j  java.awt.EventDispatchThread.pumpEventsForHierarchy(ILjava/awt/Conditional;Ljava/awt/Component;)V+11
j  java.awt.EventDispatchThread.pumpEvents(ILjava/awt/Conditional;)V+4
j  java.awt.EventDispatchThread.pumpEvents(Ljava/awt/Conditional;)V+3
j  java.awt.EventDispatchThread.run()V+9
v  ~StubRoutines::call_stub

---------------  P R O C E S S  ---------------

Java Threads: ( => current thread )
  0x00007f9de2002800 JavaThread "DestroyJavaVM" [_thread_blocked, id=6403, stack(0x0000000108454000,0x0000000108554000)]
=>0x00007f9de2128800 JavaThread "AWT-EventQueue-0" [_thread_in_native, id=52231, stack(0x00000001189ef000,0x0000000118aef000)]
  0x00007f9de1864000 JavaThread "Java2D Disposer" daemon [_thread_blocked, id=48435, stack(0x0000000117417000,0x0000000117517000)]
  0x00007f9de2826000 JavaThread "Java2D Queue Flusher" daemon [_thread_blocked, id=46603, stack(0x00000001166d5000,0x00000001167d5000)]
  0x00007f9de3081800 JavaThread "AWT-Shutdown" [_thread_blocked, id=28683, stack(0x00000001141a8000,0x00000001142a8000)]
  0x00007f9de281f800 JavaThread "AppKit Thread" daemon [_thread_in_native, id=1287, stack(0x00007fff58b80000,0x00007fff58c00000)]
  0x00007f9de3002800 JavaThread "Service Thread" daemon [_thread_blocked, id=19203, stack(0x000000011217f000,0x000000011227f000)]
  0x00007f9de3002000 JavaThread "C2 CompilerThread1" daemon [_thread_blocked, id=18691, stack(0x000000011207c000,0x000000011217c000)]
  0x00007f9de3000000 JavaThread "C2 CompilerThread0" daemon [_thread_blocked, id=18179, stack(0x0000000111f79000,0x0000000112079000)]
  0x00007f9de180a000 JavaThread "Signal Dispatcher" daemon [_thread_blocked, id=17667, stack(0x0000000111e76000,0x0000000111f76000)]
  0x00007f9de280a800 JavaThread "Finalizer" daemon [_thread_blocked, id=12547, stack(0x0000000111c25000,0x0000000111d25000)]
  0x00007f9de2808000 JavaThread "Reference Handler" daemon [_thread_blocked, id=12035, stack(0x0000000111b22000,0x0000000111c22000)]

Other Threads:
  0x00007f9de2807000 VMThread [stack: 0x0000000111a1f000,0x0000000111b1f000] [id=11523]
  0x00007f9de3013800 WatcherThread [stack: 0x0000000112282000,0x0000000112382000] [id=19715]

VM state:not at safepoint (normal execution)

VM Mutex/Monitor currently owned by a thread: None

Heap
 PSYoungGen      total 38912K, used 8934K [0x00000007d5500000, 0x00000007d8000000, 0x0000000800000000)
  eden space 33792K, 26% used [0x00000007d5500000,0x00000007d5db9af8,0x00000007d7600000)
  from space 5120K, 0% used [0x00000007d7b00000,0x00000007d7b00000,0x00000007d8000000)
  to   space 5120K, 0% used [0x00000007d7600000,0x00000007d7600000,0x00000007d7b00000)
 ParOldGen       total 87040K, used 0K [0x0000000780000000, 0x0000000785500000, 0x00000007d5500000)
  object space 87040K, 0% used [0x0000000780000000,0x0000000780000000,0x0000000785500000)
 PSPermGen       total 21504K, used 8586K [0x000000077ae00000, 0x000000077c300000, 0x0000000780000000)
  object space 21504K, 39% used [0x000000077ae00000,0x000000077b662a30,0x000000077c300000)

Card table byte_map: [0x000000010b616000,0x000000010ba40000] byte_map_base: 0x0000000107a3f000

Polling page: 0x0000000107151000

Code Cache  [0x0000000108556000, 0x00000001087c6000, 0x000000010b556000)
 total_blobs=420 nmethods=15 adapters=360 free_code_cache=48626Kb largest_free_block=49773568

Compilation events (10 events):
Event: 0.962 Thread 0x00007f9de3002000   10             java.lang.CharacterData::of (120 bytes)
Event: 0.962 Thread 0x00007f9de3000000   11             java.lang.CharacterDataLatin1::getProperties (11 bytes)
Event: 0.962 Thread 0x00007f9de3000000 nmethod 11 0x00000001085d3250 code [0x00000001085d3380, 0x00000001085d3418]
Event: 0.962 Thread 0x00007f9de3000000   12             java.lang.String::toLowerCase (472 bytes)
Event: 0.962 Thread 0x00007f9de3002000 nmethod 10 0x00000001085d6690 code [0x00000001085d67e0, 0x00000001085d68b8]
Event: 0.962 Thread 0x00007f9de3002000   13             java.lang.Character::toLowerCase (9 bytes)
Event: 0.964 Thread 0x00007f9de3002000 nmethod 13 0x00000001085d7d90 code [0x00000001085d7ee0, 0x00000001085d8038]
Event: 0.964 Thread 0x00007f9de3002000   14             java.lang.CharacterDataLatin1::toLowerCase (39 bytes)
Event: 0.964 Thread 0x00007f9de3002000 nmethod 14 0x00000001085d3490 code [0x00000001085d35c0, 0x00000001085d3678]
Event: 0.988 Thread 0x00007f9de3000000 nmethod 12 0x00000001085dc650 code [0x00000001085dc880, 0x00000001085dd5f0]

GC Heap History (0 events):
No events

Deoptimization events (0 events):
No events

Internal exceptions (10 events):
Event: 0.461 Thread 0x00007f9de2002800 Threw 0x00000007d561fd58 at /HUDSON/workspace/7u-2-build-macosx-x86_64/jdk7u51/527/hotspot/src/share/vm/prims/jvm.cpp:1244
Event: 0.461 Thread 0x00007f9de2002800 Threw 0x00000007d5621118 at /HUDSON/workspace/7u-2-build-macosx-x86_64/jdk7u51/527/hotspot/src/share/vm/prims/jvm.cpp:1244
Event: 0.462 Thread 0x00007f9de2002800 Threw 0x00000007d562d240 at /HUDSON/workspace/7u-2-build-macosx-x86_64/jdk7u51/527/hotspot/src/share/vm/prims/jvm.cpp:1244
Event: 0.463 Thread 0x00007f9de2002800 Threw 0x00000007d562e680 at /HUDSON/workspace/7u-2-build-macosx-x86_64/jdk7u51/527/hotspot/src/share/vm/prims/jvm.cpp:1244
Event: 0.480 Thread 0x00007f9de2002800 Threw 0x00000007d57abcf8 at /HUDSON/workspace/7u-2-build-macosx-x86_64/jdk7u51/527/hotspot/src/share/vm/prims/jvm.cpp:1244
Event: 0.481 Thread 0x00007f9de2002800 Threw 0x00000007d57b15f0 at /HUDSON/workspace/7u-2-build-macosx-x86_64/jdk7u51/527/hotspot/src/share/vm/prims/jvm.cpp:1244
Event: 0.488 Thread 0x00007f9de2002800 Threw 0x00000007d57bd6a0 at /HUDSON/workspace/7u-2-build-macosx-x86_64/jdk7u51/527/hotspot/src/share/vm/prims/jvm.cpp:1244
Event: 1.819 Thread 0x00007f9de2128800 Threw 0x00000007d5d9efa0 at /HUDSON/workspace/7u-2-build-macosx-x86_64/jdk7u51/527/hotspot/src/share/vm/prims/jvm.cpp:1244
Event: 1.820 Thread 0x00007f9de2128800 Threw 0x00000007d5da1ad0 at /HUDSON/workspace/7u-2-build-macosx-x86_64/jdk7u51/527/hotspot/src/share/vm/prims/jvm.cpp:1244
Event: 1.821 Thread 0x00007f9de2128800 Threw 0x00000007d5da6d78 at /HUDSON/workspace/7u-2-build-macosx-x86_64/jdk7u51/527/hotspot/src/share/vm/prims/jvm.cpp:1244

Events (10 events):
Event: 1.819 loading class 0x00007f9de141cf40
Event: 1.819 loading class 0x00007f9de141cf40 done
Event: 1.820 loading class 0x00007f9de1555620
Event: 1.820 loading class 0x00007f9de1555620 done
Event: 1.821 loading class 0x00007f9de163a510
Event: 1.821 loading class 0x00007f9de163a510 done
Event: 1.822 loading class 0x00000001107bfe60
Event: 1.822 loading class 0x00000001107bfe60 done
Event: 1.822 loading class 0x00000001107be650
Event: 1.822 loading class 0x00000001107be650 done


Dynamic libraries:
0x000000000c5cb000 	/System/Library/Frameworks/Cocoa.framework/Versions/A/Cocoa
0x000000000c5cb000 	/System/Library/Frameworks/Security.framework/Versions/A/Security
0x000000000c5cb000 	/System/Library/Frameworks/ApplicationServices.framework/Versions/A/ApplicationServices
0x000000000c5cb000 	/usr/lib/libz.1.dylib
0x000000000c5cb000 	/usr/lib/libSystem.B.dylib
0x000000000c5cb000 	/usr/lib/libobjc.A.dylib
0x000000000c5cb000 	/System/Library/Frameworks/CoreFoundation.framework/Versions/A/CoreFoundation
0x000000000c5cb000 	/System/Library/Frameworks/Foundation.framework/Versions/C/Foundation
0x000000000c5cb000 	/System/Library/Frameworks/AppKit.framework/Versions/C/AppKit
0x000000000c5cb000 	/System/Library/Frameworks/CoreData.framework/Versions/A/CoreData
0x000000000c5cb000 	/System/Library/PrivateFrameworks/RemoteViewServices.framework/Versions/A/RemoteViewServices
0x000000000c5cb000 	/System/Library/Frameworks/AudioToolbox.framework/Versions/A/AudioToolbox
0x000000000c5cb000 	/System/Library/Frameworks/AudioUnit.framework/Versions/A/AudioUnit
0x000000000c5cb000 	/System/Library/PrivateFrameworks/DataDetectorsCore.framework/Versions/A/DataDetectorsCore
0x000000000c5cb000 	/System/Library/PrivateFrameworks/DesktopServicesPriv.framework/Versions/A/DesktopServicesPriv
0x000000000c5cb000 	/System/Library/Frameworks/Carbon.framework/Versions/A/Frameworks/HIToolbox.framework/Versions/A/HIToolbox
0x000000000c5cb000 	/System/Library/Frameworks/QuartzCore.framework/Versions/A/QuartzCore
0x000000000c5cb000 	/System/Library/Frameworks/Carbon.framework/Versions/A/Frameworks/SpeechRecognition.framework/Versions/A/SpeechRecognition
0x000000000c5cb000 	/usr/lib/libauto.dylib
0x000000000c5cb000 	/usr/lib/libicucore.A.dylib
0x000000000c5cb000 	/usr/lib/libxml2.2.dylib
0x000000000c5cb000 	/System/Library/PrivateFrameworks/CoreUI.framework/Versions/A/CoreUI
0x000000000c5cb000 	/System/Library/Frameworks/CoreAudio.framework/Versions/A/CoreAudio
0x000000000c5cb000 	/System/Library/Frameworks/DiskArbitration.framework/Versions/A/DiskArbitration
0x000000000c5cb000 	/usr/lib/liblangid.dylib
0x000000000c5cb000 	/System/Library/PrivateFrameworks/MultitouchSupport.framework/Versions/A/MultitouchSupport
0x000000000c5cb000 	/System/Library/Frameworks/IOKit.framework/Versions/A/IOKit
0x000000000c5cb000 	/usr/lib/libDiagnosticMessagesClient.dylib
0x000000000c5cb000 	/System/Library/Frameworks/CoreServices.framework/Versions/A/CoreServices
0x000000000c5cb000 	/System/Library/PrivateFrameworks/PerformanceAnalysis.framework/Versions/A/PerformanceAnalysis
0x000000000c5cb000 	/System/Library/PrivateFrameworks/GenerationalStorage.framework/Versions/A/GenerationalStorage
0x000000000c5cb000 	/System/Library/Frameworks/OpenGL.framework/Versions/A/OpenGL
0x000000000c5cb000 	/System/Library/PrivateFrameworks/Sharing.framework/Versions/A/Sharing
0x000000000c5cb000 	/System/Library/Frameworks/ImageIO.framework/Versions/A/ImageIO
0x000000000c5cb000 	/System/Library/Frameworks/CoreText.framework/Versions/A/CoreText
0x000000000c5cb000 	/System/Library/Frameworks/CoreGraphics.framework/Versions/A/CoreGraphics
0x000000000c5cb000 	/System/Library/PrivateFrameworks/Backup.framework/Versions/A/Backup
0x000000000c5cb000 	/System/Library/Frameworks/CFNetwork.framework/Versions/A/CFNetwork
0x000000000c5cb000 	/System/Library/Frameworks/SystemConfiguration.framework/Versions/A/SystemConfiguration
0x000000000c5cb000 	/usr/lib/libCRFSuite.dylib
0x000000000c5cb000 	/usr/lib/libc++.1.dylib
0x000000000c5cb000 	/usr/lib/libc++abi.dylib
0x000000000c5cb000 	/usr/lib/system/libcache.dylib
0x000000000c5cb000 	/usr/lib/system/libcommonCrypto.dylib
0x000000000c5cb000 	/usr/lib/system/libcompiler_rt.dylib
0x000000000c5cb000 	/usr/lib/system/libcopyfile.dylib
0x000000000c5cb000 	/usr/lib/system/libcorecrypto.dylib
0x000000000c5cb000 	/usr/lib/system/libdispatch.dylib
0x000000000c5cb000 	/usr/lib/system/libdyld.dylib
0x000000000c5cb000 	/usr/lib/system/libkeymgr.dylib
0x000000000c5cb000 	/usr/lib/system/liblaunch.dylib
0x000000000c5cb000 	/usr/lib/system/libmacho.dylib
0x000000000c5cb000 	/usr/lib/system/libquarantine.dylib
0x000000000c5cb000 	/usr/lib/system/libremovefile.dylib
0x000000000c5cb000 	/usr/lib/system/libsystem_asl.dylib
0x000000000c5cb000 	/usr/lib/system/libsystem_blocks.dylib
0x000000000c5cb000 	/usr/lib/system/libsystem_c.dylib
0x000000000c5cb000 	/usr/lib/system/libsystem_configuration.dylib
0x000000000c5cb000 	/usr/lib/system/libsystem_dnssd.dylib
0x000000000c5cb000 	/usr/lib/system/libsystem_info.dylib
0x000000000c5cb000 	/usr/lib/system/libsystem_kernel.dylib
0x000000000c5cb000 	/usr/lib/system/libsystem_m.dylib
0x000000000c5cb000 	/usr/lib/system/libsystem_malloc.dylib
0x000000000c5cb000 	/usr/lib/system/libsystem_network.dylib
0x000000000c5cb000 	/usr/lib/system/libsystem_notify.dylib
0x000000000c5cb000 	/usr/lib/system/libsystem_platform.dylib
0x000000000c5cb000 	/usr/lib/system/libsystem_pthread.dylib
0x000000000c5cb000 	/usr/lib/system/libsystem_sandbox.dylib
0x000000000c5cb000 	/usr/lib/system/libsystem_stats.dylib
0x000000000c5cb000 	/usr/lib/system/libunc.dylib
0x000000000c5cb000 	/usr/lib/system/libunwind.dylib
0x000000000c5cb000 	/usr/lib/system/libxpc.dylib
0x000000000c5cb000 	/usr/lib/libbsm.0.dylib
0x000000000c5cb000 	/usr/lib/libsqlite3.dylib
0x000000000c5cb000 	/usr/lib/libxar.1.dylib
0x000000000c5cb000 	/usr/lib/libpam.2.dylib
0x000000000c5cb000 	/usr/lib/libOpenScriptingUtil.dylib
0x000000000c5cb000 	/usr/lib/libbz2.1.0.dylib
0x000000000c5cb000 	/System/Library/Frameworks/CoreServices.framework/Versions/A/Frameworks/CarbonCore.framework/Versions/A/CarbonCore
0x000000000c5cb000 	/System/Library/Frameworks/CoreServices.framework/Versions/A/Frameworks/Metadata.framework/Versions/A/Metadata
0x000000000c5cb000 	/System/Library/Frameworks/CoreServices.framework/Versions/A/Frameworks/OSServices.framework/Versions/A/OSServices
0x000000000c5cb000 	/System/Library/Frameworks/CoreServices.framework/Versions/A/Frameworks/SearchKit.framework/Versions/A/SearchKit
0x000000000c5cb000 	/System/Library/Frameworks/CoreServices.framework/Versions/A/Frameworks/AE.framework/Versions/A/AE
0x000000000c5cb000 	/System/Library/Frameworks/CoreServices.framework/Versions/A/Frameworks/LaunchServices.framework/Versions/A/LaunchServices
0x000000000c5cb000 	/System/Library/Frameworks/CoreServices.framework/Versions/A/Frameworks/DictionaryServices.framework/Versions/A/DictionaryServices
0x000000000c5cb000 	/System/Library/Frameworks/NetFS.framework/Versions/A/NetFS
0x000000000c5cb000 	/usr/lib/system/libkxld.dylib
0x000000000c5cb000 	/System/Library/PrivateFrameworks/NetAuth.framework/Versions/A/NetAuth
0x000000000c5cb000 	/System/Library/PrivateFrameworks/TCC.framework/Versions/A/TCC
0x000000000c5cb000 	/System/Library/Frameworks/OpenDirectory.framework/Versions/A/Frameworks/CFOpenDirectory.framework/Versions/A/CFOpenDirectory
0x000000000c5cb000 	/System/Library/Frameworks/ServiceManagement.framework/Versions/A/ServiceManagement
0x000000000c5cb000 	/usr/lib/libxslt.1.dylib
0x000000000c5cb000 	/System/Library/Frameworks/Carbon.framework/Versions/A/Frameworks/Ink.framework/Versions/A/Ink
0x000000000c5cb000 	/System/Library/Frameworks/ApplicationServices.framework/Versions/A/Frameworks/ATS.framework/Versions/A/ATS
0x000000000c5cb000 	/System/Library/Frameworks/ApplicationServices.framework/Versions/A/Frameworks/ColorSync.framework/Versions/A/ColorSync
0x000000000c5cb000 	/System/Library/Frameworks/ApplicationServices.framework/Versions/A/Frameworks/HIServices.framework/Versions/A/HIServices
0x000000000c5cb000 	/System/Library/Frameworks/ApplicationServices.framework/Versions/A/Frameworks/LangAnalysis.framework/Versions/A/LangAnalysis
0x000000000c5cb000 	/System/Library/Frameworks/ApplicationServices.framework/Versions/A/Frameworks/PrintCore.framework/Versions/A/PrintCore
0x000000000c5cb000 	/System/Library/Frameworks/ApplicationServices.framework/Versions/A/Frameworks/QD.framework/Versions/A/QD
0x000000000c5cb000 	/System/Library/Frameworks/ApplicationServices.framework/Versions/A/Frameworks/SpeechSynthesis.framework/Versions/A/SpeechSynthesis
0x000000000c5cb000 	/System/Library/Frameworks/IOSurface.framework/Versions/A/IOSurface
0x000000000c5cb000 	/System/Library/Frameworks/Accelerate.framework/Versions/A/Accelerate
0x000000000c5cb000 	/System/Library/Frameworks/Accelerate.framework/Versions/A/Frameworks/vImage.framework/Versions/A/vImage
0x000000000c5cb000 	/System/Library/Frameworks/Accelerate.framework/Versions/A/Frameworks/vecLib.framework/Versions/A/vecLib
0x000000000c5cb000 	/System/Library/Frameworks/Accelerate.framework/Versions/A/Frameworks/vecLib.framework/Versions/A/libvDSP.dylib
0x000000000c5cb000 	/System/Library/Frameworks/Accelerate.framework/Versions/A/Frameworks/vecLib.framework/Versions/A/libvMisc.dylib
0x000000000c5cb000 	/System/Library/Frameworks/Accelerate.framework/Versions/A/Frameworks/vecLib.framework/Versions/A/libLAPACK.dylib
0x000000000c5cb000 	/System/Library/Frameworks/Accelerate.framework/Versions/A/Frameworks/vecLib.framework/Versions/A/libBLAS.dylib
0x000000000c5cb000 	/System/Library/Frameworks/ApplicationServices.framework/Versions/A/Frameworks/ATS.framework/Versions/A/Resources/libFontParser.dylib
0x000000000c5cb000 	/System/Library/Frameworks/ApplicationServices.framework/Versions/A/Frameworks/ATS.framework/Versions/A/Resources/libFontRegistry.dylib
0x000000000c5cb000 	/System/Library/Frameworks/ImageIO.framework/Versions/A/Resources/libJPEG.dylib
0x000000000c5cb000 	/System/Library/Frameworks/ImageIO.framework/Versions/A/Resources/libTIFF.dylib
0x000000000c5cb000 	/System/Library/Frameworks/ImageIO.framework/Versions/A/Resources/libPng.dylib
0x000000000c5cb000 	/System/Library/Frameworks/ImageIO.framework/Versions/A/Resources/libGIF.dylib
0x000000000c5cb000 	/System/Library/Frameworks/ImageIO.framework/Versions/A/Resources/libJP2.dylib
0x000000000c5cb000 	/System/Library/Frameworks/ImageIO.framework/Versions/A/Resources/libRadiance.dylib
0x000000000c5cb000 	/usr/lib/libcups.2.dylib
0x000000000c5cb000 	/System/Library/Frameworks/Kerberos.framework/Versions/A/Kerberos
0x000000000c5cb000 	/System/Library/Frameworks/GSS.framework/Versions/A/GSS
0x000000000c5cb000 	/usr/lib/libresolv.9.dylib
0x000000000c5cb000 	/usr/lib/libiconv.2.dylib
0x000000000c5cb000 	/System/Library/PrivateFrameworks/Heimdal.framework/Versions/A/Heimdal
0x000000000c5cb000 	/System/Library/PrivateFrameworks/TrustEvaluationAgent.framework/Versions/A/TrustEvaluationAgent
0x000000000c5cb000 	/usr/lib/libheimdal-asn1.dylib
0x000000000c5cb000 	/System/Library/Frameworks/OpenDirectory.framework/Versions/A/OpenDirectory
0x000000000c5cb000 	/System/Library/PrivateFrameworks/CommonAuth.framework/Versions/A/CommonAuth
0x000000000c5cb000 	/System/Library/Frameworks/SecurityFoundation.framework/Versions/A/SecurityFoundation
0x000000000c5cb000 	/System/Library/PrivateFrameworks/Bom.framework/Versions/A/Bom
0x000000000c5cb000 	/System/Library/Frameworks/CoreVideo.framework/Versions/A/CoreVideo
0x000000000c5cb000 	/System/Library/Frameworks/QuartzCore.framework/Versions/A/Frameworks/CoreImage.framework/Versions/A/CoreImage
0x000000000c5cb000 	/System/Library/Frameworks/QuartzCore.framework/Versions/A/Frameworks/ScalableUserInterface.framework/Versions/A/ScalableUserInterface
0x000000000c5cb000 	/System/Library/Frameworks/OpenGL.framework/Versions/A/Libraries/libGLU.dylib
0x000000000c5cb000 	/System/Library/Frameworks/OpenGL.framework/Versions/A/Libraries/libGFXShared.dylib
0x000000000c5cb000 	/System/Library/Frameworks/OpenGL.framework/Versions/A/Libraries/libGL.dylib
0x000000000c5cb000 	/System/Library/Frameworks/OpenGL.framework/Versions/A/Libraries/libGLImage.dylib
0x000000000c5cb000 	/System/Library/Frameworks/OpenGL.framework/Versions/A/Libraries/libCVMSPluginSupport.dylib
0x000000000c5cb000 	/System/Library/Frameworks/OpenGL.framework/Versions/A/Libraries/libCoreVMClient.dylib
0x000000000c5cb000 	/System/Library/PrivateFrameworks/FaceCore.framework/Versions/A/FaceCore
0x000000000c5cb000 	/System/Library/PrivateFrameworks/CrashReporterSupport.framework/Versions/A/CrashReporterSupport
0x000000000c5cb000 	/System/Library/Frameworks/OpenCL.framework/Versions/A/OpenCL
0x000000000c5cb000 	/System/Library/PrivateFrameworks/AppleFSCompression.framework/Versions/A/AppleFSCompression
0x000000000c5cb000 	/System/Library/PrivateFrameworks/Ubiquity.framework/Versions/A/Ubiquity
0x000000000c5cb000 	/System/Library/PrivateFrameworks/IconServices.framework/Versions/A/IconServices
0x000000000c5cb000 	/System/Library/PrivateFrameworks/ChunkingLibrary.framework/Versions/A/ChunkingLibrary
0x000000000c5cb000 	/System/Library/PrivateFrameworks/CoreSymbolication.framework/Versions/A/CoreSymbolication
0x000000000c5cb000 	/System/Library/PrivateFrameworks/Symbolication.framework/Versions/A/Symbolication
0x000000000c5cb000 	/System/Library/PrivateFrameworks/DebugSymbols.framework/Versions/A/DebugSymbols
0x0000000107a00000 	/Library/Java/JavaVirtualMachines/jdk1.7.0_51.jdk/Contents/Home/jre/lib/server/libjvm.dylib
0x000000000c5cb000 	/usr/lib/libstdc++.6.dylib
0x0000000107114000 	/Library/Java/JavaVirtualMachines/jdk1.7.0_51.jdk/Contents/Home/jre/lib/libverify.dylib
0x0000000107121000 	/Library/Java/JavaVirtualMachines/jdk1.7.0_51.jdk/Contents/Home/jre/lib/libjava.dylib
0x000000010715b000 	/Library/Java/JavaVirtualMachines/jdk1.7.0_51.jdk/Contents/Home/jre/lib/libzip.dylib
0x0000000111d27000 	/System/Library/Frameworks/JavaVM.framework/Frameworks/JavaRuntimeSupport.framework/JavaRuntimeSupport
0x0000000111d3f000 	/System/Library/Frameworks/JavaVM.framework/Versions/A/Frameworks/JavaNativeFoundation.framework/Versions/A/JavaNativeFoundation
0x0000000111d54000 	/System/Library/Frameworks/JavaVM.framework/Versions/A/JavaVM
0x000000000c5cb000 	/System/Library/Frameworks/Carbon.framework/Versions/A/Carbon
0x0000000111d61000 	/System/Library/PrivateFrameworks/JavaLaunching.framework/Versions/A/JavaLaunching
0x000000000c5cb000 	/System/Library/Frameworks/Carbon.framework/Versions/A/Frameworks/CommonPanels.framework/Versions/A/CommonPanels
0x000000000c5cb000 	/System/Library/Frameworks/Carbon.framework/Versions/A/Frameworks/Help.framework/Versions/A/Help
0x000000000c5cb000 	/System/Library/Frameworks/Carbon.framework/Versions/A/Frameworks/ImageCapture.framework/Versions/A/ImageCapture
0x000000000c5cb000 	/System/Library/Frameworks/Carbon.framework/Versions/A/Frameworks/OpenScripting.framework/Versions/A/OpenScripting
0x000000000c5cb000 	/System/Library/Frameworks/Carbon.framework/Versions/A/Frameworks/Print.framework/Versions/A/Print
0x000000000c5cb000 	/System/Library/Frameworks/Carbon.framework/Versions/A/Frameworks/SecurityHI.framework/Versions/A/SecurityHI
0x00000001123cf000 	/Library/Java/JavaVirtualMachines/jdk1.7.0_51.jdk/Contents/Home/jre/lib/libawt.dylib
0x000000011247e000 	/Library/Java/JavaVirtualMachines/jdk1.7.0_51.jdk/Contents/Home/jre/lib/./libmlib_image.dylib
0x000000011254a000 	/Library/Java/JavaVirtualMachines/jdk1.7.0_51.jdk/Contents/Home/jre/lib/lwawt/liblwawt.dylib
0x00000001125fe000 	/Library/Java/JavaVirtualMachines/jdk1.7.0_51.jdk/Contents/Home/jre/lib/libosxapp.dylib
0x000000000c5cb000 	/System/Library/Frameworks/ExceptionHandling.framework/Versions/A/ExceptionHandling
0x000000000c5cb000 	/System/Library/PrivateFrameworks/CoreServicesInternal.framework/Versions/A/CoreServicesInternal
0x000000000c5cb000 	/System/Library/PrivateFrameworks/Librarian.framework/Versions/A/Librarian
0x000000000c5cb000 	/System/Library/Frameworks/CoreGraphics.framework/Versions/A/Resources/libCGCMS.A.dylib
0x000000000c5cb000 	/System/Library/Frameworks/CoreGraphics.framework/Versions/A/Resources/libRIP.A.dylib
0x000000000c5cb000 	/System/Library/Frameworks/CoreGraphics.framework/Versions/A/Resources/libCGXType.A.dylib
0x000000000c5cb000 	/System/Library/PrivateFrameworks/FamilyControls.framework/Versions/A/FamilyControls
0x000000000c5cb000 	/System/Library/PrivateFrameworks/CommerceKit.framework/Versions/A/Frameworks/CommerceCore.framework/Versions/A/CommerceCore
0x000000000c5cb000 	/System/Library/PrivateFrameworks/SystemAdministration.framework/Versions/A/SystemAdministration
0x000000000c5cb000 	/System/Library/Frameworks/DirectoryService.framework/Versions/A/DirectoryService
0x000000000c5cb000 	/System/Library/PrivateFrameworks/DiskImages.framework/Versions/A/DiskImages
0x000000000c5cb000 	/System/Library/PrivateFrameworks/LoginUIKit.framework/Versions/A/Frameworks/LoginUICore.framework/Versions/A/LoginUICore
0x000000000c5cb000 	/usr/lib/libCoreStorage.dylib
0x000000000c5cb000 	/usr/lib/libcsfde.dylib
0x000000000c5cb000 	/usr/lib/libodfde.dylib
0x000000000c5cb000 	/System/Library/Frameworks/DiscRecording.framework/Versions/A/DiscRecording
0x000000000c5cb000 	/usr/lib/libcurl.4.dylib
0x000000000c5cb000 	/System/Library/PrivateFrameworks/MediaKit.framework/Versions/A/MediaKit
0x000000000c5cb000 	/System/Library/PrivateFrameworks/EFILogin.framework/Versions/A/EFILogin
0x000000000c5cb000 	/usr/lib/libutil.dylib
0x000000000c5cb000 	/System/Library/PrivateFrameworks/AOSNotification.framework/Versions/A/AOSNotification
0x000000000c5cb000 	/System/Library/Frameworks/LDAP.framework/Versions/A/LDAP
0x000000000c5cb000 	/usr/lib/libsasl2.2.dylib
0x000000000c5cb000 	/usr/lib/libcrypto.0.9.8.dylib
0x000000000c5cb000 	/usr/lib/libssl.0.9.8.dylib
0x000000000c5cb000 	/System/Library/Frameworks/OpenGL.framework/Versions/A/Resources/GLEngine.bundle/GLEngine
0x000000000c5cb000 	/System/Library/Frameworks/OpenGL.framework/Versions/A/Libraries/libGLProgrammability.dylib
0x0000000000000000 	/System/Library/Extensions/AppleIntelHD4000GraphicsGLDriver.bundle/Contents/MacOS/AppleIntelHD4000GraphicsGLDriver
0x000000000c5cb000 	/System/Library/PrivateFrameworks/IOAccelerator.framework/Versions/A/IOAccelerator
0x000000000c5cb000 	/System/Library/PrivateFrameworks/GPUSupport.framework/Versions/A/Libraries/libGPUSupportMercury.dylib
0x000000000c5cb000 	/System/Library/Frameworks/OpenGL.framework/Versions/A/Resources/GLRendererFloat.bundle/GLRendererFloat
0x000000000c5cb000 	/System/Library/Frameworks/OpenCL.framework/Versions/A/Libraries/libcldcpuengine.dylib
0x0000000117519000 	/Library/Java/JavaVirtualMachines/jdk1.7.0_51.jdk/Contents/Home/jre/lib/libfontmanager.dylib
0x0000000113f37000 	/Library/Java/JavaVirtualMachines/jdk1.7.0_51.jdk/Contents/Home/jre/lib/libosxui.dylib
0x00000001191a1000 	/Library/Java/JavaVirtualMachines/jdk1.7.0_51.jdk/Contents/Home/jre/lib/libnet.dylib
0x00000001191fe000 	/Library/Java/JavaVirtualMachines/jdk1.7.0_51.jdk/Contents/Home/jre/lib/libnio.dylib
0x0000000119d60000 	/Users/zalbhathena/Documents/workspace/Thesis-Test-Application/HPA* Program/jni/libsearchalgorithms.dylib

VM Arguments:
jvm_args: -Djava.library.path=/Users/zalbhathena/Documents/workspace/Thesis-Test-Application/HPA* Program/jni -Dfile.encoding=US-ASCII 
java_command: HPAProgram
Launcher Type: SUN_STANDARD

Environment Variables:
PATH=/usr/bin:/bin:/usr/sbin:/sbin
LD_LIBRARY_PATH=src
SHELL=/bin/bash

Signal Handlers:
SIGSEGV: [libjvm.dylib+0x525425], sa_mask[0]=0xfffefeff, sa_flags=0x00000043
SIGBUS: [libjvm.dylib+0x525425], sa_mask[0]=0xfffefeff, sa_flags=0x00000042
SIGFPE: [libjvm.dylib+0x41892a], sa_mask[0]=0xfffefeff, sa_flags=0x00000042
SIGPIPE: [libjvm.dylib+0x41892a], sa_mask[0]=0xfffefeff, sa_flags=0x00000042
SIGXFSZ: [libjvm.dylib+0x41892a], sa_mask[0]=0xfffefeff, sa_flags=0x00000042
SIGILL: [libjvm.dylib+0x41892a], sa_mask[0]=0xfffefeff, sa_flags=0x00000042
SIGUSR1: SIG_DFL, sa_mask[0]=0x00000000, sa_flags=0x00000002
SIGUSR2: [libjvm.dylib+0x41841c], sa_mask[0]=0x00000004, sa_flags=0x00000042
SIGHUP: [libjvm.dylib+0x4166ab], sa_mask[0]=0xfffefeff, sa_flags=0x00000042
SIGINT: [libjvm.dylib+0x4166ab], sa_mask[0]=0xfffefeff, sa_flags=0x00000042
SIGTERM: [libjvm.dylib+0x4166ab], sa_mask[0]=0xfffefeff, sa_flags=0x00000042
SIGQUIT: [libjvm.dylib+0x4166ab], sa_mask[0]=0xfffefeff, sa_flags=0x00000042


---------------  S Y S T E M  ---------------

OS:Bsduname:Darwin 13.0.0 Darwin Kernel Version 13.0.0: Thu Sep 19 22:22:27 PDT 2013; root:xnu-2422.1.72~6/RELEASE_X86_64 x86_64
rlimit: STACK 8192k, CORE 0k, NPROC 709, NOFILE 10240, AS infinity
load average:1.55 1.27 1.23

CPU:total 4 (2 cores per cpu, 2 threads per core) family 6 model 58 stepping 9, cmov, cx8, fxsr, mmx, sse, sse2, sse3, ssse3, sse4.1, sse4.2, popcnt, avx, aes, erms, ht, tsc, tscinvbit, tscinv

Memory: 4k page, physical 8388608k(2097152k free)

/proc/meminfo:


vm_info: Java HotSpot(TM) 64-Bit Server VM (24.51-b03) for bsd-amd64 JRE (1.7.0_51-b13), built on Dec 18 2013 18:45:56 by "java_re" with gcc 4.2.1 (Based on Apple Inc. build 5658) (LLVM build 2336.11.00)

time: Wed Mar  5 16:33:07 2014
elapsed time: 1 seconds

