#
# A fatal error has been detected by the Java Runtime Environment:
#
#  SIGSEGV (0xb) at pc=0x0000000119c38a9e, pid=10610, tid=54279
#
# JRE version: Java(TM) SE Runtime Environment (7.0_51-b13) (build 1.7.0_51-b13)
# Java VM: Java HotSpot(TM) 64-Bit Server VM (24.51-b03 mixed mode bsd-amd64 compressed oops)
# Problematic frame:
# C  [libsearchalgorithms.dylib+0x3ba9e]  create_dcdt(double const*, GsArray<GsVec2>*)+0x16e
#
# Failed to write core dump. Core dumps have been disabled. To enable core dumping, try "ulimit -c unlimited" before starting Java again
#
# If you would like to submit a bug report, please visit:
#   http://bugreport.sun.com/bugreport/crash.jsp
# The crash happened outside the Java Virtual Machine in native code.
# See problematic frame for where to report the bug.
#

---------------  T H R E A D  ---------------

Current thread (0x00007fa7e4141000):  JavaThread "AWT-EventQueue-0" [_thread_in_native, id=54279, stack(0x0000000118d67000,0x0000000118e67000)]

siginfo:si_signo=SIGSEGV: si_errno=0, si_code=1 (SEGV_MAPERR), si_addr=0x0000000119160000

Registers:
RAX=0x000000011915fff8, RBX=0x000000077b65ebb0, RCX=0x000000000017de28, RDX=0x000000000000002a
RSP=0x0000000118e626e0, RBP=0x0000000118e62770, RSI=0x000000000002fbc6, RDI=0x0000000119ddce28
R8 =0x00000000000000a9, R9 =0x0000000000000000, R10=0x0000000106fea000, R11=0x0000000000000206
R12=0x0000000000000000, R13=0x000000077b65ebb0, R14=0x0000000118e64578, R15=0x00007fa7e4141000
RIP=0x0000000119c38a9e, EFLAGS=0x0000000000010202, ERR=0x0000000000000004
  TRAPNO=0x000000000000000e

Top of Stack: (sp=0x0000000118e626e0)
0x0000000118e626e0:   0000000000000000 0000000000000000
0x0000000118e626f0:   0000000000000000 0000000000000000
0x0000000118e62700:   0000000000000000 0000000119ddce28
0x0000000118e62710:   00007fa7e59b2408 0000000000000004
0x0000000118e62720:   0000000800000000 0000000118e644a0
0x0000000118e62730:   0000000118e62750 0000000119c0aff8
0x0000000118e62740:   0000000119c5f000 0003fffe0002fbc6
0x0000000118e62750:   0000000118e62700 000000011915fff8
0x0000000118e62760:   0000000118e644a0 0000000118e62780
0x0000000118e62770:   0000000118e644f0 0000000119c38e41
0x0000000118e62780:   4046000000000000 4046000000000000
0x0000000118e62790:   404f800000000000 4046000000000000
0x0000000118e627a0:   404f800000000000 4052c00000000000
0x0000000118e627b0:   4039000000000000 4053400000000000
0x0000000118e627c0:   4039000000000000 4053400000000000
0x0000000118e627d0:   4050c00000000000 4043000000000000
0x0000000118e627e0:   4051800000000000 4043000000000000
0x0000000118e627f0:   4051800000000000 4055000000000000
0x0000000118e62800:   403e000000000000 4057000000000000
0x0000000118e62810:   403e000000000000 4057000000000000
0x0000000118e62820:   402c000000000000 4040800000000000
0x0000000118e62830:   4031000000000000 4040800000000000
0x0000000118e62840:   4031000000000000 4037000000000000
0x0000000118e62850:   4040800000000000 4042000000000000
0x0000000118e62860:   4040800000000000 4042000000000000
0x0000000118e62870:   4048800000000000 4030000000000000
0x0000000118e62880:   404c000000000000 4030000000000000
0x0000000118e62890:   404c000000000000 4054c00000000000
0x0000000118e628a0:   402a000000000000 4057000000000000
0x0000000118e628b0:   402a000000000000 4057000000000000
0x0000000118e628c0:   4032000000000000 4040800000000000
0x0000000118e628d0:   4033000000000000 4040800000000000 

Instructions: (pc=0x0000000119c38a9e)
0x0000000119c38a7e:   00 e9 48 00 00 00 48 8d 7d d0 e8 45 0b 00 00 48
0x0000000119c38a8e:   89 45 98 e9 00 00 00 00 48 8b 45 e8 f2 0f 10 00
0x0000000119c38a9e:   f2 0f 10 48 08 f2 0f 5a c0 f2 0f 5a c9 48 8b 7d
0x0000000119c38aae:   98 e8 ac 0a 00 00 e9 00 00 00 00 48 8b 45 e8 48 

Register to memory mapping:

RAX=0x000000011915fff8 is an unknown value
RBX=0x000000077b65ebb0 is an oop
{method} 
 - klass: {other class}
RCX=0x000000000017de28 is an unknown value
RDX=0x000000000000002a is an unknown value
RSP=0x0000000118e626e0 is pointing into the stack for thread: 0x00007fa7e4141000
RBP=0x0000000118e62770 is pointing into the stack for thread: 0x00007fa7e4141000
RSI=0x000000000002fbc6 is an unknown value
RDI=0x0000000119ddce28 is an unknown value
R8 =0x00000000000000a9 is an unknown value
R9 =0x0000000000000000 is an unknown value
R10=0x0000000106fea000 is an unknown value
R11=0x0000000000000206 is an unknown value
R12=0x0000000000000000 is an unknown value
R13=0x000000077b65ebb0 is an oop
{method} 
 - klass: {other class}
R14=0x0000000118e64578 is pointing into the stack for thread: 0x00007fa7e4141000
R15=0x00007fa7e4141000 is a thread


Stack: [0x0000000118d67000,0x0000000118e67000],  sp=0x0000000118e626e0,  free space=1005k
Native frames: (J=compiled Java code, j=interpreted, Vv=VM code, C=native code)
C  [libsearchalgorithms.dylib+0x3ba9e]  create_dcdt(double const*, GsArray<GsVec2>*)+0x16e
C  [libsearchalgorithms.dylib+0x3be41]  Java_SearchAlgorithms_getTriangulation+0x161
j  SearchAlgorithms.getTriangulation([D)[D+0
j  SearchAlgorithms.getTriangulation(Ljava/util/ArrayList;)Ljava/util/Set;+179
j  TriangulationSpaceManager.<init>(Ljava/util/ArrayList;II)V+31
j  MapModel.startPathfinding(Ljava/lang/String;IZ)V+26
j  MapWindowController.actionPerformed(Ljava/awt/event/ActionEvent;)V+31
j  javax.swing.AbstractButton.fireActionPerformed(Ljava/awt/event/ActionEvent;)V+84
j  javax.swing.AbstractButton$Handler.actionPerformed(Ljava/awt/event/ActionEvent;)V+5
j  javax.swing.DefaultButtonModel.fireActionPerformed(Ljava/awt/event/ActionEvent;)V+35
j  javax.swing.DefaultButtonModel.setPressed(Z)V+117
j  javax.swing.plaf.basic.BasicButtonListener.mouseReleased(Ljava/awt/event/MouseEvent;)V+35
j  java.awt.Component.processMouseEvent(Ljava/awt/event/MouseEvent;)V+64
j  javax.swing.JComponent.processMouseEvent(Ljava/awt/event/MouseEvent;)V+23
j  java.awt.Component.processEvent(Ljava/awt/AWTEvent;)V+81
j  java.awt.Container.processEvent(Ljava/awt/AWTEvent;)V+18
j  java.awt.Component.dispatchEventImpl(Ljava/awt/AWTEvent;)V+581
j  java.awt.Container.dispatchEventImpl(Ljava/awt/AWTEvent;)V+42
j  java.awt.Component.dispatchEvent(Ljava/awt/AWTEvent;)V+2
j  java.awt.LightweightDispatcher.retargetMouseEvent(Ljava/awt/Component;ILjava/awt/event/MouseEvent;)V+327
j  java.awt.LightweightDispatcher.processMouseEvent(Ljava/awt/event/MouseEvent;)Z+139
j  java.awt.LightweightDispatcher.dispatchEvent(Ljava/awt/AWTEvent;)Z+50
j  java.awt.Container.dispatchEventImpl(Ljava/awt/AWTEvent;)V+12
j  java.awt.Window.dispatchEventImpl(Ljava/awt/AWTEvent;)V+19
j  java.awt.Component.dispatchEvent(Ljava/awt/AWTEvent;)V+2
j  java.awt.EventQueue.dispatchEventImpl(Ljava/awt/AWTEvent;Ljava/lang/Object;)V+41
j  java.awt.EventQueue.access$200(Ljava/awt/EventQueue;Ljava/awt/AWTEvent;Ljava/lang/Object;)V+3
j  java.awt.EventQueue$3.run()Ljava/lang/Void;+12
j  java.awt.EventQueue$3.run()Ljava/lang/Object;+1
v  ~StubRoutines::call_stub
V  [libjvm.dylib+0x2d6bb0]  JavaCalls::call_helper(JavaValue*, methodHandle*, JavaCallArguments*, Thread*)+0x22a
V  [libjvm.dylib+0x2d6980]  JavaCalls::call(JavaValue*, methodHandle, JavaCallArguments*, Thread*)+0x28
V  [libjvm.dylib+0x32a264]  JVM_DoPrivileged+0x411
j  java.security.AccessController.doPrivileged(Ljava/security/PrivilegedAction;Ljava/security/AccessControlContext;)Ljava/lang/Object;+0
j  java.security.ProtectionDomain$1.doIntersectionPrivilege(Ljava/security/PrivilegedAction;Ljava/security/AccessControlContext;Ljava/security/AccessControlContext;)Ljava/lang/Object;+28
j  java.security.ProtectionDomain$1.doIntersectionPrivilege(Ljava/security/PrivilegedAction;Ljava/security/AccessControlContext;)Ljava/lang/Object;+6
j  java.awt.EventQueue$4.run()Ljava/lang/Void;+11
j  java.awt.EventQueue$4.run()Ljava/lang/Object;+1
v  ~StubRoutines::call_stub
V  [libjvm.dylib+0x2d6bb0]  JavaCalls::call_helper(JavaValue*, methodHandle*, JavaCallArguments*, Thread*)+0x22a
V  [libjvm.dylib+0x2d6980]  JavaCalls::call(JavaValue*, methodHandle, JavaCallArguments*, Thread*)+0x28
V  [libjvm.dylib+0x32a264]  JVM_DoPrivileged+0x411
j  java.security.AccessController.doPrivileged(Ljava/security/PrivilegedAction;Ljava/security/AccessControlContext;)Ljava/lang/Object;+0
j  java.security.ProtectionDomain$1.doIntersectionPrivilege(Ljava/security/PrivilegedAction;Ljava/security/AccessControlContext;Ljava/security/AccessControlContext;)Ljava/lang/Object;+28
j  java.awt.EventQueue.dispatchEvent(Ljava/awt/AWTEvent;)V+73
j  java.awt.EventDispatchThread.pumpOneEventForFilters(I)V+245
j  java.awt.EventDispatchThread.pumpEventsForFilter(ILjava/awt/Conditional;Ljava/awt/EventFilter;)V+35
j  java.awt.EventDispatchThread.pumpEventsForHierarchy(ILjava/awt/Conditional;Ljava/awt/Component;)V+11
j  java.awt.EventDispatchThread.pumpEvents(ILjava/awt/Conditional;)V+4
j  java.awt.EventDispatchThread.pumpEvents(Ljava/awt/Conditional;)V+3
j  java.awt.EventDispatchThread.run()V+9
v  ~StubRoutines::call_stub
V  [libjvm.dylib+0x2d6bb0]  JavaCalls::call_helper(JavaValue*, methodHandle*, JavaCallArguments*, Thread*)+0x22a
V  [libjvm.dylib+0x2d70c7]  JavaCalls::call_virtual(JavaValue*, KlassHandle, Symbol*, Symbol*, JavaCallArguments*, Thread*)+0x11b
V  [libjvm.dylib+0x2d7204]  JavaCalls::call_virtual(JavaValue*, Handle, KlassHandle, Symbol*, Symbol*, Thread*)+0x4a
V  [libjvm.dylib+0x3261ea]  thread_entry(JavaThread*, Thread*)+0xad
V  [libjvm.dylib+0x4efb57]  JavaThread::thread_main_inner()+0x9b
V  [libjvm.dylib+0x4f125f]  JavaThread::run()+0x1a3
V  [libjvm.dylib+0x41b1d6]  java_start(Thread*)+0x126
C  [libsystem_pthread.dylib+0x1899]  _pthread_body+0x8a
C  [libsystem_pthread.dylib+0x172a]  _pthread_struct_init+0x0
C  [libsystem_pthread.dylib+0x5fc9]  thread_start+0xd

Java frames: (J=compiled Java code, j=interpreted, Vv=VM code)
j  SearchAlgorithms.getTriangulation([D)[D+0
j  SearchAlgorithms.getTriangulation(Ljava/util/ArrayList;)Ljava/util/Set;+179
j  TriangulationSpaceManager.<init>(Ljava/util/ArrayList;II)V+31
j  MapModel.startPathfinding(Ljava/lang/String;IZ)V+26
j  MapWindowController.actionPerformed(Ljava/awt/event/ActionEvent;)V+31
j  javax.swing.AbstractButton.fireActionPerformed(Ljava/awt/event/ActionEvent;)V+84
j  javax.swing.AbstractButton$Handler.actionPerformed(Ljava/awt/event/ActionEvent;)V+5
j  javax.swing.DefaultButtonModel.fireActionPerformed(Ljava/awt/event/ActionEvent;)V+35
j  javax.swing.DefaultButtonModel.setPressed(Z)V+117
j  javax.swing.plaf.basic.BasicButtonListener.mouseReleased(Ljava/awt/event/MouseEvent;)V+35
j  java.awt.Component.processMouseEvent(Ljava/awt/event/MouseEvent;)V+64
j  javax.swing.JComponent.processMouseEvent(Ljava/awt/event/MouseEvent;)V+23
j  java.awt.Component.processEvent(Ljava/awt/AWTEvent;)V+81
j  java.awt.Container.processEvent(Ljava/awt/AWTEvent;)V+18
j  java.awt.Component.dispatchEventImpl(Ljava/awt/AWTEvent;)V+581
j  java.awt.Container.dispatchEventImpl(Ljava/awt/AWTEvent;)V+42
j  java.awt.Component.dispatchEvent(Ljava/awt/AWTEvent;)V+2
j  java.awt.LightweightDispatcher.retargetMouseEvent(Ljava/awt/Component;ILjava/awt/event/MouseEvent;)V+327
j  java.awt.LightweightDispatcher.processMouseEvent(Ljava/awt/event/MouseEvent;)Z+139
j  java.awt.LightweightDispatcher.dispatchEvent(Ljava/awt/AWTEvent;)Z+50
j  java.awt.Container.dispatchEventImpl(Ljava/awt/AWTEvent;)V+12
j  java.awt.Window.dispatchEventImpl(Ljava/awt/AWTEvent;)V+19
j  java.awt.Component.dispatchEvent(Ljava/awt/AWTEvent;)V+2
j  java.awt.EventQueue.dispatchEventImpl(Ljava/awt/AWTEvent;Ljava/lang/Object;)V+41
j  java.awt.EventQueue.access$200(Ljava/awt/EventQueue;Ljava/awt/AWTEvent;Ljava/lang/Object;)V+3
j  java.awt.EventQueue$3.run()Ljava/lang/Void;+12
j  java.awt.EventQueue$3.run()Ljava/lang/Object;+1
v  ~StubRoutines::call_stub
j  java.security.AccessController.doPrivileged(Ljava/security/PrivilegedAction;Ljava/security/AccessControlContext;)Ljava/lang/Object;+0
j  java.security.ProtectionDomain$1.doIntersectionPrivilege(Ljava/security/PrivilegedAction;Ljava/security/AccessControlContext;Ljava/security/AccessControlContext;)Ljava/lang/Object;+28
j  java.security.ProtectionDomain$1.doIntersectionPrivilege(Ljava/security/PrivilegedAction;Ljava/security/AccessControlContext;)Ljava/lang/Object;+6
j  java.awt.EventQueue$4.run()Ljava/lang/Void;+11
j  java.awt.EventQueue$4.run()Ljava/lang/Object;+1
v  ~StubRoutines::call_stub
j  java.security.AccessController.doPrivileged(Ljava/security/PrivilegedAction;Ljava/security/AccessControlContext;)Ljava/lang/Object;+0
j  java.security.ProtectionDomain$1.doIntersectionPrivilege(Ljava/security/PrivilegedAction;Ljava/security/AccessControlContext;Ljava/security/AccessControlContext;)Ljava/lang/Object;+28
j  java.awt.EventQueue.dispatchEvent(Ljava/awt/AWTEvent;)V+73
j  java.awt.EventDispatchThread.pumpOneEventForFilters(I)V+245
j  java.awt.EventDispatchThread.pumpEventsForFilter(ILjava/awt/Conditional;Ljava/awt/EventFilter;)V+35
j  java.awt.EventDispatchThread.pumpEventsForHierarchy(ILjava/awt/Conditional;Ljava/awt/Component;)V+11
j  java.awt.EventDispatchThread.pumpEvents(ILjava/awt/Conditional;)V+4
j  java.awt.EventDispatchThread.pumpEvents(Ljava/awt/Conditional;)V+3
j  java.awt.EventDispatchThread.run()V+9
v  ~StubRoutines::call_stub

---------------  P R O C E S S  ---------------

Java Threads: ( => current thread )
  0x00007fa7e400f000 JavaThread "DestroyJavaVM" [_thread_blocked, id=6403, stack(0x0000000106e6f000,0x0000000106f6f000)]
=>0x00007fa7e4141000 JavaThread "AWT-EventQueue-0" [_thread_in_native, id=54279, stack(0x0000000118d67000,0x0000000118e67000)]
  0x00007fa7e40ba800 JavaThread "Java2D Disposer" daemon [_thread_blocked, id=42051, stack(0x00000001177a0000,0x00000001178a0000)]
  0x00007fa7e405e800 JavaThread "Java2D Queue Flusher" daemon [_thread_blocked, id=41483, stack(0x0000000116a9e000,0x0000000116b9e000)]
  0x00007fa7e5887000 JavaThread "AWT-Shutdown" [_thread_blocked, id=26383, stack(0x0000000113aba000,0x0000000113bba000)]
  0x00007fa7e5882000 JavaThread "AppKit Thread" daemon [_thread_in_native, id=1287, stack(0x00007fff58e26000,0x00007fff58ea6000)]
  0x00007fa7e4843000 JavaThread "Service Thread" daemon [_thread_blocked, id=19203, stack(0x0000000111ed9000,0x0000000111fd9000)]
  0x00007fa7e4842800 JavaThread "C2 CompilerThread1" daemon [_thread_blocked, id=18691, stack(0x0000000111dd6000,0x0000000111ed6000)]
  0x00007fa7e4840800 JavaThread "C2 CompilerThread0" daemon [_thread_blocked, id=18179, stack(0x0000000111cd3000,0x0000000111dd3000)]
  0x00007fa7e4801000 JavaThread "Signal Dispatcher" daemon [_thread_blocked, id=17667, stack(0x0000000111bd0000,0x0000000111cd0000)]
  0x00007fa7e4023800 JavaThread "Finalizer" daemon [_thread_blocked, id=12547, stack(0x0000000111994000,0x0000000111a94000)]
  0x00007fa7e5800000 JavaThread "Reference Handler" daemon [_thread_blocked, id=12035, stack(0x0000000111891000,0x0000000111991000)]

Other Threads:
  0x00007fa7e4021000 VMThread [stack: 0x000000011178e000,0x000000011188e000] [id=11523]
  0x00007fa7e483e000 WatcherThread [stack: 0x0000000111fdc000,0x00000001120dc000] [id=19715]

VM state:not at safepoint (normal execution)

VM Mutex/Monitor currently owned by a thread: None

Heap
 PSYoungGen      total 38912K, used 8934K [0x00000007d5500000, 0x00000007d8000000, 0x0000000800000000)
  eden space 33792K, 26% used [0x00000007d5500000,0x00000007d5db9ad0,0x00000007d7600000)
  from space 5120K, 0% used [0x00000007d7b00000,0x00000007d7b00000,0x00000007d8000000)
  to   space 5120K, 0% used [0x00000007d7600000,0x00000007d7600000,0x00000007d7b00000)
 ParOldGen       total 87040K, used 0K [0x0000000780000000, 0x0000000785500000, 0x00000007d5500000)
  object space 87040K, 0% used [0x0000000780000000,0x0000000780000000,0x0000000785500000)
 PSPermGen       total 21504K, used 8577K [0x000000077ae00000, 0x000000077c300000, 0x0000000780000000)
  object space 21504K, 39% used [0x000000077ae00000,0x000000077b660518,0x000000077c300000)

Card table byte_map: [0x000000010b313000,0x000000010b73d000] byte_map_base: 0x000000010773c000

Polling page: 0x0000000106fae000

Code Cache  [0x0000000108253000, 0x00000001084c3000, 0x000000010b253000)
 total_blobs=420 nmethods=15 adapters=360 free_code_cache=48626Kb largest_free_block=49777728

Compilation events (10 events):
Event: 3.803 Thread 0x00007fa7e4842800   10             java.lang.CharacterData::of (120 bytes)
Event: 3.803 Thread 0x00007fa7e4840800   11             java.lang.CharacterDataLatin1::getProperties (11 bytes)
Event: 3.803 Thread 0x00007fa7e4840800 nmethod 11 0x00000001082d1690 code [0x00000001082d17c0, 0x00000001082d1858]
Event: 3.803 Thread 0x00007fa7e4842800 nmethod 10 0x00000001082d1350 code [0x00000001082d14a0, 0x00000001082d1578]
Event: 3.804 Thread 0x00007fa7e4840800   12             java.lang.String::toLowerCase (472 bytes)
Event: 3.804 Thread 0x00007fa7e4842800   13             java.lang.Character::toLowerCase (9 bytes)
Event: 3.805 Thread 0x00007fa7e4842800 nmethod 13 0x00000001082d2fd0 code [0x00000001082d3120, 0x00000001082d3278]
Event: 3.805 Thread 0x00007fa7e4842800   14             java.lang.CharacterDataLatin1::toLowerCase (39 bytes)
Event: 3.805 Thread 0x00007fa7e4842800 nmethod 14 0x00000001082d2c90 code [0x00000001082d2dc0, 0x00000001082d2e78]
Event: 3.831 Thread 0x00007fa7e4840800 nmethod 12 0x00000001082d8610 code [0x00000001082d8840, 0x00000001082d95b0]

GC Heap History (0 events):
No events

Deoptimization events (0 events):
No events

Internal exceptions (10 events):
Event: 3.319 Thread 0x00007fa7e400f000 Threw 0x00000007d561fd78 at /HUDSON/workspace/7u-2-build-macosx-x86_64/jdk7u51/527/hotspot/src/share/vm/prims/jvm.cpp:1244
Event: 3.319 Thread 0x00007fa7e400f000 Threw 0x00000007d5621138 at /HUDSON/workspace/7u-2-build-macosx-x86_64/jdk7u51/527/hotspot/src/share/vm/prims/jvm.cpp:1244
Event: 3.321 Thread 0x00007fa7e400f000 Threw 0x00000007d562d2c0 at /HUDSON/workspace/7u-2-build-macosx-x86_64/jdk7u51/527/hotspot/src/share/vm/prims/jvm.cpp:1244
Event: 3.321 Thread 0x00007fa7e400f000 Threw 0x00000007d562e700 at /HUDSON/workspace/7u-2-build-macosx-x86_64/jdk7u51/527/hotspot/src/share/vm/prims/jvm.cpp:1244
Event: 3.339 Thread 0x00007fa7e400f000 Threw 0x00000007d57abb88 at /HUDSON/workspace/7u-2-build-macosx-x86_64/jdk7u51/527/hotspot/src/share/vm/prims/jvm.cpp:1244
Event: 3.339 Thread 0x00007fa7e400f000 Threw 0x00000007d57b15c8 at /HUDSON/workspace/7u-2-build-macosx-x86_64/jdk7u51/527/hotspot/src/share/vm/prims/jvm.cpp:1244
Event: 3.346 Thread 0x00007fa7e400f000 Threw 0x00000007d57bd788 at /HUDSON/workspace/7u-2-build-macosx-x86_64/jdk7u51/527/hotspot/src/share/vm/prims/jvm.cpp:1244
Event: 4.840 Thread 0x00007fa7e4141000 Threw 0x00000007d5d97668 at /HUDSON/workspace/7u-2-build-macosx-x86_64/jdk7u51/527/hotspot/src/share/vm/prims/jvm.cpp:1244
Event: 4.844 Thread 0x00007fa7e4141000 Threw 0x00000007d5d9f4a0 at /HUDSON/workspace/7u-2-build-macosx-x86_64/jdk7u51/527/hotspot/src/share/vm/prims/jvm.cpp:1244
Event: 4.844 Thread 0x00007fa7e4141000 Threw 0x00000007d5da2da0 at /HUDSON/workspace/7u-2-build-macosx-x86_64/jdk7u51/527/hotspot/src/share/vm/prims/jvm.cpp:1244

Events (10 events):
Event: 4.095 Executing VM operation: EnableBiasedLocking
Event: 4.095 Executing VM operation: EnableBiasedLocking done
Event: 4.840 loading class 0x00007fa7e3f07160
Event: 4.840 loading class 0x00007fa7e3f07160 done
Event: 4.844 loading class 0x00007fa7e3c6a550
Event: 4.844 loading class 0x00007fa7e3c6a550 done
Event: 4.844 loading class 0x00007fa7e644b460
Event: 4.844 loading class 0x00007fa7e644b460 done
Event: 4.845 loading class 0x000000011050d650
Event: 4.845 loading class 0x000000011050d650 done


Dynamic libraries:
0x0000000009253000 	/System/Library/Frameworks/Cocoa.framework/Versions/A/Cocoa
0x0000000009253000 	/System/Library/Frameworks/Security.framework/Versions/A/Security
0x0000000009253000 	/System/Library/Frameworks/ApplicationServices.framework/Versions/A/ApplicationServices
0x0000000009253000 	/usr/lib/libz.1.dylib
0x0000000009253000 	/usr/lib/libSystem.B.dylib
0x0000000009253000 	/usr/lib/libobjc.A.dylib
0x0000000009253000 	/System/Library/Frameworks/CoreFoundation.framework/Versions/A/CoreFoundation
0x0000000009253000 	/System/Library/Frameworks/Foundation.framework/Versions/C/Foundation
0x0000000009253000 	/System/Library/Frameworks/AppKit.framework/Versions/C/AppKit
0x0000000009253000 	/System/Library/Frameworks/CoreData.framework/Versions/A/CoreData
0x0000000009253000 	/System/Library/PrivateFrameworks/RemoteViewServices.framework/Versions/A/RemoteViewServices
0x0000000009253000 	/System/Library/Frameworks/AudioToolbox.framework/Versions/A/AudioToolbox
0x0000000009253000 	/System/Library/Frameworks/AudioUnit.framework/Versions/A/AudioUnit
0x0000000009253000 	/System/Library/PrivateFrameworks/DataDetectorsCore.framework/Versions/A/DataDetectorsCore
0x0000000009253000 	/System/Library/PrivateFrameworks/DesktopServicesPriv.framework/Versions/A/DesktopServicesPriv
0x0000000009253000 	/System/Library/Frameworks/Carbon.framework/Versions/A/Frameworks/HIToolbox.framework/Versions/A/HIToolbox
0x0000000009253000 	/System/Library/Frameworks/QuartzCore.framework/Versions/A/QuartzCore
0x0000000009253000 	/System/Library/Frameworks/Carbon.framework/Versions/A/Frameworks/SpeechRecognition.framework/Versions/A/SpeechRecognition
0x0000000009253000 	/usr/lib/libauto.dylib
0x0000000009253000 	/usr/lib/libicucore.A.dylib
0x0000000009253000 	/usr/lib/libxml2.2.dylib
0x0000000009253000 	/System/Library/PrivateFrameworks/CoreUI.framework/Versions/A/CoreUI
0x0000000009253000 	/System/Library/Frameworks/CoreAudio.framework/Versions/A/CoreAudio
0x0000000009253000 	/System/Library/Frameworks/DiskArbitration.framework/Versions/A/DiskArbitration
0x0000000009253000 	/usr/lib/liblangid.dylib
0x0000000009253000 	/System/Library/PrivateFrameworks/MultitouchSupport.framework/Versions/A/MultitouchSupport
0x0000000009253000 	/System/Library/Frameworks/IOKit.framework/Versions/A/IOKit
0x0000000009253000 	/usr/lib/libDiagnosticMessagesClient.dylib
0x0000000009253000 	/System/Library/Frameworks/CoreServices.framework/Versions/A/CoreServices
0x0000000009253000 	/System/Library/PrivateFrameworks/PerformanceAnalysis.framework/Versions/A/PerformanceAnalysis
0x0000000009253000 	/System/Library/PrivateFrameworks/GenerationalStorage.framework/Versions/A/GenerationalStorage
0x0000000009253000 	/System/Library/Frameworks/OpenGL.framework/Versions/A/OpenGL
0x0000000009253000 	/System/Library/PrivateFrameworks/Sharing.framework/Versions/A/Sharing
0x0000000009253000 	/System/Library/Frameworks/ImageIO.framework/Versions/A/ImageIO
0x0000000009253000 	/System/Library/Frameworks/CoreText.framework/Versions/A/CoreText
0x0000000009253000 	/System/Library/Frameworks/CoreGraphics.framework/Versions/A/CoreGraphics
0x0000000009253000 	/System/Library/PrivateFrameworks/Backup.framework/Versions/A/Backup
0x0000000009253000 	/System/Library/Frameworks/CFNetwork.framework/Versions/A/CFNetwork
0x0000000009253000 	/System/Library/Frameworks/SystemConfiguration.framework/Versions/A/SystemConfiguration
0x0000000009253000 	/usr/lib/libCRFSuite.dylib
0x0000000009253000 	/usr/lib/libc++.1.dylib
0x0000000009253000 	/usr/lib/libc++abi.dylib
0x0000000009253000 	/usr/lib/system/libcache.dylib
0x0000000009253000 	/usr/lib/system/libcommonCrypto.dylib
0x0000000009253000 	/usr/lib/system/libcompiler_rt.dylib
0x0000000009253000 	/usr/lib/system/libcopyfile.dylib
0x0000000009253000 	/usr/lib/system/libcorecrypto.dylib
0x0000000009253000 	/usr/lib/system/libdispatch.dylib
0x0000000009253000 	/usr/lib/system/libdyld.dylib
0x0000000009253000 	/usr/lib/system/libkeymgr.dylib
0x0000000009253000 	/usr/lib/system/liblaunch.dylib
0x0000000009253000 	/usr/lib/system/libmacho.dylib
0x0000000009253000 	/usr/lib/system/libquarantine.dylib
0x0000000009253000 	/usr/lib/system/libremovefile.dylib
0x0000000009253000 	/usr/lib/system/libsystem_asl.dylib
0x0000000009253000 	/usr/lib/system/libsystem_blocks.dylib
0x0000000009253000 	/usr/lib/system/libsystem_c.dylib
0x0000000009253000 	/usr/lib/system/libsystem_configuration.dylib
0x0000000009253000 	/usr/lib/system/libsystem_dnssd.dylib
0x0000000009253000 	/usr/lib/system/libsystem_info.dylib
0x0000000009253000 	/usr/lib/system/libsystem_kernel.dylib
0x0000000009253000 	/usr/lib/system/libsystem_m.dylib
0x0000000009253000 	/usr/lib/system/libsystem_malloc.dylib
0x0000000009253000 	/usr/lib/system/libsystem_network.dylib
0x0000000009253000 	/usr/lib/system/libsystem_notify.dylib
0x0000000009253000 	/usr/lib/system/libsystem_platform.dylib
0x0000000009253000 	/usr/lib/system/libsystem_pthread.dylib
0x0000000009253000 	/usr/lib/system/libsystem_sandbox.dylib
0x0000000009253000 	/usr/lib/system/libsystem_stats.dylib
0x0000000009253000 	/usr/lib/system/libunc.dylib
0x0000000009253000 	/usr/lib/system/libunwind.dylib
0x0000000009253000 	/usr/lib/system/libxpc.dylib
0x0000000009253000 	/usr/lib/libbsm.0.dylib
0x0000000009253000 	/usr/lib/libsqlite3.dylib
0x0000000009253000 	/usr/lib/libxar.1.dylib
0x0000000009253000 	/usr/lib/libpam.2.dylib
0x0000000009253000 	/usr/lib/libOpenScriptingUtil.dylib
0x0000000009253000 	/usr/lib/libbz2.1.0.dylib
0x0000000009253000 	/System/Library/Frameworks/CoreServices.framework/Versions/A/Frameworks/CarbonCore.framework/Versions/A/CarbonCore
0x0000000009253000 	/System/Library/Frameworks/CoreServices.framework/Versions/A/Frameworks/Metadata.framework/Versions/A/Metadata
0x0000000009253000 	/System/Library/Frameworks/CoreServices.framework/Versions/A/Frameworks/OSServices.framework/Versions/A/OSServices
0x0000000009253000 	/System/Library/Frameworks/CoreServices.framework/Versions/A/Frameworks/SearchKit.framework/Versions/A/SearchKit
0x0000000009253000 	/System/Library/Frameworks/CoreServices.framework/Versions/A/Frameworks/AE.framework/Versions/A/AE
0x0000000009253000 	/System/Library/Frameworks/CoreServices.framework/Versions/A/Frameworks/LaunchServices.framework/Versions/A/LaunchServices
0x0000000009253000 	/System/Library/Frameworks/CoreServices.framework/Versions/A/Frameworks/DictionaryServices.framework/Versions/A/DictionaryServices
0x0000000009253000 	/System/Library/Frameworks/NetFS.framework/Versions/A/NetFS
0x0000000009253000 	/usr/lib/system/libkxld.dylib
0x0000000009253000 	/System/Library/PrivateFrameworks/NetAuth.framework/Versions/A/NetAuth
0x0000000009253000 	/System/Library/PrivateFrameworks/TCC.framework/Versions/A/TCC
0x0000000009253000 	/System/Library/Frameworks/OpenDirectory.framework/Versions/A/Frameworks/CFOpenDirectory.framework/Versions/A/CFOpenDirectory
0x0000000009253000 	/System/Library/Frameworks/ServiceManagement.framework/Versions/A/ServiceManagement
0x0000000009253000 	/usr/lib/libxslt.1.dylib
0x0000000009253000 	/System/Library/Frameworks/Carbon.framework/Versions/A/Frameworks/Ink.framework/Versions/A/Ink
0x0000000009253000 	/System/Library/Frameworks/ApplicationServices.framework/Versions/A/Frameworks/ATS.framework/Versions/A/ATS
0x0000000009253000 	/System/Library/Frameworks/ApplicationServices.framework/Versions/A/Frameworks/ColorSync.framework/Versions/A/ColorSync
0x0000000009253000 	/System/Library/Frameworks/ApplicationServices.framework/Versions/A/Frameworks/HIServices.framework/Versions/A/HIServices
0x0000000009253000 	/System/Library/Frameworks/ApplicationServices.framework/Versions/A/Frameworks/LangAnalysis.framework/Versions/A/LangAnalysis
0x0000000009253000 	/System/Library/Frameworks/ApplicationServices.framework/Versions/A/Frameworks/PrintCore.framework/Versions/A/PrintCore
0x0000000009253000 	/System/Library/Frameworks/ApplicationServices.framework/Versions/A/Frameworks/QD.framework/Versions/A/QD
0x0000000009253000 	/System/Library/Frameworks/ApplicationServices.framework/Versions/A/Frameworks/SpeechSynthesis.framework/Versions/A/SpeechSynthesis
0x0000000009253000 	/System/Library/Frameworks/IOSurface.framework/Versions/A/IOSurface
0x0000000009253000 	/System/Library/Frameworks/Accelerate.framework/Versions/A/Accelerate
0x0000000009253000 	/System/Library/Frameworks/Accelerate.framework/Versions/A/Frameworks/vImage.framework/Versions/A/vImage
0x0000000009253000 	/System/Library/Frameworks/Accelerate.framework/Versions/A/Frameworks/vecLib.framework/Versions/A/vecLib
0x0000000009253000 	/System/Library/Frameworks/Accelerate.framework/Versions/A/Frameworks/vecLib.framework/Versions/A/libvDSP.dylib
0x0000000009253000 	/System/Library/Frameworks/Accelerate.framework/Versions/A/Frameworks/vecLib.framework/Versions/A/libvMisc.dylib
0x0000000009253000 	/System/Library/Frameworks/Accelerate.framework/Versions/A/Frameworks/vecLib.framework/Versions/A/libLAPACK.dylib
0x0000000009253000 	/System/Library/Frameworks/Accelerate.framework/Versions/A/Frameworks/vecLib.framework/Versions/A/libBLAS.dylib
0x0000000009253000 	/System/Library/Frameworks/ApplicationServices.framework/Versions/A/Frameworks/ATS.framework/Versions/A/Resources/libFontParser.dylib
0x0000000009253000 	/System/Library/Frameworks/ApplicationServices.framework/Versions/A/Frameworks/ATS.framework/Versions/A/Resources/libFontRegistry.dylib
0x0000000009253000 	/System/Library/Frameworks/ImageIO.framework/Versions/A/Resources/libJPEG.dylib
0x0000000009253000 	/System/Library/Frameworks/ImageIO.framework/Versions/A/Resources/libTIFF.dylib
0x0000000009253000 	/System/Library/Frameworks/ImageIO.framework/Versions/A/Resources/libPng.dylib
0x0000000009253000 	/System/Library/Frameworks/ImageIO.framework/Versions/A/Resources/libGIF.dylib
0x0000000009253000 	/System/Library/Frameworks/ImageIO.framework/Versions/A/Resources/libJP2.dylib
0x0000000009253000 	/System/Library/Frameworks/ImageIO.framework/Versions/A/Resources/libRadiance.dylib
0x0000000009253000 	/usr/lib/libcups.2.dylib
0x0000000009253000 	/System/Library/Frameworks/Kerberos.framework/Versions/A/Kerberos
0x0000000009253000 	/System/Library/Frameworks/GSS.framework/Versions/A/GSS
0x0000000009253000 	/usr/lib/libresolv.9.dylib
0x0000000009253000 	/usr/lib/libiconv.2.dylib
0x0000000009253000 	/System/Library/PrivateFrameworks/Heimdal.framework/Versions/A/Heimdal
0x0000000009253000 	/System/Library/PrivateFrameworks/TrustEvaluationAgent.framework/Versions/A/TrustEvaluationAgent
0x0000000009253000 	/usr/lib/libheimdal-asn1.dylib
0x0000000009253000 	/System/Library/Frameworks/OpenDirectory.framework/Versions/A/OpenDirectory
0x0000000009253000 	/System/Library/PrivateFrameworks/CommonAuth.framework/Versions/A/CommonAuth
0x0000000009253000 	/System/Library/Frameworks/SecurityFoundation.framework/Versions/A/SecurityFoundation
0x0000000009253000 	/System/Library/PrivateFrameworks/Bom.framework/Versions/A/Bom
0x0000000009253000 	/System/Library/Frameworks/CoreVideo.framework/Versions/A/CoreVideo
0x0000000009253000 	/System/Library/Frameworks/QuartzCore.framework/Versions/A/Frameworks/CoreImage.framework/Versions/A/CoreImage
0x0000000009253000 	/System/Library/Frameworks/QuartzCore.framework/Versions/A/Frameworks/ScalableUserInterface.framework/Versions/A/ScalableUserInterface
0x0000000009253000 	/System/Library/Frameworks/OpenGL.framework/Versions/A/Libraries/libGLU.dylib
0x0000000009253000 	/System/Library/Frameworks/OpenGL.framework/Versions/A/Libraries/libGFXShared.dylib
0x0000000009253000 	/System/Library/Frameworks/OpenGL.framework/Versions/A/Libraries/libGL.dylib
0x0000000009253000 	/System/Library/Frameworks/OpenGL.framework/Versions/A/Libraries/libGLImage.dylib
0x0000000009253000 	/System/Library/Frameworks/OpenGL.framework/Versions/A/Libraries/libCVMSPluginSupport.dylib
0x0000000009253000 	/System/Library/Frameworks/OpenGL.framework/Versions/A/Libraries/libCoreVMClient.dylib
0x0000000009253000 	/System/Library/PrivateFrameworks/FaceCore.framework/Versions/A/FaceCore
0x0000000009253000 	/System/Library/PrivateFrameworks/CrashReporterSupport.framework/Versions/A/CrashReporterSupport
0x0000000009253000 	/System/Library/Frameworks/OpenCL.framework/Versions/A/OpenCL
0x0000000009253000 	/System/Library/PrivateFrameworks/AppleFSCompression.framework/Versions/A/AppleFSCompression
0x0000000009253000 	/System/Library/PrivateFrameworks/Ubiquity.framework/Versions/A/Ubiquity
0x0000000009253000 	/System/Library/PrivateFrameworks/IconServices.framework/Versions/A/IconServices
0x0000000009253000 	/System/Library/PrivateFrameworks/ChunkingLibrary.framework/Versions/A/ChunkingLibrary
0x0000000009253000 	/System/Library/PrivateFrameworks/CoreSymbolication.framework/Versions/A/CoreSymbolication
0x0000000009253000 	/System/Library/PrivateFrameworks/Symbolication.framework/Versions/A/Symbolication
0x0000000009253000 	/System/Library/PrivateFrameworks/DebugSymbols.framework/Versions/A/DebugSymbols
0x0000000107800000 	/Library/Java/JavaVirtualMachines/jdk1.7.0_51.jdk/Contents/Home/jre/lib/server/libjvm.dylib
0x0000000009253000 	/usr/lib/libstdc++.6.dylib
0x0000000106f71000 	/Library/Java/JavaVirtualMachines/jdk1.7.0_51.jdk/Contents/Home/jre/lib/libverify.dylib
0x0000000106f7e000 	/Library/Java/JavaVirtualMachines/jdk1.7.0_51.jdk/Contents/Home/jre/lib/libjava.dylib
0x0000000106fb8000 	/Library/Java/JavaVirtualMachines/jdk1.7.0_51.jdk/Contents/Home/jre/lib/libzip.dylib
0x0000000111a96000 	/System/Library/Frameworks/JavaVM.framework/Frameworks/JavaRuntimeSupport.framework/JavaRuntimeSupport
0x0000000106feb000 	/System/Library/Frameworks/JavaVM.framework/Versions/A/Frameworks/JavaNativeFoundation.framework/Versions/A/JavaNativeFoundation
0x0000000111aae000 	/System/Library/Frameworks/JavaVM.framework/Versions/A/JavaVM
0x0000000009253000 	/System/Library/Frameworks/Carbon.framework/Versions/A/Carbon
0x0000000111abb000 	/System/Library/PrivateFrameworks/JavaLaunching.framework/Versions/A/JavaLaunching
0x0000000009253000 	/System/Library/Frameworks/Carbon.framework/Versions/A/Frameworks/CommonPanels.framework/Versions/A/CommonPanels
0x0000000009253000 	/System/Library/Frameworks/Carbon.framework/Versions/A/Frameworks/Help.framework/Versions/A/Help
0x0000000009253000 	/System/Library/Frameworks/Carbon.framework/Versions/A/Frameworks/ImageCapture.framework/Versions/A/ImageCapture
0x0000000009253000 	/System/Library/Frameworks/Carbon.framework/Versions/A/Frameworks/OpenScripting.framework/Versions/A/OpenScripting
0x0000000009253000 	/System/Library/Frameworks/Carbon.framework/Versions/A/Frameworks/Print.framework/Versions/A/Print
0x0000000009253000 	/System/Library/Frameworks/Carbon.framework/Versions/A/Frameworks/SecurityHI.framework/Versions/A/SecurityHI
0x0000000112129000 	/Library/Java/JavaVirtualMachines/jdk1.7.0_51.jdk/Contents/Home/jre/lib/libawt.dylib
0x00000001121d8000 	/Library/Java/JavaVirtualMachines/jdk1.7.0_51.jdk/Contents/Home/jre/lib/./libmlib_image.dylib
0x00000001122a4000 	/Library/Java/JavaVirtualMachines/jdk1.7.0_51.jdk/Contents/Home/jre/lib/lwawt/liblwawt.dylib
0x0000000112358000 	/Library/Java/JavaVirtualMachines/jdk1.7.0_51.jdk/Contents/Home/jre/lib/libosxapp.dylib
0x0000000009253000 	/System/Library/Frameworks/ExceptionHandling.framework/Versions/A/ExceptionHandling
0x0000000009253000 	/System/Library/PrivateFrameworks/CoreServicesInternal.framework/Versions/A/CoreServicesInternal
0x0000000009253000 	/System/Library/PrivateFrameworks/Librarian.framework/Versions/A/Librarian
0x0000000009253000 	/System/Library/Frameworks/CoreGraphics.framework/Versions/A/Resources/libCGCMS.A.dylib
0x0000000009253000 	/System/Library/Frameworks/CoreGraphics.framework/Versions/A/Resources/libRIP.A.dylib
0x0000000009253000 	/System/Library/Frameworks/CoreGraphics.framework/Versions/A/Resources/libCGXType.A.dylib
0x0000000009253000 	/System/Library/PrivateFrameworks/FamilyControls.framework/Versions/A/FamilyControls
0x0000000009253000 	/System/Library/PrivateFrameworks/CommerceKit.framework/Versions/A/Frameworks/CommerceCore.framework/Versions/A/CommerceCore
0x0000000009253000 	/System/Library/PrivateFrameworks/SystemAdministration.framework/Versions/A/SystemAdministration
0x0000000009253000 	/System/Library/Frameworks/DirectoryService.framework/Versions/A/DirectoryService
0x0000000009253000 	/System/Library/PrivateFrameworks/DiskImages.framework/Versions/A/DiskImages
0x0000000009253000 	/System/Library/PrivateFrameworks/LoginUIKit.framework/Versions/A/Frameworks/LoginUICore.framework/Versions/A/LoginUICore
0x0000000009253000 	/usr/lib/libCoreStorage.dylib
0x0000000009253000 	/usr/lib/libcsfde.dylib
0x0000000009253000 	/usr/lib/libodfde.dylib
0x0000000009253000 	/System/Library/Frameworks/DiscRecording.framework/Versions/A/DiscRecording
0x0000000009253000 	/usr/lib/libcurl.4.dylib
0x0000000009253000 	/System/Library/PrivateFrameworks/MediaKit.framework/Versions/A/MediaKit
0x0000000009253000 	/System/Library/PrivateFrameworks/EFILogin.framework/Versions/A/EFILogin
0x0000000009253000 	/usr/lib/libutil.dylib
0x0000000009253000 	/System/Library/PrivateFrameworks/AOSNotification.framework/Versions/A/AOSNotification
0x0000000009253000 	/System/Library/Frameworks/LDAP.framework/Versions/A/LDAP
0x0000000009253000 	/usr/lib/libsasl2.2.dylib
0x0000000009253000 	/usr/lib/libcrypto.0.9.8.dylib
0x0000000009253000 	/usr/lib/libssl.0.9.8.dylib
0x0000000009253000 	/System/Library/Frameworks/OpenGL.framework/Versions/A/Resources/GLEngine.bundle/GLEngine
0x0000000009253000 	/System/Library/Frameworks/OpenGL.framework/Versions/A/Libraries/libGLProgrammability.dylib
0x0000000000000000 	/System/Library/Extensions/AppleIntelHD4000GraphicsGLDriver.bundle/Contents/MacOS/AppleIntelHD4000GraphicsGLDriver
0x0000000009253000 	/System/Library/PrivateFrameworks/IOAccelerator.framework/Versions/A/IOAccelerator
0x0000000009253000 	/System/Library/PrivateFrameworks/GPUSupport.framework/Versions/A/Libraries/libGPUSupportMercury.dylib
0x0000000009253000 	/System/Library/Frameworks/OpenGL.framework/Versions/A/Resources/GLRendererFloat.bundle/GLRendererFloat
0x0000000009253000 	/System/Library/Frameworks/OpenCL.framework/Versions/A/Libraries/libcldcpuengine.dylib
0x00000001178a2000 	/Library/Java/JavaVirtualMachines/jdk1.7.0_51.jdk/Contents/Home/jre/lib/libfontmanager.dylib
0x00000001149e0000 	/Library/Java/JavaVirtualMachines/jdk1.7.0_51.jdk/Contents/Home/jre/lib/libosxui.dylib
0x0000000119045000 	/Library/Java/JavaVirtualMachines/jdk1.7.0_51.jdk/Contents/Home/jre/lib/libnet.dylib
0x00000001190a2000 	/Library/Java/JavaVirtualMachines/jdk1.7.0_51.jdk/Contents/Home/jre/lib/libnio.dylib
0x0000000119bfd000 	/Users/zalbhathena/Documents/workspace/Thesis-Test-Application/HPA* Program/jni/libsearchalgorithms.dylib

VM Arguments:
jvm_args: -Djava.library.path=/Users/zalbhathena/Documents/workspace/Thesis-Test-Application/HPA* Program/jni -Dfile.encoding=US-ASCII 
java_command: HPAProgram
Launcher Type: SUN_STANDARD

Environment Variables:
PATH=/usr/bin:/bin:/usr/sbin:/sbin
LD_LIBRARY_PATH=src
SHELL=/bin/bash

Signal Handlers:
SIGSEGV: [libjvm.dylib+0x525425], sa_mask[0]=0xfffefeff, sa_flags=0x00000043
SIGBUS: [libjvm.dylib+0x525425], sa_mask[0]=0xfffefeff, sa_flags=0x00000042
SIGFPE: [libjvm.dylib+0x41892a], sa_mask[0]=0xfffefeff, sa_flags=0x00000042
SIGPIPE: [libjvm.dylib+0x41892a], sa_mask[0]=0xfffefeff, sa_flags=0x00000042
SIGXFSZ: [libjvm.dylib+0x41892a], sa_mask[0]=0xfffefeff, sa_flags=0x00000042
SIGILL: [libjvm.dylib+0x41892a], sa_mask[0]=0xfffefeff, sa_flags=0x00000042
SIGUSR1: SIG_DFL, sa_mask[0]=0x00000000, sa_flags=0x00000002
SIGUSR2: [libjvm.dylib+0x41841c], sa_mask[0]=0x00000004, sa_flags=0x00000042
SIGHUP: [libjvm.dylib+0x4166ab], sa_mask[0]=0xfffefeff, sa_flags=0x00000042
SIGINT: [libjvm.dylib+0x4166ab], sa_mask[0]=0xfffefeff, sa_flags=0x00000042
SIGTERM: [libjvm.dylib+0x4166ab], sa_mask[0]=0xfffefeff, sa_flags=0x00000042
SIGQUIT: [libjvm.dylib+0x4166ab], sa_mask[0]=0xfffefeff, sa_flags=0x00000042


---------------  S Y S T E M  ---------------

OS:Bsduname:Darwin 13.0.0 Darwin Kernel Version 13.0.0: Thu Sep 19 22:22:27 PDT 2013; root:xnu-2422.1.72~6/RELEASE_X86_64 x86_64
rlimit: STACK 8192k, CORE 0k, NPROC 709, NOFILE 10240, AS infinity
load average:1.17 1.13 1.21

CPU:total 4 (2 cores per cpu, 2 threads per core) family 6 model 58 stepping 9, cmov, cx8, fxsr, mmx, sse, sse2, sse3, ssse3, sse4.1, sse4.2, popcnt, avx, aes, erms, ht, tsc, tscinvbit, tscinv

Memory: 4k page, physical 8388608k(2097152k free)

/proc/meminfo:


vm_info: Java HotSpot(TM) 64-Bit Server VM (24.51-b03) for bsd-amd64 JRE (1.7.0_51-b13), built on Dec 18 2013 18:45:56 by "java_re" with gcc 4.2.1 (Based on Apple Inc. build 5658) (LLVM build 2336.11.00)

time: Mon Feb 10 00:26:31 2014
elapsed time: 4 seconds

