#
# A fatal error has been detected by the Java Runtime Environment:
#
#  SIGSEGV (0xb) at pc=0x0000000119f6909a, pid=899, tid=51983
#
# JRE version: Java(TM) SE Runtime Environment (7.0_51-b13) (build 1.7.0_51-b13)
# Java VM: Java HotSpot(TM) 64-Bit Server VM (24.51-b03 mixed mode bsd-amd64 compressed oops)
# Problematic frame:
# C  [libsearchalgorithms.dylib+0x3a09a]  create_dcdt(double const*, GsArray<GsVec2>*)+0x12a
#
# Failed to write core dump. Core dumps have been disabled. To enable core dumping, try "ulimit -c unlimited" before starting Java again
#
# If you would like to submit a bug report, please visit:
#   http://bugreport.sun.com/bugreport/crash.jsp
# The crash happened outside the Java Virtual Machine in native code.
# See problematic frame for where to report the bug.
#

---------------  T H R E A D  ---------------

Current thread (0x00007f8f2c891000):  JavaThread "AWT-EventQueue-0" [_thread_in_native, id=51983, stack(0x0000000118c2b000,0x0000000118d2b000)]

siginfo:si_signo=SIGSEGV: si_errno=0, si_code=1 (SEGV_MAPERR), si_addr=0x000000011916c000

Registers:
RAX=0x000000011916c000, RBX=0x000000077b65ef40, RCX=0x0000000000223a30, RDX=0x000000000000000d
RSP=0x0000000118d24a60, RBP=0x0000000118d24af0, RSI=0x0000000000044747, RDI=0x000000011a1b2a30
R8 =0x00000000000000a9, R9 =0x0000000000000000, R10=0x00000001073f4000, R11=0x0000000000000206
R12=0x0000000000000000, R13=0x000000077b65ef40, R14=0x0000000118d28530, R15=0x00007f8f2c891000
RIP=0x0000000119f6909a, EFLAGS=0x0000000000010206, ERR=0x0000000000000004
  TRAPNO=0x000000000000000e

Top of Stack: (sp=0x0000000118d24a60)
0x0000000118d24a60:   000000005272c90c 00007fff91914000
0x0000000118d24a70:   00007fff919144d0 000000005272c8ff
0x0000000118d24a80:   00000001939c1000 000000011a1b2a30
0x0000000118d24a90:   00007f8f2acd0718 00000000887c8000
0x0000000118d24aa0:   0000000800000000 0000000118d28450
0x0000000118d24ab0:   0000000118d24ad0 0000000119f3cf08
0x0000000118d24ac0:   0000000119f8f000 0007fffe00044747
0x0000000118d24ad0:   0000000118d24a00 000000011916c000
0x0000000118d24ae0:   0000000118d28450 0000000118d24b00
0x0000000118d24af0:   0000000118d284a0 0000000119f693e9
0x0000000118d24b00:   0000000000000000 0000000000000000
0x0000000118d24b10:   4079000000000000 0000000000000000
0x0000000118d24b20:   4079000000000000 4079000000000000
0x0000000118d24b30:   0000000000000000 4079000000000000
0x0000000118d24b40:   c0c81ccccccccccd 4062800000000000
0x0000000118d24b50:   4063000000000000 4063000000000000
0x0000000118d24b60:   4063000000000000 4063000000000000
0x0000000118d24b70:   4066000000000000 4062800000000000
0x0000000118d24b80:   4066000000000000 c0c81ccccccccccd
0x0000000118d24b90:   4062a00000000000 4063200000000000
0x0000000118d24ba0:   4062e00000000000 4063200000000000
0x0000000118d24bb0:   4062e00000000000 4065e00000000000
0x0000000118d24bc0:   4062a00000000000 4065e00000000000
0x0000000118d24bd0:   0000000000000000 4073000000000000
0x0000000118d24be0:   4060800000000000 4074800000000000
0x0000000118d24bf0:   4060800000000000 4074800000000000
0x0000000118d24c00:   4070800000000000 4073000000000000
0x0000000118d24c10:   4070800000000000 c0c81ccccccccccd
0x0000000118d24c20:   4073100000000000 4060a00000000000
0x0000000118d24c30:   4074700000000000 4060a00000000000
0x0000000118d24c40:   4074700000000000 4070700000000000
0x0000000118d24c50:   4073100000000000 4070700000000000 

Instructions: (pc=0x0000000119f6909a)
0x0000000119f6907a:   8d 7d d0 31 f6 e8 ae 0a 00 00 e9 00 00 00 00 e9
0x0000000119f6908a:   00 00 00 00 f2 0f 10 05 6a 19 00 00 48 8b 45 e8
0x0000000119f6909a:   f2 0f 10 08 66 0f 2e c8 0f 85 0b 00 00 00 0f 8a
0x0000000119f690aa:   05 00 00 00 e9 48 00 00 00 48 8d 7d d0 e8 70 0a 

Register to memory mapping:

RAX=0x000000011916c000 is an unknown value
RBX=0x000000077b65ef40 is an oop
{method} 
 - klass: {other class}
RCX=0x0000000000223a30 is an unknown value
RDX=0x000000000000000d is an unknown value
RSP=0x0000000118d24a60 is pointing into the stack for thread: 0x00007f8f2c891000
RBP=0x0000000118d24af0 is pointing into the stack for thread: 0x00007f8f2c891000
RSI=0x0000000000044747 is an unknown value
RDI=0x000000011a1b2a30 is an unknown value
R8 =0x00000000000000a9 is an unknown value
R9 =0x0000000000000000 is an unknown value
R10=0x00000001073f4000 is an unknown value
R11=0x0000000000000206 is an unknown value
R12=0x0000000000000000 is an unknown value
R13=0x000000077b65ef40 is an oop
{method} 
 - klass: {other class}
R14=0x0000000118d28530 is pointing into the stack for thread: 0x00007f8f2c891000
R15=0x00007f8f2c891000 is a thread


Stack: [0x0000000118c2b000,0x0000000118d2b000],  sp=0x0000000118d24a60,  free space=998k
Native frames: (J=compiled Java code, j=interpreted, Vv=VM code, C=native code)
C  [libsearchalgorithms.dylib+0x3a09a]  create_dcdt(double const*, GsArray<GsVec2>*)+0x12a
C  [libsearchalgorithms.dylib+0x3a3e9]  Java_SearchAlgorithms_getTriangulation+0xd9
j  SearchAlgorithms.getTriangulation([D)[D+0
j  SearchAlgorithms.getTriangulation(Ljava/awt/Rectangle;Ljava/util/ArrayList;)Ljava/util/Set;+565
j  TriangulationSpaceManager.<init>(Ljava/util/ArrayList;II)V+46
j  MapModel.startPathfinding(Ljava/lang/String;IZ)V+26
j  MapWindowController.actionPerformed(Ljava/awt/event/ActionEvent;)V+31
j  javax.swing.AbstractButton.fireActionPerformed(Ljava/awt/event/ActionEvent;)V+84
j  javax.swing.AbstractButton$Handler.actionPerformed(Ljava/awt/event/ActionEvent;)V+5
j  javax.swing.DefaultButtonModel.fireActionPerformed(Ljava/awt/event/ActionEvent;)V+35
j  javax.swing.DefaultButtonModel.setPressed(Z)V+117
j  javax.swing.plaf.basic.BasicButtonListener.mouseReleased(Ljava/awt/event/MouseEvent;)V+35
j  java.awt.Component.processMouseEvent(Ljava/awt/event/MouseEvent;)V+64
j  javax.swing.JComponent.processMouseEvent(Ljava/awt/event/MouseEvent;)V+23
j  java.awt.Component.processEvent(Ljava/awt/AWTEvent;)V+81
j  java.awt.Container.processEvent(Ljava/awt/AWTEvent;)V+18
j  java.awt.Component.dispatchEventImpl(Ljava/awt/AWTEvent;)V+581
j  java.awt.Container.dispatchEventImpl(Ljava/awt/AWTEvent;)V+42
j  java.awt.Component.dispatchEvent(Ljava/awt/AWTEvent;)V+2
j  java.awt.LightweightDispatcher.retargetMouseEvent(Ljava/awt/Component;ILjava/awt/event/MouseEvent;)V+327
j  java.awt.LightweightDispatcher.processMouseEvent(Ljava/awt/event/MouseEvent;)Z+139
j  java.awt.LightweightDispatcher.dispatchEvent(Ljava/awt/AWTEvent;)Z+50
j  java.awt.Container.dispatchEventImpl(Ljava/awt/AWTEvent;)V+12
j  java.awt.Window.dispatchEventImpl(Ljava/awt/AWTEvent;)V+19
j  java.awt.Component.dispatchEvent(Ljava/awt/AWTEvent;)V+2
j  java.awt.EventQueue.dispatchEventImpl(Ljava/awt/AWTEvent;Ljava/lang/Object;)V+41
j  java.awt.EventQueue.access$200(Ljava/awt/EventQueue;Ljava/awt/AWTEvent;Ljava/lang/Object;)V+3
j  java.awt.EventQueue$3.run()Ljava/lang/Void;+12
j  java.awt.EventQueue$3.run()Ljava/lang/Object;+1
v  ~StubRoutines::call_stub
V  [libjvm.dylib+0x2d6bb0]  JavaCalls::call_helper(JavaValue*, methodHandle*, JavaCallArguments*, Thread*)+0x22a
V  [libjvm.dylib+0x2d6980]  JavaCalls::call(JavaValue*, methodHandle, JavaCallArguments*, Thread*)+0x28
V  [libjvm.dylib+0x32a264]  JVM_DoPrivileged+0x411
j  java.security.AccessController.doPrivileged(Ljava/security/PrivilegedAction;Ljava/security/AccessControlContext;)Ljava/lang/Object;+0
j  java.security.ProtectionDomain$1.doIntersectionPrivilege(Ljava/security/PrivilegedAction;Ljava/security/AccessControlContext;Ljava/security/AccessControlContext;)Ljava/lang/Object;+28
j  java.security.ProtectionDomain$1.doIntersectionPrivilege(Ljava/security/PrivilegedAction;Ljava/security/AccessControlContext;)Ljava/lang/Object;+6
j  java.awt.EventQueue$4.run()Ljava/lang/Void;+11
j  java.awt.EventQueue$4.run()Ljava/lang/Object;+1
v  ~StubRoutines::call_stub
V  [libjvm.dylib+0x2d6bb0]  JavaCalls::call_helper(JavaValue*, methodHandle*, JavaCallArguments*, Thread*)+0x22a
V  [libjvm.dylib+0x2d6980]  JavaCalls::call(JavaValue*, methodHandle, JavaCallArguments*, Thread*)+0x28
V  [libjvm.dylib+0x32a264]  JVM_DoPrivileged+0x411
j  java.security.AccessController.doPrivileged(Ljava/security/PrivilegedAction;Ljava/security/AccessControlContext;)Ljava/lang/Object;+0
j  java.security.ProtectionDomain$1.doIntersectionPrivilege(Ljava/security/PrivilegedAction;Ljava/security/AccessControlContext;Ljava/security/AccessControlContext;)Ljava/lang/Object;+28
j  java.awt.EventQueue.dispatchEvent(Ljava/awt/AWTEvent;)V+73
j  java.awt.EventDispatchThread.pumpOneEventForFilters(I)V+245
j  java.awt.EventDispatchThread.pumpEventsForFilter(ILjava/awt/Conditional;Ljava/awt/EventFilter;)V+35
j  java.awt.EventDispatchThread.pumpEventsForHierarchy(ILjava/awt/Conditional;Ljava/awt/Component;)V+11
j  java.awt.EventDispatchThread.pumpEvents(ILjava/awt/Conditional;)V+4
j  java.awt.EventDispatchThread.pumpEvents(Ljava/awt/Conditional;)V+3
j  java.awt.EventDispatchThread.run()V+9
v  ~StubRoutines::call_stub
V  [libjvm.dylib+0x2d6bb0]  JavaCalls::call_helper(JavaValue*, methodHandle*, JavaCallArguments*, Thread*)+0x22a
V  [libjvm.dylib+0x2d70c7]  JavaCalls::call_virtual(JavaValue*, KlassHandle, Symbol*, Symbol*, JavaCallArguments*, Thread*)+0x11b
V  [libjvm.dylib+0x2d7204]  JavaCalls::call_virtual(JavaValue*, Handle, KlassHandle, Symbol*, Symbol*, Thread*)+0x4a
V  [libjvm.dylib+0x3261ea]  thread_entry(JavaThread*, Thread*)+0xad
V  [libjvm.dylib+0x4efb57]  JavaThread::thread_main_inner()+0x9b
V  [libjvm.dylib+0x4f125f]  JavaThread::run()+0x1a3
V  [libjvm.dylib+0x41b1d6]  java_start(Thread*)+0x126
C  [libsystem_pthread.dylib+0x1899]  _pthread_body+0x8a
C  [libsystem_pthread.dylib+0x172a]  _pthread_struct_init+0x0
C  [libsystem_pthread.dylib+0x5fc9]  thread_start+0xd

Java frames: (J=compiled Java code, j=interpreted, Vv=VM code)
j  SearchAlgorithms.getTriangulation([D)[D+0
j  SearchAlgorithms.getTriangulation(Ljava/awt/Rectangle;Ljava/util/ArrayList;)Ljava/util/Set;+565
j  TriangulationSpaceManager.<init>(Ljava/util/ArrayList;II)V+46
j  MapModel.startPathfinding(Ljava/lang/String;IZ)V+26
j  MapWindowController.actionPerformed(Ljava/awt/event/ActionEvent;)V+31
j  javax.swing.AbstractButton.fireActionPerformed(Ljava/awt/event/ActionEvent;)V+84
j  javax.swing.AbstractButton$Handler.actionPerformed(Ljava/awt/event/ActionEvent;)V+5
j  javax.swing.DefaultButtonModel.fireActionPerformed(Ljava/awt/event/ActionEvent;)V+35
j  javax.swing.DefaultButtonModel.setPressed(Z)V+117
j  javax.swing.plaf.basic.BasicButtonListener.mouseReleased(Ljava/awt/event/MouseEvent;)V+35
j  java.awt.Component.processMouseEvent(Ljava/awt/event/MouseEvent;)V+64
j  javax.swing.JComponent.processMouseEvent(Ljava/awt/event/MouseEvent;)V+23
j  java.awt.Component.processEvent(Ljava/awt/AWTEvent;)V+81
j  java.awt.Container.processEvent(Ljava/awt/AWTEvent;)V+18
j  java.awt.Component.dispatchEventImpl(Ljava/awt/AWTEvent;)V+581
j  java.awt.Container.dispatchEventImpl(Ljava/awt/AWTEvent;)V+42
j  java.awt.Component.dispatchEvent(Ljava/awt/AWTEvent;)V+2
j  java.awt.LightweightDispatcher.retargetMouseEvent(Ljava/awt/Component;ILjava/awt/event/MouseEvent;)V+327
j  java.awt.LightweightDispatcher.processMouseEvent(Ljava/awt/event/MouseEvent;)Z+139
j  java.awt.LightweightDispatcher.dispatchEvent(Ljava/awt/AWTEvent;)Z+50
j  java.awt.Container.dispatchEventImpl(Ljava/awt/AWTEvent;)V+12
j  java.awt.Window.dispatchEventImpl(Ljava/awt/AWTEvent;)V+19
j  java.awt.Component.dispatchEvent(Ljava/awt/AWTEvent;)V+2
j  java.awt.EventQueue.dispatchEventImpl(Ljava/awt/AWTEvent;Ljava/lang/Object;)V+41
j  java.awt.EventQueue.access$200(Ljava/awt/EventQueue;Ljava/awt/AWTEvent;Ljava/lang/Object;)V+3
j  java.awt.EventQueue$3.run()Ljava/lang/Void;+12
j  java.awt.EventQueue$3.run()Ljava/lang/Object;+1
v  ~StubRoutines::call_stub
j  java.security.AccessController.doPrivileged(Ljava/security/PrivilegedAction;Ljava/security/AccessControlContext;)Ljava/lang/Object;+0
j  java.security.ProtectionDomain$1.doIntersectionPrivilege(Ljava/security/PrivilegedAction;Ljava/security/AccessControlContext;Ljava/security/AccessControlContext;)Ljava/lang/Object;+28
j  java.security.ProtectionDomain$1.doIntersectionPrivilege(Ljava/security/PrivilegedAction;Ljava/security/AccessControlContext;)Ljava/lang/Object;+6
j  java.awt.EventQueue$4.run()Ljava/lang/Void;+11
j  java.awt.EventQueue$4.run()Ljava/lang/Object;+1
v  ~StubRoutines::call_stub
j  java.security.AccessController.doPrivileged(Ljava/security/PrivilegedAction;Ljava/security/AccessControlContext;)Ljava/lang/Object;+0
j  java.security.ProtectionDomain$1.doIntersectionPrivilege(Ljava/security/PrivilegedAction;Ljava/security/AccessControlContext;Ljava/security/AccessControlContext;)Ljava/lang/Object;+28
j  java.awt.EventQueue.dispatchEvent(Ljava/awt/AWTEvent;)V+73
j  java.awt.EventDispatchThread.pumpOneEventForFilters(I)V+245
j  java.awt.EventDispatchThread.pumpEventsForFilter(ILjava/awt/Conditional;Ljava/awt/EventFilter;)V+35
j  java.awt.EventDispatchThread.pumpEventsForHierarchy(ILjava/awt/Conditional;Ljava/awt/Component;)V+11
j  java.awt.EventDispatchThread.pumpEvents(ILjava/awt/Conditional;)V+4
j  java.awt.EventDispatchThread.pumpEvents(Ljava/awt/Conditional;)V+3
j  java.awt.EventDispatchThread.run()V+9
v  ~StubRoutines::call_stub

---------------  P R O C E S S  ---------------

Java Threads: ( => current thread )
  0x00007f8f2c001800 JavaThread "DestroyJavaVM" [_thread_blocked, id=6403, stack(0x0000000108654000,0x0000000108754000)]
=>0x00007f8f2c891000 JavaThread "AWT-EventQueue-0" [_thread_in_native, id=51983, stack(0x0000000118c2b000,0x0000000118d2b000)]
  0x00007f8f2b88a000 JavaThread "Java2D Disposer" daemon [_thread_blocked, id=48179, stack(0x0000000117615000,0x0000000117715000)]
  0x00007f8f2c02f000 JavaThread "Java2D Queue Flusher" daemon [_thread_blocked, id=46855, stack(0x0000000116913000,0x0000000116a13000)]
  0x00007f8f2c84b000 JavaThread "AWT-Shutdown" [_thread_blocked, id=27915, stack(0x0000000114020000,0x0000000114120000)]
  0x00007f8f2b857000 JavaThread "AppKit Thread" daemon [_thread_in_native, id=1287, stack(0x00007fff588c0000,0x00007fff58940000)]
  0x00007f8f2c01e000 JavaThread "Service Thread" daemon [_thread_blocked, id=19203, stack(0x0000000112448000,0x0000000112548000)]
  0x00007f8f2c01d800 JavaThread "C2 CompilerThread1" daemon [_thread_blocked, id=18691, stack(0x0000000112345000,0x0000000112445000)]
  0x00007f8f2c017800 JavaThread "C2 CompilerThread0" daemon [_thread_blocked, id=18179, stack(0x0000000112242000,0x0000000112342000)]
  0x00007f8f2c813000 JavaThread "Signal Dispatcher" daemon [_thread_blocked, id=17667, stack(0x000000011213f000,0x000000011223f000)]
  0x00007f8f2c00e000 JavaThread "Finalizer" daemon [_thread_blocked, id=12547, stack(0x0000000111ef0000,0x0000000111ff0000)]
  0x00007f8f2c80b000 JavaThread "Reference Handler" daemon [_thread_blocked, id=12035, stack(0x0000000111ded000,0x0000000111eed000)]

Other Threads:
  0x00007f8f2c80a800 VMThread [stack: 0x0000000111cea000,0x0000000111dea000] [id=11523]
  0x00007f8f2c811800 WatcherThread [stack: 0x000000011254b000,0x000000011264b000] [id=19715]

VM state:not at safepoint (normal execution)

VM Mutex/Monitor currently owned by a thread: None

Heap
 PSYoungGen      total 38912K, used 8934K [0x00000007d5500000, 0x00000007d8000000, 0x0000000800000000)
  eden space 33792K, 26% used [0x00000007d5500000,0x00000007d5db9af8,0x00000007d7600000)
  from space 5120K, 0% used [0x00000007d7b00000,0x00000007d7b00000,0x00000007d8000000)
  to   space 5120K, 0% used [0x00000007d7600000,0x00000007d7600000,0x00000007d7b00000)
 ParOldGen       total 87040K, used 0K [0x0000000780000000, 0x0000000785500000, 0x00000007d5500000)
  object space 87040K, 0% used [0x0000000780000000,0x0000000780000000,0x0000000785500000)
 PSPermGen       total 21504K, used 8579K [0x000000077ae00000, 0x000000077c300000, 0x0000000780000000)
  object space 21504K, 39% used [0x000000077ae00000,0x000000077b660cc0,0x000000077c300000)

Card table byte_map: [0x000000010b846000,0x000000010bc70000] byte_map_base: 0x0000000107c6f000

Polling page: 0x00000001073e1000

Code Cache  [0x0000000108786000, 0x00000001089f6000, 0x000000010b786000)
 total_blobs=420 nmethods=15 adapters=360 free_code_cache=48626Kb largest_free_block=49773568

Compilation events (10 events):
Event: 1.053 Thread 0x00007f8f2c01d800   10             java.lang.CharacterData::of (120 bytes)
Event: 1.053 Thread 0x00007f8f2c017800   11             java.lang.CharacterDataLatin1::getProperties (11 bytes)
Event: 1.053 Thread 0x00007f8f2c017800 nmethod 11 0x0000000108803250 code [0x0000000108803380, 0x0000000108803418]
Event: 1.054 Thread 0x00007f8f2c01d800 nmethod 10 0x0000000108806690 code [0x00000001088067e0, 0x00000001088068b8]
Event: 1.054 Thread 0x00007f8f2c017800   12             java.lang.String::toLowerCase (472 bytes)
Event: 1.054 Thread 0x00007f8f2c01d800   13             java.lang.Character::toLowerCase (9 bytes)
Event: 1.056 Thread 0x00007f8f2c01d800 nmethod 13 0x0000000108807d90 code [0x0000000108807ee0, 0x0000000108808038]
Event: 1.056 Thread 0x00007f8f2c01d800   14             java.lang.CharacterDataLatin1::toLowerCase (39 bytes)
Event: 1.056 Thread 0x00007f8f2c01d800 nmethod 14 0x0000000108803490 code [0x00000001088035c0, 0x0000000108803678]
Event: 1.078 Thread 0x00007f8f2c017800 nmethod 12 0x000000010880c650 code [0x000000010880c880, 0x000000010880d5f0]

GC Heap History (0 events):
No events

Deoptimization events (0 events):
No events

Internal exceptions (10 events):
Event: 0.464 Thread 0x00007f8f2c001800 Threw 0x00000007d561fe30 at /HUDSON/workspace/7u-2-build-macosx-x86_64/jdk7u51/527/hotspot/src/share/vm/prims/jvm.cpp:1244
Event: 0.464 Thread 0x00007f8f2c001800 Threw 0x00000007d56211f0 at /HUDSON/workspace/7u-2-build-macosx-x86_64/jdk7u51/527/hotspot/src/share/vm/prims/jvm.cpp:1244
Event: 0.467 Thread 0x00007f8f2c001800 Threw 0x00000007d562d378 at /HUDSON/workspace/7u-2-build-macosx-x86_64/jdk7u51/527/hotspot/src/share/vm/prims/jvm.cpp:1244
Event: 0.467 Thread 0x00007f8f2c001800 Threw 0x00000007d562e7b8 at /HUDSON/workspace/7u-2-build-macosx-x86_64/jdk7u51/527/hotspot/src/share/vm/prims/jvm.cpp:1244
Event: 0.491 Thread 0x00007f8f2c001800 Threw 0x00000007d57abc30 at /HUDSON/workspace/7u-2-build-macosx-x86_64/jdk7u51/527/hotspot/src/share/vm/prims/jvm.cpp:1244
Event: 0.492 Thread 0x00007f8f2c001800 Threw 0x00000007d57b1670 at /HUDSON/workspace/7u-2-build-macosx-x86_64/jdk7u51/527/hotspot/src/share/vm/prims/jvm.cpp:1244
Event: 0.501 Thread 0x00007f8f2c001800 Threw 0x00000007d57bd830 at /HUDSON/workspace/7u-2-build-macosx-x86_64/jdk7u51/527/hotspot/src/share/vm/prims/jvm.cpp:1244
Event: 1.690 Thread 0x00007f8f2c891000 Threw 0x00000007d5d9bda8 at /HUDSON/workspace/7u-2-build-macosx-x86_64/jdk7u51/527/hotspot/src/share/vm/prims/jvm.cpp:1244
Event: 1.693 Thread 0x00007f8f2c891000 Threw 0x00000007d5da3be0 at /HUDSON/workspace/7u-2-build-macosx-x86_64/jdk7u51/527/hotspot/src/share/vm/prims/jvm.cpp:1244
Event: 1.694 Thread 0x00007f8f2c891000 Threw 0x00000007d5da7580 at /HUDSON/workspace/7u-2-build-macosx-x86_64/jdk7u51/527/hotspot/src/share/vm/prims/jvm.cpp:1244

Events (10 events):
Event: 1.112 loading class 0x00007f8f2c846920
Event: 1.112 loading class 0x00007f8f2c846920 done
Event: 1.690 loading class 0x00007f8f2ad17a30
Event: 1.690 loading class 0x00007f8f2ad17a30 done
Event: 1.693 loading class 0x00007f8f2ae1d820
Event: 1.693 loading class 0x00007f8f2ae1d820 done
Event: 1.694 loading class 0x00007f8f2acd1a00
Event: 1.694 loading class 0x00007f8f2acd1a00 done
Event: 1.695 loading class 0x0000000110a69650
Event: 1.695 loading class 0x0000000110a69650 done


Dynamic libraries:
0x0000000006465000 	/System/Library/Frameworks/Cocoa.framework/Versions/A/Cocoa
0x0000000006465000 	/System/Library/Frameworks/Security.framework/Versions/A/Security
0x0000000006465000 	/System/Library/Frameworks/ApplicationServices.framework/Versions/A/ApplicationServices
0x0000000006465000 	/usr/lib/libz.1.dylib
0x0000000006465000 	/usr/lib/libSystem.B.dylib
0x0000000006465000 	/usr/lib/libobjc.A.dylib
0x0000000006465000 	/System/Library/Frameworks/CoreFoundation.framework/Versions/A/CoreFoundation
0x0000000006465000 	/System/Library/Frameworks/Foundation.framework/Versions/C/Foundation
0x0000000006465000 	/System/Library/Frameworks/AppKit.framework/Versions/C/AppKit
0x0000000006465000 	/System/Library/Frameworks/CoreData.framework/Versions/A/CoreData
0x0000000006465000 	/System/Library/PrivateFrameworks/RemoteViewServices.framework/Versions/A/RemoteViewServices
0x0000000006465000 	/System/Library/Frameworks/AudioToolbox.framework/Versions/A/AudioToolbox
0x0000000006465000 	/System/Library/Frameworks/AudioUnit.framework/Versions/A/AudioUnit
0x0000000006465000 	/System/Library/PrivateFrameworks/DataDetectorsCore.framework/Versions/A/DataDetectorsCore
0x0000000006465000 	/System/Library/PrivateFrameworks/DesktopServicesPriv.framework/Versions/A/DesktopServicesPriv
0x0000000006465000 	/System/Library/Frameworks/Carbon.framework/Versions/A/Frameworks/HIToolbox.framework/Versions/A/HIToolbox
0x0000000006465000 	/System/Library/Frameworks/QuartzCore.framework/Versions/A/QuartzCore
0x0000000006465000 	/System/Library/Frameworks/Carbon.framework/Versions/A/Frameworks/SpeechRecognition.framework/Versions/A/SpeechRecognition
0x0000000006465000 	/usr/lib/libauto.dylib
0x0000000006465000 	/usr/lib/libicucore.A.dylib
0x0000000006465000 	/usr/lib/libxml2.2.dylib
0x0000000006465000 	/System/Library/PrivateFrameworks/CoreUI.framework/Versions/A/CoreUI
0x0000000006465000 	/System/Library/Frameworks/CoreAudio.framework/Versions/A/CoreAudio
0x0000000006465000 	/System/Library/Frameworks/DiskArbitration.framework/Versions/A/DiskArbitration
0x0000000006465000 	/usr/lib/liblangid.dylib
0x0000000006465000 	/System/Library/PrivateFrameworks/MultitouchSupport.framework/Versions/A/MultitouchSupport
0x0000000006465000 	/System/Library/Frameworks/IOKit.framework/Versions/A/IOKit
0x0000000006465000 	/usr/lib/libDiagnosticMessagesClient.dylib
0x0000000006465000 	/System/Library/Frameworks/CoreServices.framework/Versions/A/CoreServices
0x0000000006465000 	/System/Library/PrivateFrameworks/PerformanceAnalysis.framework/Versions/A/PerformanceAnalysis
0x0000000006465000 	/System/Library/PrivateFrameworks/GenerationalStorage.framework/Versions/A/GenerationalStorage
0x0000000006465000 	/System/Library/Frameworks/OpenGL.framework/Versions/A/OpenGL
0x0000000006465000 	/System/Library/PrivateFrameworks/Sharing.framework/Versions/A/Sharing
0x0000000006465000 	/System/Library/Frameworks/ImageIO.framework/Versions/A/ImageIO
0x0000000006465000 	/System/Library/Frameworks/CoreText.framework/Versions/A/CoreText
0x0000000006465000 	/System/Library/Frameworks/CoreGraphics.framework/Versions/A/CoreGraphics
0x0000000006465000 	/System/Library/PrivateFrameworks/Backup.framework/Versions/A/Backup
0x0000000006465000 	/System/Library/Frameworks/CFNetwork.framework/Versions/A/CFNetwork
0x0000000006465000 	/System/Library/Frameworks/SystemConfiguration.framework/Versions/A/SystemConfiguration
0x0000000006465000 	/usr/lib/libCRFSuite.dylib
0x0000000006465000 	/usr/lib/libc++.1.dylib
0x0000000006465000 	/usr/lib/libc++abi.dylib
0x0000000006465000 	/usr/lib/system/libcache.dylib
0x0000000006465000 	/usr/lib/system/libcommonCrypto.dylib
0x0000000006465000 	/usr/lib/system/libcompiler_rt.dylib
0x0000000006465000 	/usr/lib/system/libcopyfile.dylib
0x0000000006465000 	/usr/lib/system/libcorecrypto.dylib
0x0000000006465000 	/usr/lib/system/libdispatch.dylib
0x0000000006465000 	/usr/lib/system/libdyld.dylib
0x0000000006465000 	/usr/lib/system/libkeymgr.dylib
0x0000000006465000 	/usr/lib/system/liblaunch.dylib
0x0000000006465000 	/usr/lib/system/libmacho.dylib
0x0000000006465000 	/usr/lib/system/libquarantine.dylib
0x0000000006465000 	/usr/lib/system/libremovefile.dylib
0x0000000006465000 	/usr/lib/system/libsystem_asl.dylib
0x0000000006465000 	/usr/lib/system/libsystem_blocks.dylib
0x0000000006465000 	/usr/lib/system/libsystem_c.dylib
0x0000000006465000 	/usr/lib/system/libsystem_configuration.dylib
0x0000000006465000 	/usr/lib/system/libsystem_dnssd.dylib
0x0000000006465000 	/usr/lib/system/libsystem_info.dylib
0x0000000006465000 	/usr/lib/system/libsystem_kernel.dylib
0x0000000006465000 	/usr/lib/system/libsystem_m.dylib
0x0000000006465000 	/usr/lib/system/libsystem_malloc.dylib
0x0000000006465000 	/usr/lib/system/libsystem_network.dylib
0x0000000006465000 	/usr/lib/system/libsystem_notify.dylib
0x0000000006465000 	/usr/lib/system/libsystem_platform.dylib
0x0000000006465000 	/usr/lib/system/libsystem_pthread.dylib
0x0000000006465000 	/usr/lib/system/libsystem_sandbox.dylib
0x0000000006465000 	/usr/lib/system/libsystem_stats.dylib
0x0000000006465000 	/usr/lib/system/libunc.dylib
0x0000000006465000 	/usr/lib/system/libunwind.dylib
0x0000000006465000 	/usr/lib/system/libxpc.dylib
0x0000000006465000 	/usr/lib/libbsm.0.dylib
0x0000000006465000 	/usr/lib/libsqlite3.dylib
0x0000000006465000 	/usr/lib/libxar.1.dylib
0x0000000006465000 	/usr/lib/libpam.2.dylib
0x0000000006465000 	/usr/lib/libOpenScriptingUtil.dylib
0x0000000006465000 	/usr/lib/libbz2.1.0.dylib
0x0000000006465000 	/System/Library/Frameworks/CoreServices.framework/Versions/A/Frameworks/CarbonCore.framework/Versions/A/CarbonCore
0x0000000006465000 	/System/Library/Frameworks/CoreServices.framework/Versions/A/Frameworks/Metadata.framework/Versions/A/Metadata
0x0000000006465000 	/System/Library/Frameworks/CoreServices.framework/Versions/A/Frameworks/OSServices.framework/Versions/A/OSServices
0x0000000006465000 	/System/Library/Frameworks/CoreServices.framework/Versions/A/Frameworks/SearchKit.framework/Versions/A/SearchKit
0x0000000006465000 	/System/Library/Frameworks/CoreServices.framework/Versions/A/Frameworks/AE.framework/Versions/A/AE
0x0000000006465000 	/System/Library/Frameworks/CoreServices.framework/Versions/A/Frameworks/LaunchServices.framework/Versions/A/LaunchServices
0x0000000006465000 	/System/Library/Frameworks/CoreServices.framework/Versions/A/Frameworks/DictionaryServices.framework/Versions/A/DictionaryServices
0x0000000006465000 	/System/Library/Frameworks/NetFS.framework/Versions/A/NetFS
0x0000000006465000 	/usr/lib/system/libkxld.dylib
0x0000000006465000 	/System/Library/PrivateFrameworks/NetAuth.framework/Versions/A/NetAuth
0x0000000006465000 	/System/Library/PrivateFrameworks/TCC.framework/Versions/A/TCC
0x0000000006465000 	/System/Library/Frameworks/OpenDirectory.framework/Versions/A/Frameworks/CFOpenDirectory.framework/Versions/A/CFOpenDirectory
0x0000000006465000 	/System/Library/Frameworks/ServiceManagement.framework/Versions/A/ServiceManagement
0x0000000006465000 	/usr/lib/libxslt.1.dylib
0x0000000006465000 	/System/Library/Frameworks/Carbon.framework/Versions/A/Frameworks/Ink.framework/Versions/A/Ink
0x0000000006465000 	/System/Library/Frameworks/ApplicationServices.framework/Versions/A/Frameworks/ATS.framework/Versions/A/ATS
0x0000000006465000 	/System/Library/Frameworks/ApplicationServices.framework/Versions/A/Frameworks/ColorSync.framework/Versions/A/ColorSync
0x0000000006465000 	/System/Library/Frameworks/ApplicationServices.framework/Versions/A/Frameworks/HIServices.framework/Versions/A/HIServices
0x0000000006465000 	/System/Library/Frameworks/ApplicationServices.framework/Versions/A/Frameworks/LangAnalysis.framework/Versions/A/LangAnalysis
0x0000000006465000 	/System/Library/Frameworks/ApplicationServices.framework/Versions/A/Frameworks/PrintCore.framework/Versions/A/PrintCore
0x0000000006465000 	/System/Library/Frameworks/ApplicationServices.framework/Versions/A/Frameworks/QD.framework/Versions/A/QD
0x0000000006465000 	/System/Library/Frameworks/ApplicationServices.framework/Versions/A/Frameworks/SpeechSynthesis.framework/Versions/A/SpeechSynthesis
0x0000000006465000 	/System/Library/Frameworks/IOSurface.framework/Versions/A/IOSurface
0x0000000006465000 	/System/Library/Frameworks/Accelerate.framework/Versions/A/Accelerate
0x0000000006465000 	/System/Library/Frameworks/Accelerate.framework/Versions/A/Frameworks/vImage.framework/Versions/A/vImage
0x0000000006465000 	/System/Library/Frameworks/Accelerate.framework/Versions/A/Frameworks/vecLib.framework/Versions/A/vecLib
0x0000000006465000 	/System/Library/Frameworks/Accelerate.framework/Versions/A/Frameworks/vecLib.framework/Versions/A/libvDSP.dylib
0x0000000006465000 	/System/Library/Frameworks/Accelerate.framework/Versions/A/Frameworks/vecLib.framework/Versions/A/libvMisc.dylib
0x0000000006465000 	/System/Library/Frameworks/Accelerate.framework/Versions/A/Frameworks/vecLib.framework/Versions/A/libLAPACK.dylib
0x0000000006465000 	/System/Library/Frameworks/Accelerate.framework/Versions/A/Frameworks/vecLib.framework/Versions/A/libBLAS.dylib
0x0000000006465000 	/System/Library/Frameworks/ApplicationServices.framework/Versions/A/Frameworks/ATS.framework/Versions/A/Resources/libFontParser.dylib
0x0000000006465000 	/System/Library/Frameworks/ApplicationServices.framework/Versions/A/Frameworks/ATS.framework/Versions/A/Resources/libFontRegistry.dylib
0x0000000006465000 	/System/Library/Frameworks/ImageIO.framework/Versions/A/Resources/libJPEG.dylib
0x0000000006465000 	/System/Library/Frameworks/ImageIO.framework/Versions/A/Resources/libTIFF.dylib
0x0000000006465000 	/System/Library/Frameworks/ImageIO.framework/Versions/A/Resources/libPng.dylib
0x0000000006465000 	/System/Library/Frameworks/ImageIO.framework/Versions/A/Resources/libGIF.dylib
0x0000000006465000 	/System/Library/Frameworks/ImageIO.framework/Versions/A/Resources/libJP2.dylib
0x0000000006465000 	/System/Library/Frameworks/ImageIO.framework/Versions/A/Resources/libRadiance.dylib
0x0000000006465000 	/usr/lib/libcups.2.dylib
0x0000000006465000 	/System/Library/Frameworks/Kerberos.framework/Versions/A/Kerberos
0x0000000006465000 	/System/Library/Frameworks/GSS.framework/Versions/A/GSS
0x0000000006465000 	/usr/lib/libresolv.9.dylib
0x0000000006465000 	/usr/lib/libiconv.2.dylib
0x0000000006465000 	/System/Library/PrivateFrameworks/Heimdal.framework/Versions/A/Heimdal
0x0000000006465000 	/System/Library/PrivateFrameworks/TrustEvaluationAgent.framework/Versions/A/TrustEvaluationAgent
0x0000000006465000 	/usr/lib/libheimdal-asn1.dylib
0x0000000006465000 	/System/Library/Frameworks/OpenDirectory.framework/Versions/A/OpenDirectory
0x0000000006465000 	/System/Library/PrivateFrameworks/CommonAuth.framework/Versions/A/CommonAuth
0x0000000006465000 	/System/Library/Frameworks/SecurityFoundation.framework/Versions/A/SecurityFoundation
0x0000000006465000 	/System/Library/PrivateFrameworks/Bom.framework/Versions/A/Bom
0x0000000006465000 	/System/Library/Frameworks/CoreVideo.framework/Versions/A/CoreVideo
0x0000000006465000 	/System/Library/Frameworks/QuartzCore.framework/Versions/A/Frameworks/CoreImage.framework/Versions/A/CoreImage
0x0000000006465000 	/System/Library/Frameworks/QuartzCore.framework/Versions/A/Frameworks/ScalableUserInterface.framework/Versions/A/ScalableUserInterface
0x0000000006465000 	/System/Library/Frameworks/OpenGL.framework/Versions/A/Libraries/libGLU.dylib
0x0000000006465000 	/System/Library/Frameworks/OpenGL.framework/Versions/A/Libraries/libGFXShared.dylib
0x0000000006465000 	/System/Library/Frameworks/OpenGL.framework/Versions/A/Libraries/libGL.dylib
0x0000000006465000 	/System/Library/Frameworks/OpenGL.framework/Versions/A/Libraries/libGLImage.dylib
0x0000000006465000 	/System/Library/Frameworks/OpenGL.framework/Versions/A/Libraries/libCVMSPluginSupport.dylib
0x0000000006465000 	/System/Library/Frameworks/OpenGL.framework/Versions/A/Libraries/libCoreVMClient.dylib
0x0000000006465000 	/System/Library/PrivateFrameworks/FaceCore.framework/Versions/A/FaceCore
0x0000000006465000 	/System/Library/PrivateFrameworks/CrashReporterSupport.framework/Versions/A/CrashReporterSupport
0x0000000006465000 	/System/Library/Frameworks/OpenCL.framework/Versions/A/OpenCL
0x0000000006465000 	/System/Library/PrivateFrameworks/AppleFSCompression.framework/Versions/A/AppleFSCompression
0x0000000006465000 	/System/Library/PrivateFrameworks/Ubiquity.framework/Versions/A/Ubiquity
0x0000000006465000 	/System/Library/PrivateFrameworks/IconServices.framework/Versions/A/IconServices
0x0000000006465000 	/System/Library/PrivateFrameworks/ChunkingLibrary.framework/Versions/A/ChunkingLibrary
0x0000000006465000 	/System/Library/PrivateFrameworks/CoreSymbolication.framework/Versions/A/CoreSymbolication
0x0000000006465000 	/System/Library/PrivateFrameworks/Symbolication.framework/Versions/A/Symbolication
0x0000000006465000 	/System/Library/PrivateFrameworks/DebugSymbols.framework/Versions/A/DebugSymbols
0x0000000107c00000 	/Library/Java/JavaVirtualMachines/jdk1.7.0_51.jdk/Contents/Home/jre/lib/server/libjvm.dylib
0x0000000006465000 	/usr/lib/libstdc++.6.dylib
0x00000001073d4000 	/Library/Java/JavaVirtualMachines/jdk1.7.0_51.jdk/Contents/Home/jre/lib/libverify.dylib
0x0000000108756000 	/Library/Java/JavaVirtualMachines/jdk1.7.0_51.jdk/Contents/Home/jre/lib/libjava.dylib
0x00000001073eb000 	/Library/Java/JavaVirtualMachines/jdk1.7.0_51.jdk/Contents/Home/jre/lib/libzip.dylib
0x0000000111ff2000 	/System/Library/Frameworks/JavaVM.framework/Frameworks/JavaRuntimeSupport.framework/JavaRuntimeSupport
0x000000011200a000 	/System/Library/Frameworks/JavaVM.framework/Versions/A/Frameworks/JavaNativeFoundation.framework/Versions/A/JavaNativeFoundation
0x000000011201f000 	/System/Library/Frameworks/JavaVM.framework/Versions/A/JavaVM
0x0000000006465000 	/System/Library/Frameworks/Carbon.framework/Versions/A/Carbon
0x000000011202c000 	/System/Library/PrivateFrameworks/JavaLaunching.framework/Versions/A/JavaLaunching
0x0000000006465000 	/System/Library/Frameworks/Carbon.framework/Versions/A/Frameworks/CommonPanels.framework/Versions/A/CommonPanels
0x0000000006465000 	/System/Library/Frameworks/Carbon.framework/Versions/A/Frameworks/Help.framework/Versions/A/Help
0x0000000006465000 	/System/Library/Frameworks/Carbon.framework/Versions/A/Frameworks/ImageCapture.framework/Versions/A/ImageCapture
0x0000000006465000 	/System/Library/Frameworks/Carbon.framework/Versions/A/Frameworks/OpenScripting.framework/Versions/A/OpenScripting
0x0000000006465000 	/System/Library/Frameworks/Carbon.framework/Versions/A/Frameworks/Print.framework/Versions/A/Print
0x0000000006465000 	/System/Library/Frameworks/Carbon.framework/Versions/A/Frameworks/SecurityHI.framework/Versions/A/SecurityHI
0x0000000112690000 	/Library/Java/JavaVirtualMachines/jdk1.7.0_51.jdk/Contents/Home/jre/lib/libawt.dylib
0x000000011273f000 	/Library/Java/JavaVirtualMachines/jdk1.7.0_51.jdk/Contents/Home/jre/lib/./libmlib_image.dylib
0x000000011280b000 	/Library/Java/JavaVirtualMachines/jdk1.7.0_51.jdk/Contents/Home/jre/lib/lwawt/liblwawt.dylib
0x00000001128bf000 	/Library/Java/JavaVirtualMachines/jdk1.7.0_51.jdk/Contents/Home/jre/lib/libosxapp.dylib
0x0000000006465000 	/System/Library/Frameworks/ExceptionHandling.framework/Versions/A/ExceptionHandling
0x0000000006465000 	/System/Library/PrivateFrameworks/CoreServicesInternal.framework/Versions/A/CoreServicesInternal
0x0000000006465000 	/System/Library/PrivateFrameworks/Librarian.framework/Versions/A/Librarian
0x0000000006465000 	/System/Library/Frameworks/CoreGraphics.framework/Versions/A/Resources/libCGCMS.A.dylib
0x0000000006465000 	/System/Library/Frameworks/CoreGraphics.framework/Versions/A/Resources/libRIP.A.dylib
0x0000000006465000 	/System/Library/Frameworks/CoreGraphics.framework/Versions/A/Resources/libCGXType.A.dylib
0x0000000006465000 	/System/Library/PrivateFrameworks/FamilyControls.framework/Versions/A/FamilyControls
0x0000000006465000 	/System/Library/PrivateFrameworks/CommerceKit.framework/Versions/A/Frameworks/CommerceCore.framework/Versions/A/CommerceCore
0x0000000006465000 	/System/Library/PrivateFrameworks/SystemAdministration.framework/Versions/A/SystemAdministration
0x0000000006465000 	/System/Library/Frameworks/DirectoryService.framework/Versions/A/DirectoryService
0x0000000006465000 	/System/Library/PrivateFrameworks/DiskImages.framework/Versions/A/DiskImages
0x0000000006465000 	/System/Library/PrivateFrameworks/LoginUIKit.framework/Versions/A/Frameworks/LoginUICore.framework/Versions/A/LoginUICore
0x0000000006465000 	/usr/lib/libCoreStorage.dylib
0x0000000006465000 	/usr/lib/libcsfde.dylib
0x0000000006465000 	/usr/lib/libodfde.dylib
0x0000000006465000 	/System/Library/Frameworks/DiscRecording.framework/Versions/A/DiscRecording
0x0000000006465000 	/usr/lib/libcurl.4.dylib
0x0000000006465000 	/System/Library/PrivateFrameworks/MediaKit.framework/Versions/A/MediaKit
0x0000000006465000 	/System/Library/PrivateFrameworks/EFILogin.framework/Versions/A/EFILogin
0x0000000006465000 	/usr/lib/libutil.dylib
0x0000000006465000 	/System/Library/PrivateFrameworks/AOSNotification.framework/Versions/A/AOSNotification
0x0000000006465000 	/System/Library/Frameworks/LDAP.framework/Versions/A/LDAP
0x0000000006465000 	/usr/lib/libsasl2.2.dylib
0x0000000006465000 	/usr/lib/libcrypto.0.9.8.dylib
0x0000000006465000 	/usr/lib/libssl.0.9.8.dylib
0x0000000006465000 	/System/Library/Frameworks/OpenGL.framework/Versions/A/Resources/GLEngine.bundle/GLEngine
0x0000000006465000 	/System/Library/Frameworks/OpenGL.framework/Versions/A/Libraries/libGLProgrammability.dylib
0x0000000000000000 	/System/Library/Extensions/AppleIntelHD4000GraphicsGLDriver.bundle/Contents/MacOS/AppleIntelHD4000GraphicsGLDriver
0x0000000006465000 	/System/Library/PrivateFrameworks/IOAccelerator.framework/Versions/A/IOAccelerator
0x0000000006465000 	/System/Library/PrivateFrameworks/GPUSupport.framework/Versions/A/Libraries/libGPUSupportMercury.dylib
0x0000000006465000 	/System/Library/Frameworks/OpenGL.framework/Versions/A/Resources/GLRendererFloat.bundle/GLRendererFloat
0x0000000006465000 	/System/Library/Frameworks/OpenCL.framework/Versions/A/Libraries/libcldcpuengine.dylib
0x0000000117717000 	/Library/Java/JavaVirtualMachines/jdk1.7.0_51.jdk/Contents/Home/jre/lib/libfontmanager.dylib
0x00000001141f4000 	/Library/Java/JavaVirtualMachines/jdk1.7.0_51.jdk/Contents/Home/jre/lib/libosxui.dylib
0x0000000119407000 	/Library/Java/JavaVirtualMachines/jdk1.7.0_51.jdk/Contents/Home/jre/lib/libnet.dylib
0x0000000119317000 	/Library/Java/JavaVirtualMachines/jdk1.7.0_51.jdk/Contents/Home/jre/lib/libnio.dylib
0x0000000119f2f000 	/Users/zalbhathena/Documents/workspace/Thesis-Test-Application/HPA* Program/jni/libsearchalgorithms.dylib

VM Arguments:
jvm_args: -Djava.library.path=/Users/zalbhathena/Documents/workspace/Thesis-Test-Application/HPA* Program/jni -Dfile.encoding=US-ASCII 
java_command: HPAProgram
Launcher Type: SUN_STANDARD

Environment Variables:
PATH=/usr/bin:/bin:/usr/sbin:/sbin
LD_LIBRARY_PATH=src
SHELL=/bin/bash

Signal Handlers:
SIGSEGV: [libjvm.dylib+0x525425], sa_mask[0]=0xfffefeff, sa_flags=0x00000043
SIGBUS: [libjvm.dylib+0x525425], sa_mask[0]=0xfffefeff, sa_flags=0x00000042
SIGFPE: [libjvm.dylib+0x41892a], sa_mask[0]=0xfffefeff, sa_flags=0x00000042
SIGPIPE: [libjvm.dylib+0x41892a], sa_mask[0]=0xfffefeff, sa_flags=0x00000042
SIGXFSZ: [libjvm.dylib+0x41892a], sa_mask[0]=0xfffefeff, sa_flags=0x00000042
SIGILL: [libjvm.dylib+0x41892a], sa_mask[0]=0xfffefeff, sa_flags=0x00000042
SIGUSR1: SIG_DFL, sa_mask[0]=0x00000000, sa_flags=0x00000002
SIGUSR2: [libjvm.dylib+0x41841c], sa_mask[0]=0x00000004, sa_flags=0x00000042
SIGHUP: [libjvm.dylib+0x4166ab], sa_mask[0]=0xfffefeff, sa_flags=0x00000042
SIGINT: [libjvm.dylib+0x4166ab], sa_mask[0]=0xfffefeff, sa_flags=0x00000042
SIGTERM: [libjvm.dylib+0x4166ab], sa_mask[0]=0xfffefeff, sa_flags=0x00000042
SIGQUIT: [libjvm.dylib+0x4166ab], sa_mask[0]=0xfffefeff, sa_flags=0x00000042


---------------  S Y S T E M  ---------------

OS:Bsduname:Darwin 13.0.0 Darwin Kernel Version 13.0.0: Thu Sep 19 22:22:27 PDT 2013; root:xnu-2422.1.72~6/RELEASE_X86_64 x86_64
rlimit: STACK 8192k, CORE 0k, NPROC 709, NOFILE 10240, AS infinity
load average:1.90 1.81 1.85

CPU:total 4 (2 cores per cpu, 2 threads per core) family 6 model 58 stepping 9, cmov, cx8, fxsr, mmx, sse, sse2, sse3, ssse3, sse4.1, sse4.2, popcnt, avx, aes, erms, ht, tsc, tscinvbit, tscinv

Memory: 4k page, physical 8388608k(2097152k free)

/proc/meminfo:


vm_info: Java HotSpot(TM) 64-Bit Server VM (24.51-b03) for bsd-amd64 JRE (1.7.0_51-b13), built on Dec 18 2013 18:45:56 by "java_re" with gcc 4.2.1 (Based on Apple Inc. build 5658) (LLVM build 2336.11.00)

time: Sun Feb 16 14:27:12 2014
elapsed time: 1 seconds

