#
# A fatal error has been detected by the Java Runtime Environment:
#
#  SIGSEGV (0xb) at pc=0x000000011b548405, pid=8776, tid=52495
#
# JRE version: Java(TM) SE Runtime Environment (7.0_51-b13) (build 1.7.0_51-b13)
# Java VM: Java HotSpot(TM) 64-Bit Server VM (24.51-b03 mixed mode bsd-amd64 compressed oops)
# Problematic frame:
# C  [libsearchalgorithms.dylib+0x3a405]  Java_SearchAlgorithms_getTriangulation+0x625
#
# Failed to write core dump. Core dumps have been disabled. To enable core dumping, try "ulimit -c unlimited" before starting Java again
#
# If you would like to submit a bug report, please visit:
#   http://bugreport.sun.com/bugreport/crash.jsp
# The crash happened outside the Java Virtual Machine in native code.
# See problematic frame for where to report the bug.
#

---------------  T H R E A D  ---------------

Current thread (0x00007fdee414e000):  JavaThread "AWT-EventQueue-0" [_thread_in_native, id=52495, stack(0x000000011ad3d000,0x000000011ae3d000)]

siginfo:si_signo=SIGSEGV: si_errno=0, si_code=1 (SEGV_MAPERR), si_addr=0x000000011ad37000

Registers:
RAX=0x000000000001522c, RBX=0x000000077ba89c40, RCX=0x00000000000095a0, RDX=0x000000000001522c
RSP=0x000000011ac8dea0, RBP=0x000000011ae3a430, RSI=0x000000011ac8dea0, RDI=0x00007fdee67b663c
R8 =0x00000007d6bdddb0, R9 =0x00000007d6d55578, R10=0x000000077b477201, R11=0x00000000be508209
R12=0x0000000000000000, R13=0x000000077ba89c40, R14=0x000000011ae3a4b8, R15=0x00007fdee414e000
RIP=0x000000011b548405, EFLAGS=0x0000000000010202, ERR=0x0000000000000006
  TRAPNO=0x000000000000000e

Top of Stack: (sp=0x000000011ac8dea0)
0x000000011ac8dea0:   408db00000000000 bd20ccccc0000000
0x000000011ac8deb0:   bd30000000000000 bd30000000000000
0x000000011ac8dec0:   409f400000000000 0000000000000000
0x000000011ac8ded0:   409f400000000000 409f400000000000
0x000000011ac8dee0:   0000000000000000 409f400000000000
0x000000011ac8def0:   409f400000000000 409f400000000000
0x000000011ac8df00:   bd27851ec0000000 4080900000000000
0x000000011ac8df10:   0000000000000000 409f400000000000
0x000000011ac8df20:   4081a00000000000 4090dc0000000000
0x000000011ac8df30:   4081a00000000000 4092340000000000
0x000000011ac8df40:   4076400000000000 4065600000000000
0x000000011ac8df50:   4076400000000000 407d500000000000
0x000000011ac8df60:   4083200000000000 4090b40000000000
0x000000011ac8df70:   4093cc0000000000 4090b40000000000
0x000000011ac8df80:   4093cc0000000000 4090b40000000000
0x000000011ac8df90:   4093cc0000000000 40931c0000000000
0x000000011ac8dfa0:   408cf80000000000 4096980000000000
0x000000011ac8dfb0:   408cf80000000000 4099c00000000000
0x000000011ac8dfc0:   4083200000000000 4090b40000000000
0x000000011ac8dfd0:   4083200000000000 40931c0000000000
0x000000011ac8dfe0:   4093cc0000000000 40931c0000000000
0x000000011ac8dff0:   4083200000000000 40931c0000000000
0x000000011ac8e000:   4099540000000000 4078c00000000000
0x000000011ac8e010:   4099540000000000 407bc00000000000
0x000000011ac8e020:   408b280000000000 4082880000000000
0x000000011ac8e030:   408b280000000000 4082f80000000000
0x000000011ac8e040:   4076f00000000000 405cc00000000000
0x000000011ac8e050:   4071d00000000000 405cc00000000000
0x000000011ac8e060:   4099080000000000 4080300000000000
0x000000011ac8e070:   4099a00000000000 4080300000000000
0x000000011ac8e080:   409bac0000000000 4097600000000000
0x000000011ac8e090:   4097000000000000 4097600000000000 

Instructions: (pc=0x000000011b548405)
0x000000011b5483e5:   10 85 00 ff ff ff 8b 85 4c ff ff ff 69 8d 48 ff
0x000000011b5483f5:   ff ff 06 00 00 00 01 c8 05 03 00 00 00 48 63 d0
0x000000011b548405:   f2 0f 11 04 d6 f2 0f 10 85 f8 fe ff ff 8b 85 4c
0x000000011b548415:   ff ff ff 69 8d 48 ff ff ff 06 00 00 00 01 c8 05 

Register to memory mapping:

RAX=0x000000000001522c is an unknown value
RBX=0x000000077ba89c40 is an oop
{method} 
 - klass: {other class}
RCX=0x00000000000095a0 is an unknown value
RDX=0x000000000001522c is an unknown value
RSP=0x000000011ac8dea0 is an unknown value
RBP=0x000000011ae3a430 is pointing into the stack for thread: 0x00007fdee414e000
RSI=0x000000011ac8dea0 is an unknown value
RDI=0x00007fdee67b663c is an unknown value
R8 =0x00000007d6bdddb0 is an oop
[D 
 - klass: {type array double}
 - length: 192247
R9 =0x00000007d6d55578 is an oop
java.util.TreeMap$EntrySet 
 - klass: 'java/util/TreeMap$EntrySet'
R10=0x000000077b477201 is pointing into object: 0x000000077b476fc0
{instance class} 
 - klass: {other class}
R11=0x00000000be508209 is an unknown value
R12=0x0000000000000000 is an unknown value
R13=0x000000077ba89c40 is an oop
{method} 
 - klass: {other class}
R14=0x000000011ae3a4b8 is pointing into the stack for thread: 0x00007fdee414e000
R15=0x00007fdee414e000 is a thread


Stack: [0x000000011ad3d000,0x000000011ae3d000],  sp=0x000000011ac8dea0,  free space=18014398509481283k
Native frames: (J=compiled Java code, j=interpreted, Vv=VM code, C=native code)
C  [libsearchalgorithms.dylib+0x3a405]  Java_SearchAlgorithms_getTriangulation+0x625
j  SearchAlgorithms.getTriangulation([D)[D+0
j  SearchAlgorithms.getTriangulation(Ljava/awt/Rectangle;Ljava/util/ArrayList;)Ljava/util/Set;+371
j  THPAStarZeroPointAgentSpaceManager.<init>(Ljava/util/ArrayList;II)V+97
j  MapModel.startPathfinding(Ljava/lang/String;IZ)V+42
j  MapWindowController.actionPerformed(Ljava/awt/event/ActionEvent;)V+32
j  javax.swing.AbstractButton.fireActionPerformed(Ljava/awt/event/ActionEvent;)V+84
j  javax.swing.AbstractButton$Handler.actionPerformed(Ljava/awt/event/ActionEvent;)V+5
j  javax.swing.DefaultButtonModel.fireActionPerformed(Ljava/awt/event/ActionEvent;)V+35
j  javax.swing.DefaultButtonModel.setPressed(Z)V+117
j  javax.swing.plaf.basic.BasicButtonListener.mouseReleased(Ljava/awt/event/MouseEvent;)V+35
j  java.awt.Component.processMouseEvent(Ljava/awt/event/MouseEvent;)V+64
j  javax.swing.JComponent.processMouseEvent(Ljava/awt/event/MouseEvent;)V+23
j  java.awt.Component.processEvent(Ljava/awt/AWTEvent;)V+81
j  java.awt.Container.processEvent(Ljava/awt/AWTEvent;)V+18
j  java.awt.Component.dispatchEventImpl(Ljava/awt/AWTEvent;)V+581
j  java.awt.Container.dispatchEventImpl(Ljava/awt/AWTEvent;)V+42
j  java.awt.Component.dispatchEvent(Ljava/awt/AWTEvent;)V+2
j  java.awt.LightweightDispatcher.retargetMouseEvent(Ljava/awt/Component;ILjava/awt/event/MouseEvent;)V+327
j  java.awt.LightweightDispatcher.processMouseEvent(Ljava/awt/event/MouseEvent;)Z+139
j  java.awt.LightweightDispatcher.dispatchEvent(Ljava/awt/AWTEvent;)Z+50
j  java.awt.Container.dispatchEventImpl(Ljava/awt/AWTEvent;)V+12
j  java.awt.Window.dispatchEventImpl(Ljava/awt/AWTEvent;)V+19
j  java.awt.Component.dispatchEvent(Ljava/awt/AWTEvent;)V+2
j  java.awt.EventQueue.dispatchEventImpl(Ljava/awt/AWTEvent;Ljava/lang/Object;)V+41
j  java.awt.EventQueue.access$200(Ljava/awt/EventQueue;Ljava/awt/AWTEvent;Ljava/lang/Object;)V+3
j  java.awt.EventQueue$3.run()Ljava/lang/Void;+12
j  java.awt.EventQueue$3.run()Ljava/lang/Object;+1
v  ~StubRoutines::call_stub
V  [libjvm.dylib+0x2d6bb0]  JavaCalls::call_helper(JavaValue*, methodHandle*, JavaCallArguments*, Thread*)+0x22a
V  [libjvm.dylib+0x2d6980]  JavaCalls::call(JavaValue*, methodHandle, JavaCallArguments*, Thread*)+0x28
V  [libjvm.dylib+0x32a264]  JVM_DoPrivileged+0x411
j  java.security.AccessController.doPrivileged(Ljava/security/PrivilegedAction;Ljava/security/AccessControlContext;)Ljava/lang/Object;+0
j  java.security.ProtectionDomain$1.doIntersectionPrivilege(Ljava/security/PrivilegedAction;Ljava/security/AccessControlContext;Ljava/security/AccessControlContext;)Ljava/lang/Object;+28
j  java.security.ProtectionDomain$1.doIntersectionPrivilege(Ljava/security/PrivilegedAction;Ljava/security/AccessControlContext;)Ljava/lang/Object;+6
j  java.awt.EventQueue$4.run()Ljava/lang/Void;+11
j  java.awt.EventQueue$4.run()Ljava/lang/Object;+1
v  ~StubRoutines::call_stub
V  [libjvm.dylib+0x2d6bb0]  JavaCalls::call_helper(JavaValue*, methodHandle*, JavaCallArguments*, Thread*)+0x22a
V  [libjvm.dylib+0x2d6980]  JavaCalls::call(JavaValue*, methodHandle, JavaCallArguments*, Thread*)+0x28
V  [libjvm.dylib+0x32a264]  JVM_DoPrivileged+0x411
j  java.security.AccessController.doPrivileged(Ljava/security/PrivilegedAction;Ljava/security/AccessControlContext;)Ljava/lang/Object;+0
j  java.security.ProtectionDomain$1.doIntersectionPrivilege(Ljava/security/PrivilegedAction;Ljava/security/AccessControlContext;Ljava/security/AccessControlContext;)Ljava/lang/Object;+28
j  java.awt.EventQueue.dispatchEvent(Ljava/awt/AWTEvent;)V+73
j  java.awt.EventDispatchThread.pumpOneEventForFilters(I)V+245
j  java.awt.EventDispatchThread.pumpEventsForFilter(ILjava/awt/Conditional;Ljava/awt/EventFilter;)V+35
j  java.awt.EventDispatchThread.pumpEventsForHierarchy(ILjava/awt/Conditional;Ljava/awt/Component;)V+11
j  java.awt.EventDispatchThread.pumpEvents(ILjava/awt/Conditional;)V+4
j  java.awt.EventDispatchThread.pumpEvents(Ljava/awt/Conditional;)V+3
j  java.awt.EventDispatchThread.run()V+9
v  ~StubRoutines::call_stub
V  [libjvm.dylib+0x2d6bb0]  JavaCalls::call_helper(JavaValue*, methodHandle*, JavaCallArguments*, Thread*)+0x22a
V  [libjvm.dylib+0x2d70c7]  JavaCalls::call_virtual(JavaValue*, KlassHandle, Symbol*, Symbol*, JavaCallArguments*, Thread*)+0x11b
V  [libjvm.dylib+0x2d7204]  JavaCalls::call_virtual(JavaValue*, Handle, KlassHandle, Symbol*, Symbol*, Thread*)+0x4a
V  [libjvm.dylib+0x3261ea]  thread_entry(JavaThread*, Thread*)+0xad
V  [libjvm.dylib+0x4efb57]  JavaThread::thread_main_inner()+0x9b
V  [libjvm.dylib+0x4f125f]  JavaThread::run()+0x1a3
V  [libjvm.dylib+0x41b1d6]  java_start(Thread*)+0x126
C  [libsystem_pthread.dylib+0x1899]  _pthread_body+0x8a
C  [libsystem_pthread.dylib+0x172a]  _pthread_struct_init+0x0
C  [libsystem_pthread.dylib+0x5fc9]  thread_start+0xd

Java frames: (J=compiled Java code, j=interpreted, Vv=VM code)
j  SearchAlgorithms.getTriangulation([D)[D+0
j  SearchAlgorithms.getTriangulation(Ljava/awt/Rectangle;Ljava/util/ArrayList;)Ljava/util/Set;+371
j  THPAStarZeroPointAgentSpaceManager.<init>(Ljava/util/ArrayList;II)V+97
j  MapModel.startPathfinding(Ljava/lang/String;IZ)V+42
j  MapWindowController.actionPerformed(Ljava/awt/event/ActionEvent;)V+32
j  javax.swing.AbstractButton.fireActionPerformed(Ljava/awt/event/ActionEvent;)V+84
j  javax.swing.AbstractButton$Handler.actionPerformed(Ljava/awt/event/ActionEvent;)V+5
j  javax.swing.DefaultButtonModel.fireActionPerformed(Ljava/awt/event/ActionEvent;)V+35
j  javax.swing.DefaultButtonModel.setPressed(Z)V+117
j  javax.swing.plaf.basic.BasicButtonListener.mouseReleased(Ljava/awt/event/MouseEvent;)V+35
j  java.awt.Component.processMouseEvent(Ljava/awt/event/MouseEvent;)V+64
j  javax.swing.JComponent.processMouseEvent(Ljava/awt/event/MouseEvent;)V+23
j  java.awt.Component.processEvent(Ljava/awt/AWTEvent;)V+81
j  java.awt.Container.processEvent(Ljava/awt/AWTEvent;)V+18
j  java.awt.Component.dispatchEventImpl(Ljava/awt/AWTEvent;)V+581
j  java.awt.Container.dispatchEventImpl(Ljava/awt/AWTEvent;)V+42
j  java.awt.Component.dispatchEvent(Ljava/awt/AWTEvent;)V+2
j  java.awt.LightweightDispatcher.retargetMouseEvent(Ljava/awt/Component;ILjava/awt/event/MouseEvent;)V+327
j  java.awt.LightweightDispatcher.processMouseEvent(Ljava/awt/event/MouseEvent;)Z+139
j  java.awt.LightweightDispatcher.dispatchEvent(Ljava/awt/AWTEvent;)Z+50
j  java.awt.Container.dispatchEventImpl(Ljava/awt/AWTEvent;)V+12
j  java.awt.Window.dispatchEventImpl(Ljava/awt/AWTEvent;)V+19
j  java.awt.Component.dispatchEvent(Ljava/awt/AWTEvent;)V+2
j  java.awt.EventQueue.dispatchEventImpl(Ljava/awt/AWTEvent;Ljava/lang/Object;)V+41
j  java.awt.EventQueue.access$200(Ljava/awt/EventQueue;Ljava/awt/AWTEvent;Ljava/lang/Object;)V+3
j  java.awt.EventQueue$3.run()Ljava/lang/Void;+12
j  java.awt.EventQueue$3.run()Ljava/lang/Object;+1
v  ~StubRoutines::call_stub
j  java.security.AccessController.doPrivileged(Ljava/security/PrivilegedAction;Ljava/security/AccessControlContext;)Ljava/lang/Object;+0
j  java.security.ProtectionDomain$1.doIntersectionPrivilege(Ljava/security/PrivilegedAction;Ljava/security/AccessControlContext;Ljava/security/AccessControlContext;)Ljava/lang/Object;+28
j  java.security.ProtectionDomain$1.doIntersectionPrivilege(Ljava/security/PrivilegedAction;Ljava/security/AccessControlContext;)Ljava/lang/Object;+6
j  java.awt.EventQueue$4.run()Ljava/lang/Void;+11
j  java.awt.EventQueue$4.run()Ljava/lang/Object;+1
v  ~StubRoutines::call_stub
j  java.security.AccessController.doPrivileged(Ljava/security/PrivilegedAction;Ljava/security/AccessControlContext;)Ljava/lang/Object;+0
j  java.security.ProtectionDomain$1.doIntersectionPrivilege(Ljava/security/PrivilegedAction;Ljava/security/AccessControlContext;Ljava/security/AccessControlContext;)Ljava/lang/Object;+28
j  java.awt.EventQueue.dispatchEvent(Ljava/awt/AWTEvent;)V+73
j  java.awt.EventDispatchThread.pumpOneEventForFilters(I)V+245
j  java.awt.EventDispatchThread.pumpEventsForFilter(ILjava/awt/Conditional;Ljava/awt/EventFilter;)V+35
j  java.awt.EventDispatchThread.pumpEventsForHierarchy(ILjava/awt/Conditional;Ljava/awt/Component;)V+11
j  java.awt.EventDispatchThread.pumpEvents(ILjava/awt/Conditional;)V+4
j  java.awt.EventDispatchThread.pumpEvents(Ljava/awt/Conditional;)V+3
j  java.awt.EventDispatchThread.run()V+9
v  ~StubRoutines::call_stub

---------------  P R O C E S S  ---------------

Java Threads: ( => current thread )
  0x00007fdee48e6800 JavaThread "RMI TCP Connection(2)-10.146.98.241" daemon [_thread_in_native, id=58627, stack(0x000000011c573000,0x000000011c673000)]
  0x00007fdee51aa000 JavaThread "JMX server connection timeout 19" daemon [_thread_blocked, id=58115, stack(0x000000011c470000,0x000000011c570000)]
  0x00007fdee519e800 JavaThread "RMI Scheduler(0)" daemon [_thread_blocked, id=57603, stack(0x000000011c36d000,0x000000011c46d000)]
  0x00007fdee51a7000 JavaThread "RMI TCP Connection(1)-10.146.98.241" daemon [_thread_in_native, id=57091, stack(0x000000011bbdd000,0x000000011bcdd000)]
  0x00007fdee5177800 JavaThread "RMI TCP Accept-0" daemon [_thread_in_native, id=56583, stack(0x000000011b3d0000,0x000000011b4d0000)]
  0x00007fdee587e000 JavaThread "Attach Listener" daemon [_thread_blocked, id=55299, stack(0x000000011b26c000,0x000000011b36c000)]
  0x00007fdee5000000 JavaThread "DestroyJavaVM" [_thread_blocked, id=5891, stack(0x0000000109e8f000,0x0000000109f8f000)]
=>0x00007fdee414e000 JavaThread "AWT-EventQueue-0" [_thread_in_native, id=52495, stack(0x000000011ad3d000,0x000000011ae3d000)]
  0x00007fdee50e7000 JavaThread "Java2D Disposer" daemon [_thread_blocked, id=48691, stack(0x0000000119741000,0x0000000119841000)]
  0x00007fdee5074000 JavaThread "Java2D Queue Flusher" daemon [_thread_blocked, id=47371, stack(0x00000001189ff000,0x0000000118aff000)]
  0x00007fdee506d800 JavaThread "AWT-Shutdown" [_thread_blocked, id=28427, stack(0x0000000116087000,0x0000000116187000)]
  0x00007fdee40b0800 JavaThread "AppKit Thread" daemon [_thread_in_native, id=1287, stack(0x00007fff56859000,0x00007fff568d9000)]
  0x00007fdee4032000 JavaThread "Service Thread" daemon [_thread_blocked, id=19459, stack(0x00000001144aa000,0x00000001145aa000)]
  0x00007fdee4031000 JavaThread "C2 CompilerThread1" daemon [_thread_blocked, id=18947, stack(0x00000001143a7000,0x00000001144a7000)]
  0x00007fdee402c000 JavaThread "C2 CompilerThread0" daemon [_thread_blocked, id=18435, stack(0x00000001142a4000,0x00000001143a4000)]
  0x00007fdee504b000 JavaThread "Signal Dispatcher" daemon [_thread_blocked, id=17923, stack(0x00000001141a1000,0x00000001142a1000)]
  0x00007fdee5038800 JavaThread "Finalizer" daemon [_thread_blocked, id=13059, stack(0x0000000113f6a000,0x000000011406a000)]
  0x00007fdee5035800 JavaThread "Reference Handler" daemon [_thread_blocked, id=12547, stack(0x0000000113e67000,0x0000000113f67000)]

Other Threads:
  0x00007fdee4028000 VMThread [stack: 0x0000000113d64000,0x0000000113e64000] [id=12035]
  0x00007fdee403a800 WatcherThread [stack: 0x00000001145ad000,0x00000001146ad000] [id=19971]

VM state:not at safepoint (normal execution)

VM Mutex/Monitor currently owned by a thread: None

Heap
 PSYoungGen      total 38912K, used 29465K [0x00000007d5500000, 0x00000007d8000000, 0x0000000800000000)
  eden space 33792K, 73% used [0x00000007d5500000,0x00000007d6d55578,0x00000007d7600000)
  from space 5120K, 88% used [0x00000007d7600000,0x00000007d7a71180,0x00000007d7b00000)
  to   space 5120K, 0% used [0x00000007d7b00000,0x00000007d7b00000,0x00000007d8000000)
 ParOldGen       total 87040K, used 8K [0x0000000780000000, 0x0000000785500000, 0x00000007d5500000)
  object space 87040K, 0% used [0x0000000780000000,0x0000000780002000,0x0000000785500000)
 PSPermGen       total 21504K, used 12857K [0x000000077ae00000, 0x000000077c300000, 0x0000000780000000)
  object space 21504K, 59% used [0x000000077ae00000,0x000000077ba8e6e0,0x000000077c300000)

Card table byte_map: [0x000000010d8c0000,0x000000010dcea000] byte_map_base: 0x0000000109ce9000

Polling page: 0x0000000109fce000

Code Cache  [0x000000010a800000, 0x000000010aa70000, 0x000000010d800000)
 total_blobs=604 nmethods=153 adapters=405 free_code_cache=48305Kb largest_free_block=49443904

Compilation events (10 events):
Event: 66.360 Thread 0x00007fdee402c000 nmethod 148 0x000000010a8d15d0 code [0x000000010a8d1740, 0x000000010a8d1a08]
Event: 66.400 Thread 0x00007fdee402c000  150             java.util.concurrent.atomic.AtomicLong::get (5 bytes)
Event: 66.400 Thread 0x00007fdee402c000 nmethod 150 0x000000010a8d1b90 code [0x000000010a8d1cc0, 0x000000010a8d1d18]
Event: 66.400 Thread 0x00007fdee402c000  151             java.util.concurrent.atomic.AtomicLong::compareAndSet (13 bytes)
Event: 66.400 Thread 0x00007fdee402c000 nmethod 151 0x000000010a8d1050 code [0x000000010a8d1180, 0x000000010a8d11f8]
Event: 66.400 Thread 0x00007fdee402c000  153             java.util.Random::next (47 bytes)
Event: 66.401 Thread 0x00007fdee402c000 nmethod 153 0x000000010a8d0d90 code [0x000000010a8d0ec0, 0x000000010a8d0f98]
Event: 66.418 Thread 0x00007fdee4031000 nmethod 149% 0x000000010a8d4cd0 code [0x000000010a8d50a0, 0x000000010a8d6df8]
Event: 66.436 Thread 0x00007fdee402c000  154             javax.management.openmbean.ArrayType::isValue (165 bytes)
Event: 66.442 Thread 0x00007fdee402c000 nmethod 154 0x000000010a8d1f90 code [0x000000010a8d2160, 0x000000010a8d28e0]

GC Heap History (2 events):
Event: 54.938 GC heap before
{Heap before GC invocations=1 (full 0):
 PSYoungGen      total 38912K, used 33792K [0x00000007d5500000, 0x00000007d8000000, 0x0000000800000000)
  eden space 33792K, 100% used [0x00000007d5500000,0x00000007d7600000,0x00000007d7600000)
  from space 5120K, 0% used [0x00000007d7b00000,0x00000007d7b00000,0x00000007d8000000)
  to   space 5120K, 0% used [0x00000007d7600000,0x00000007d7600000,0x00000007d7b00000)
 ParOldGen       total 87040K, used 0K [0x0000000780000000, 0x0000000785500000, 0x00000007d5500000)
  object space 87040K, 0% used [0x0000000780000000,0x0000000780000000,0x0000000785500000)
 PSPermGen       total 21504K, used 12784K [0x000000077ae00000, 0x000000077c300000, 0x0000000780000000)
  object space 21504K, 59% used [0x000000077ae00000,0x000000077ba7c298,0x000000077c300000)
Event: 54.947 GC heap after
Heap after GC invocations=1 (full 0):
 PSYoungGen      total 38912K, used 4548K [0x00000007d5500000, 0x00000007d8000000, 0x0000000800000000)
  eden space 33792K, 0% used [0x00000007d5500000,0x00000007d5500000,0x00000007d7600000)
  from space 5120K, 88% used [0x00000007d7600000,0x00000007d7a71180,0x00000007d7b00000)
  to   space 5120K, 0% used [0x00000007d7b00000,0x00000007d7b00000,0x00000007d8000000)
 ParOldGen       total 87040K, used 8K [0x0000000780000000, 0x0000000785500000, 0x00000007d5500000)
  object space 87040K, 0% used [0x0000000780000000,0x0000000780002000,0x0000000785500000)
 PSPermGen       total 21504K, used 12784K [0x000000077ae00000, 0x000000077c300000, 0x0000000780000000)
  object space 21504K, 59% used [0x000000077ae00000,0x000000077ba7c298,0x000000077c300000)
}

Deoptimization events (7 events):
Event: 3.100 Thread 0x00007fdee414e000 Uncommon trap: reason=class_check action=maybe_recompile pc=0x000000010a87478c method=java.lang.String.equals(Ljava/lang/Object;)Z @ 8
Event: 3.101 Thread 0x00007fdee414e000 Uncommon trap: reason=class_check action=maybe_recompile pc=0x000000010a87478c method=java.lang.String.equals(Ljava/lang/Object;)Z @ 8
Event: 3.102 Thread 0x00007fdee414e000 Uncommon trap: reason=class_check action=maybe_recompile pc=0x000000010a87478c method=java.lang.String.equals(Ljava/lang/Object;)Z @ 8
Event: 3.102 Thread 0x00007fdee414e000 Uncommon trap: reason=class_check action=maybe_recompile pc=0x000000010a87478c method=java.lang.String.equals(Ljava/lang/Object;)Z @ 8
Event: 42.278 Thread 0x00007fdee51a7000 Uncommon trap: reason=unreached action=reinterpret pc=0x000000010a8a43fc method=java.lang.reflect.Method.invoke(Ljava/lang/Object;[Ljava/lang/Object;)Ljava/lang/Object; @ 46
Event: 54.948 Thread 0x00007fdee5038800 Uncommon trap: reason=unreached action=reinterpret pc=0x000000010a8a6214 method=java.lang.ref.ReferenceQueue.poll()Ljava/lang/ref/Reference; @ 4
Event: 66.494 Thread 0x00007fdee414e000 Uncommon trap: reason=unreached action=reinterpret pc=0x000000010a894e98 method=java.lang.Class.getName()Ljava/lang/String; @ 6

Internal exceptions (10 events):
Event: 5.266 Thread 0x00007fdee51a7000 Threw 0x00000007d64b3020 at /HUDSON/workspace/7u-2-build-macosx-x86_64/jdk7u51/527/hotspot/src/share/vm/prims/jni.cpp:1632
Event: 6.336 Thread 0x00007fdee51a7000 Threw 0x00000007d650bcc0 at /HUDSON/workspace/7u-2-build-macosx-x86_64/jdk7u51/527/hotspot/src/share/vm/prims/jni.cpp:1632
Event: 6.354 Thread 0x00007fdee51a7000 Threw 0x00000007d651f1d8 at /HUDSON/workspace/7u-2-build-macosx-x86_64/jdk7u51/527/hotspot/src/share/vm/prims/jni.cpp:1632
Event: 42.278 Thread 0x00007fdee51a7000 Implicit null exception at 0x000000010a8a4394 to 0x000000010a8a43f1
Event: 66.320 Thread 0x00007fdee414e000 Threw 0x00000007d68cb358 at /HUDSON/workspace/7u-2-build-macosx-x86_64/jdk7u51/527/hotspot/src/share/vm/prims/jvm.cpp:1244
Event: 66.439 Thread 0x00007fdee414e000 Threw 0x00000007d6b0e5b0 at /HUDSON/workspace/7u-2-build-macosx-x86_64/jdk7u51/527/hotspot/src/share/vm/prims/jvm.cpp:1244
Event: 66.455 Thread 0x00007fdee414e000 Threw 0x00000007d6b17040 at /HUDSON/workspace/7u-2-build-macosx-x86_64/jdk7u51/527/hotspot/src/share/vm/prims/jvm.cpp:1244
Event: 66.474 Thread 0x00007fdee414e000 Threw 0x00000007d6b872c0 at /HUDSON/workspace/7u-2-build-macosx-x86_64/jdk7u51/527/hotspot/src/share/vm/prims/jvm.cpp:1244
Event: 66.474 Thread 0x00007fdee414e000 Threw 0x00000007d6b899a8 at /HUDSON/workspace/7u-2-build-macosx-x86_64/jdk7u51/527/hotspot/src/share/vm/prims/jvm.cpp:1244
Event: 66.475 Thread 0x00007fdee414e000 Threw 0x00000007d6b8c800 at /HUDSON/workspace/7u-2-build-macosx-x86_64/jdk7u51/527/hotspot/src/share/vm/prims/jvm.cpp:1244

Events (10 events):
Event: 66.475 loading class 0x00007fdee642d740 done
Event: 66.476 loading class 0x0000000112ae3650
Event: 66.476 loading class 0x0000000112ae3650 done
Event: 66.494 Thread 0x00007fdee414e000 Uncommon trap: trap_request=0xffffffad fr.pc=0x000000010a894e98
Event: 66.494 Thread 0x00007fdee414e000 DEOPT PACKING pc=0x000000010a894e98 sp=0x000000011ae3a350
Event: 66.494 Thread 0x00007fdee414e000 DEOPT UNPACKING pc=0x000000010a839045 sp=0x000000011ae3a310 mode 2
Event: 66.536 Executing VM operation: ThreadDump
Event: 66.536 Executing VM operation: ThreadDump done
Event: 66.637 Executing VM operation: ThreadDump
Event: 66.637 Executing VM operation: ThreadDump done


Dynamic libraries:
0x00000000083b1000 	/System/Library/Frameworks/Cocoa.framework/Versions/A/Cocoa
0x00000000083b1000 	/System/Library/Frameworks/Security.framework/Versions/A/Security
0x00000000083b1000 	/System/Library/Frameworks/ApplicationServices.framework/Versions/A/ApplicationServices
0x00000000083b1000 	/usr/lib/libz.1.dylib
0x00000000083b1000 	/usr/lib/libSystem.B.dylib
0x00000000083b1000 	/usr/lib/libobjc.A.dylib
0x00000000083b1000 	/System/Library/Frameworks/CoreFoundation.framework/Versions/A/CoreFoundation
0x00000000083b1000 	/System/Library/Frameworks/Foundation.framework/Versions/C/Foundation
0x00000000083b1000 	/System/Library/Frameworks/AppKit.framework/Versions/C/AppKit
0x00000000083b1000 	/System/Library/Frameworks/CoreData.framework/Versions/A/CoreData
0x00000000083b1000 	/System/Library/PrivateFrameworks/RemoteViewServices.framework/Versions/A/RemoteViewServices
0x00000000083b1000 	/System/Library/Frameworks/AudioToolbox.framework/Versions/A/AudioToolbox
0x00000000083b1000 	/System/Library/Frameworks/AudioUnit.framework/Versions/A/AudioUnit
0x00000000083b1000 	/System/Library/PrivateFrameworks/DataDetectorsCore.framework/Versions/A/DataDetectorsCore
0x00000000083b1000 	/System/Library/PrivateFrameworks/DesktopServicesPriv.framework/Versions/A/DesktopServicesPriv
0x00000000083b1000 	/System/Library/Frameworks/Carbon.framework/Versions/A/Frameworks/HIToolbox.framework/Versions/A/HIToolbox
0x00000000083b1000 	/System/Library/Frameworks/QuartzCore.framework/Versions/A/QuartzCore
0x00000000083b1000 	/System/Library/Frameworks/Carbon.framework/Versions/A/Frameworks/SpeechRecognition.framework/Versions/A/SpeechRecognition
0x00000000083b1000 	/usr/lib/libauto.dylib
0x00000000083b1000 	/usr/lib/libicucore.A.dylib
0x00000000083b1000 	/usr/lib/libxml2.2.dylib
0x00000000083b1000 	/System/Library/PrivateFrameworks/CoreUI.framework/Versions/A/CoreUI
0x00000000083b1000 	/System/Library/Frameworks/CoreAudio.framework/Versions/A/CoreAudio
0x00000000083b1000 	/System/Library/Frameworks/DiskArbitration.framework/Versions/A/DiskArbitration
0x00000000083b1000 	/usr/lib/liblangid.dylib
0x00000000083b1000 	/System/Library/PrivateFrameworks/MultitouchSupport.framework/Versions/A/MultitouchSupport
0x00000000083b1000 	/System/Library/Frameworks/IOKit.framework/Versions/A/IOKit
0x00000000083b1000 	/usr/lib/libDiagnosticMessagesClient.dylib
0x00000000083b1000 	/System/Library/Frameworks/CoreServices.framework/Versions/A/CoreServices
0x00000000083b1000 	/System/Library/PrivateFrameworks/PerformanceAnalysis.framework/Versions/A/PerformanceAnalysis
0x00000000083b1000 	/System/Library/PrivateFrameworks/GenerationalStorage.framework/Versions/A/GenerationalStorage
0x00000000083b1000 	/System/Library/Frameworks/OpenGL.framework/Versions/A/OpenGL
0x00000000083b1000 	/System/Library/PrivateFrameworks/Sharing.framework/Versions/A/Sharing
0x00000000083b1000 	/System/Library/Frameworks/ImageIO.framework/Versions/A/ImageIO
0x00000000083b1000 	/System/Library/Frameworks/CoreText.framework/Versions/A/CoreText
0x00000000083b1000 	/System/Library/Frameworks/CoreGraphics.framework/Versions/A/CoreGraphics
0x00000000083b1000 	/System/Library/PrivateFrameworks/Backup.framework/Versions/A/Backup
0x00000000083b1000 	/System/Library/Frameworks/CFNetwork.framework/Versions/A/CFNetwork
0x00000000083b1000 	/System/Library/Frameworks/SystemConfiguration.framework/Versions/A/SystemConfiguration
0x00000000083b1000 	/usr/lib/libCRFSuite.dylib
0x00000000083b1000 	/usr/lib/libc++.1.dylib
0x00000000083b1000 	/usr/lib/libc++abi.dylib
0x00000000083b1000 	/usr/lib/system/libcache.dylib
0x00000000083b1000 	/usr/lib/system/libcommonCrypto.dylib
0x00000000083b1000 	/usr/lib/system/libcompiler_rt.dylib
0x00000000083b1000 	/usr/lib/system/libcopyfile.dylib
0x00000000083b1000 	/usr/lib/system/libcorecrypto.dylib
0x00000000083b1000 	/usr/lib/system/libdispatch.dylib
0x00000000083b1000 	/usr/lib/system/libdyld.dylib
0x00000000083b1000 	/usr/lib/system/libkeymgr.dylib
0x00000000083b1000 	/usr/lib/system/liblaunch.dylib
0x00000000083b1000 	/usr/lib/system/libmacho.dylib
0x00000000083b1000 	/usr/lib/system/libquarantine.dylib
0x00000000083b1000 	/usr/lib/system/libremovefile.dylib
0x00000000083b1000 	/usr/lib/system/libsystem_asl.dylib
0x00000000083b1000 	/usr/lib/system/libsystem_blocks.dylib
0x00000000083b1000 	/usr/lib/system/libsystem_c.dylib
0x00000000083b1000 	/usr/lib/system/libsystem_configuration.dylib
0x00000000083b1000 	/usr/lib/system/libsystem_dnssd.dylib
0x00000000083b1000 	/usr/lib/system/libsystem_info.dylib
0x00000000083b1000 	/usr/lib/system/libsystem_kernel.dylib
0x00000000083b1000 	/usr/lib/system/libsystem_m.dylib
0x00000000083b1000 	/usr/lib/system/libsystem_malloc.dylib
0x00000000083b1000 	/usr/lib/system/libsystem_network.dylib
0x00000000083b1000 	/usr/lib/system/libsystem_notify.dylib
0x00000000083b1000 	/usr/lib/system/libsystem_platform.dylib
0x00000000083b1000 	/usr/lib/system/libsystem_pthread.dylib
0x00000000083b1000 	/usr/lib/system/libsystem_sandbox.dylib
0x00000000083b1000 	/usr/lib/system/libsystem_stats.dylib
0x00000000083b1000 	/usr/lib/system/libunc.dylib
0x00000000083b1000 	/usr/lib/system/libunwind.dylib
0x00000000083b1000 	/usr/lib/system/libxpc.dylib
0x00000000083b1000 	/usr/lib/libbsm.0.dylib
0x00000000083b1000 	/usr/lib/libsqlite3.dylib
0x00000000083b1000 	/usr/lib/libxar.1.dylib
0x00000000083b1000 	/usr/lib/libpam.2.dylib
0x00000000083b1000 	/usr/lib/libOpenScriptingUtil.dylib
0x00000000083b1000 	/usr/lib/libbz2.1.0.dylib
0x00000000083b1000 	/System/Library/Frameworks/CoreServices.framework/Versions/A/Frameworks/CarbonCore.framework/Versions/A/CarbonCore
0x00000000083b1000 	/System/Library/Frameworks/CoreServices.framework/Versions/A/Frameworks/Metadata.framework/Versions/A/Metadata
0x00000000083b1000 	/System/Library/Frameworks/CoreServices.framework/Versions/A/Frameworks/OSServices.framework/Versions/A/OSServices
0x00000000083b1000 	/System/Library/Frameworks/CoreServices.framework/Versions/A/Frameworks/SearchKit.framework/Versions/A/SearchKit
0x00000000083b1000 	/System/Library/Frameworks/CoreServices.framework/Versions/A/Frameworks/AE.framework/Versions/A/AE
0x00000000083b1000 	/System/Library/Frameworks/CoreServices.framework/Versions/A/Frameworks/LaunchServices.framework/Versions/A/LaunchServices
0x00000000083b1000 	/System/Library/Frameworks/CoreServices.framework/Versions/A/Frameworks/DictionaryServices.framework/Versions/A/DictionaryServices
0x00000000083b1000 	/System/Library/Frameworks/NetFS.framework/Versions/A/NetFS
0x00000000083b1000 	/usr/lib/system/libkxld.dylib
0x00000000083b1000 	/System/Library/PrivateFrameworks/NetAuth.framework/Versions/A/NetAuth
0x00000000083b1000 	/System/Library/PrivateFrameworks/TCC.framework/Versions/A/TCC
0x00000000083b1000 	/System/Library/Frameworks/OpenDirectory.framework/Versions/A/Frameworks/CFOpenDirectory.framework/Versions/A/CFOpenDirectory
0x00000000083b1000 	/System/Library/Frameworks/ServiceManagement.framework/Versions/A/ServiceManagement
0x00000000083b1000 	/usr/lib/libxslt.1.dylib
0x00000000083b1000 	/System/Library/Frameworks/Carbon.framework/Versions/A/Frameworks/Ink.framework/Versions/A/Ink
0x00000000083b1000 	/System/Library/Frameworks/ApplicationServices.framework/Versions/A/Frameworks/ATS.framework/Versions/A/ATS
0x00000000083b1000 	/System/Library/Frameworks/ApplicationServices.framework/Versions/A/Frameworks/ColorSync.framework/Versions/A/ColorSync
0x00000000083b1000 	/System/Library/Frameworks/ApplicationServices.framework/Versions/A/Frameworks/HIServices.framework/Versions/A/HIServices
0x00000000083b1000 	/System/Library/Frameworks/ApplicationServices.framework/Versions/A/Frameworks/LangAnalysis.framework/Versions/A/LangAnalysis
0x00000000083b1000 	/System/Library/Frameworks/ApplicationServices.framework/Versions/A/Frameworks/PrintCore.framework/Versions/A/PrintCore
0x00000000083b1000 	/System/Library/Frameworks/ApplicationServices.framework/Versions/A/Frameworks/QD.framework/Versions/A/QD
0x00000000083b1000 	/System/Library/Frameworks/ApplicationServices.framework/Versions/A/Frameworks/SpeechSynthesis.framework/Versions/A/SpeechSynthesis
0x00000000083b1000 	/System/Library/Frameworks/IOSurface.framework/Versions/A/IOSurface
0x00000000083b1000 	/System/Library/Frameworks/Accelerate.framework/Versions/A/Accelerate
0x00000000083b1000 	/System/Library/Frameworks/Accelerate.framework/Versions/A/Frameworks/vImage.framework/Versions/A/vImage
0x00000000083b1000 	/System/Library/Frameworks/Accelerate.framework/Versions/A/Frameworks/vecLib.framework/Versions/A/vecLib
0x00000000083b1000 	/System/Library/Frameworks/Accelerate.framework/Versions/A/Frameworks/vecLib.framework/Versions/A/libvDSP.dylib
0x00000000083b1000 	/System/Library/Frameworks/Accelerate.framework/Versions/A/Frameworks/vecLib.framework/Versions/A/libvMisc.dylib
0x00000000083b1000 	/System/Library/Frameworks/Accelerate.framework/Versions/A/Frameworks/vecLib.framework/Versions/A/libLAPACK.dylib
0x00000000083b1000 	/System/Library/Frameworks/Accelerate.framework/Versions/A/Frameworks/vecLib.framework/Versions/A/libBLAS.dylib
0x00000000083b1000 	/System/Library/Frameworks/ApplicationServices.framework/Versions/A/Frameworks/ATS.framework/Versions/A/Resources/libFontParser.dylib
0x00000000083b1000 	/System/Library/Frameworks/ApplicationServices.framework/Versions/A/Frameworks/ATS.framework/Versions/A/Resources/libFontRegistry.dylib
0x00000000083b1000 	/System/Library/Frameworks/ImageIO.framework/Versions/A/Resources/libJPEG.dylib
0x00000000083b1000 	/System/Library/Frameworks/ImageIO.framework/Versions/A/Resources/libTIFF.dylib
0x00000000083b1000 	/System/Library/Frameworks/ImageIO.framework/Versions/A/Resources/libPng.dylib
0x00000000083b1000 	/System/Library/Frameworks/ImageIO.framework/Versions/A/Resources/libGIF.dylib
0x00000000083b1000 	/System/Library/Frameworks/ImageIO.framework/Versions/A/Resources/libJP2.dylib
0x00000000083b1000 	/System/Library/Frameworks/ImageIO.framework/Versions/A/Resources/libRadiance.dylib
0x00000000083b1000 	/usr/lib/libcups.2.dylib
0x00000000083b1000 	/System/Library/Frameworks/Kerberos.framework/Versions/A/Kerberos
0x00000000083b1000 	/System/Library/Frameworks/GSS.framework/Versions/A/GSS
0x00000000083b1000 	/usr/lib/libresolv.9.dylib
0x00000000083b1000 	/usr/lib/libiconv.2.dylib
0x00000000083b1000 	/System/Library/PrivateFrameworks/Heimdal.framework/Versions/A/Heimdal
0x00000000083b1000 	/System/Library/PrivateFrameworks/TrustEvaluationAgent.framework/Versions/A/TrustEvaluationAgent
0x00000000083b1000 	/usr/lib/libheimdal-asn1.dylib
0x00000000083b1000 	/System/Library/Frameworks/OpenDirectory.framework/Versions/A/OpenDirectory
0x00000000083b1000 	/System/Library/PrivateFrameworks/CommonAuth.framework/Versions/A/CommonAuth
0x00000000083b1000 	/System/Library/Frameworks/SecurityFoundation.framework/Versions/A/SecurityFoundation
0x00000000083b1000 	/System/Library/PrivateFrameworks/Bom.framework/Versions/A/Bom
0x00000000083b1000 	/System/Library/Frameworks/CoreVideo.framework/Versions/A/CoreVideo
0x00000000083b1000 	/System/Library/Frameworks/QuartzCore.framework/Versions/A/Frameworks/CoreImage.framework/Versions/A/CoreImage
0x00000000083b1000 	/System/Library/Frameworks/QuartzCore.framework/Versions/A/Frameworks/ScalableUserInterface.framework/Versions/A/ScalableUserInterface
0x00000000083b1000 	/System/Library/Frameworks/OpenGL.framework/Versions/A/Libraries/libGLU.dylib
0x00000000083b1000 	/System/Library/Frameworks/OpenGL.framework/Versions/A/Libraries/libGFXShared.dylib
0x00000000083b1000 	/System/Library/Frameworks/OpenGL.framework/Versions/A/Libraries/libGL.dylib
0x00000000083b1000 	/System/Library/Frameworks/OpenGL.framework/Versions/A/Libraries/libGLImage.dylib
0x00000000083b1000 	/System/Library/Frameworks/OpenGL.framework/Versions/A/Libraries/libCVMSPluginSupport.dylib
0x00000000083b1000 	/System/Library/Frameworks/OpenGL.framework/Versions/A/Libraries/libCoreVMClient.dylib
0x00000000083b1000 	/System/Library/PrivateFrameworks/FaceCore.framework/Versions/A/FaceCore
0x00000000083b1000 	/System/Library/PrivateFrameworks/CrashReporterSupport.framework/Versions/A/CrashReporterSupport
0x00000000083b1000 	/System/Library/Frameworks/OpenCL.framework/Versions/A/OpenCL
0x00000000083b1000 	/System/Library/PrivateFrameworks/AppleFSCompression.framework/Versions/A/AppleFSCompression
0x00000000083b1000 	/System/Library/PrivateFrameworks/Ubiquity.framework/Versions/A/Ubiquity
0x00000000083b1000 	/System/Library/PrivateFrameworks/IconServices.framework/Versions/A/IconServices
0x00000000083b1000 	/System/Library/PrivateFrameworks/ChunkingLibrary.framework/Versions/A/ChunkingLibrary
0x00000000083b1000 	/System/Library/PrivateFrameworks/CoreSymbolication.framework/Versions/A/CoreSymbolication
0x00000000083b1000 	/System/Library/PrivateFrameworks/Symbolication.framework/Versions/A/Symbolication
0x00000000083b1000 	/System/Library/PrivateFrameworks/DebugSymbols.framework/Versions/A/DebugSymbols
0x0000000109425000 	/Library/Java/JavaVirtualMachines/jdk1.7.0_51.jdk/Contents/Home/jre/lib/server/libjvm.dylib
0x00000000083b1000 	/usr/lib/libstdc++.6.dylib
0x0000000109f91000 	/Library/Java/JavaVirtualMachines/jdk1.7.0_51.jdk/Contents/Home/jre/lib/libverify.dylib
0x0000000109f9e000 	/Library/Java/JavaVirtualMachines/jdk1.7.0_51.jdk/Contents/Home/jre/lib/libjava.dylib
0x0000000109fd8000 	/Library/Java/JavaVirtualMachines/jdk1.7.0_51.jdk/Contents/Home/jre/lib/libzip.dylib
0x0000000109fe2000 	/System/Library/Frameworks/JavaVM.framework/Frameworks/JavaRuntimeSupport.framework/JavaRuntimeSupport
0x000000011406c000 	/System/Library/Frameworks/JavaVM.framework/Versions/A/Frameworks/JavaNativeFoundation.framework/Versions/A/JavaNativeFoundation
0x0000000114081000 	/System/Library/Frameworks/JavaVM.framework/Versions/A/JavaVM
0x00000000083b1000 	/System/Library/Frameworks/Carbon.framework/Versions/A/Carbon
0x000000011408e000 	/System/Library/PrivateFrameworks/JavaLaunching.framework/Versions/A/JavaLaunching
0x00000000083b1000 	/System/Library/Frameworks/Carbon.framework/Versions/A/Frameworks/CommonPanels.framework/Versions/A/CommonPanels
0x00000000083b1000 	/System/Library/Frameworks/Carbon.framework/Versions/A/Frameworks/Help.framework/Versions/A/Help
0x00000000083b1000 	/System/Library/Frameworks/Carbon.framework/Versions/A/Frameworks/ImageCapture.framework/Versions/A/ImageCapture
0x00000000083b1000 	/System/Library/Frameworks/Carbon.framework/Versions/A/Frameworks/OpenScripting.framework/Versions/A/OpenScripting
0x00000000083b1000 	/System/Library/Frameworks/Carbon.framework/Versions/A/Frameworks/Print.framework/Versions/A/Print
0x00000000083b1000 	/System/Library/Frameworks/Carbon.framework/Versions/A/Frameworks/SecurityHI.framework/Versions/A/SecurityHI
0x00000001146f7000 	/Library/Java/JavaVirtualMachines/jdk1.7.0_51.jdk/Contents/Home/jre/lib/libawt.dylib
0x00000001147a6000 	/Library/Java/JavaVirtualMachines/jdk1.7.0_51.jdk/Contents/Home/jre/lib/./libmlib_image.dylib
0x0000000114872000 	/Library/Java/JavaVirtualMachines/jdk1.7.0_51.jdk/Contents/Home/jre/lib/lwawt/liblwawt.dylib
0x0000000114926000 	/Library/Java/JavaVirtualMachines/jdk1.7.0_51.jdk/Contents/Home/jre/lib/libosxapp.dylib
0x00000000083b1000 	/System/Library/Frameworks/ExceptionHandling.framework/Versions/A/ExceptionHandling
0x00000000083b1000 	/System/Library/PrivateFrameworks/CoreServicesInternal.framework/Versions/A/CoreServicesInternal
0x00000000083b1000 	/System/Library/PrivateFrameworks/Librarian.framework/Versions/A/Librarian
0x00000000083b1000 	/System/Library/Frameworks/CoreGraphics.framework/Versions/A/Resources/libCGCMS.A.dylib
0x00000000083b1000 	/System/Library/Frameworks/CoreGraphics.framework/Versions/A/Resources/libRIP.A.dylib
0x00000000083b1000 	/System/Library/Frameworks/CoreGraphics.framework/Versions/A/Resources/libCGXType.A.dylib
0x00000000083b1000 	/System/Library/PrivateFrameworks/FamilyControls.framework/Versions/A/FamilyControls
0x00000000083b1000 	/System/Library/PrivateFrameworks/CommerceKit.framework/Versions/A/Frameworks/CommerceCore.framework/Versions/A/CommerceCore
0x00000000083b1000 	/System/Library/PrivateFrameworks/SystemAdministration.framework/Versions/A/SystemAdministration
0x00000000083b1000 	/System/Library/Frameworks/DirectoryService.framework/Versions/A/DirectoryService
0x00000000083b1000 	/System/Library/PrivateFrameworks/DiskImages.framework/Versions/A/DiskImages
0x00000000083b1000 	/System/Library/PrivateFrameworks/LoginUIKit.framework/Versions/A/Frameworks/LoginUICore.framework/Versions/A/LoginUICore
0x00000000083b1000 	/usr/lib/libCoreStorage.dylib
0x00000000083b1000 	/usr/lib/libcsfde.dylib
0x00000000083b1000 	/usr/lib/libodfde.dylib
0x00000000083b1000 	/System/Library/Frameworks/DiscRecording.framework/Versions/A/DiscRecording
0x00000000083b1000 	/usr/lib/libcurl.4.dylib
0x00000000083b1000 	/System/Library/PrivateFrameworks/MediaKit.framework/Versions/A/MediaKit
0x00000000083b1000 	/System/Library/PrivateFrameworks/EFILogin.framework/Versions/A/EFILogin
0x00000000083b1000 	/usr/lib/libutil.dylib
0x00000000083b1000 	/System/Library/PrivateFrameworks/AOSNotification.framework/Versions/A/AOSNotification
0x00000000083b1000 	/System/Library/Frameworks/LDAP.framework/Versions/A/LDAP
0x00000000083b1000 	/usr/lib/libsasl2.2.dylib
0x00000000083b1000 	/usr/lib/libcrypto.0.9.8.dylib
0x00000000083b1000 	/usr/lib/libssl.0.9.8.dylib
0x00000000083b1000 	/System/Library/Frameworks/OpenGL.framework/Versions/A/Resources/GLEngine.bundle/GLEngine
0x00000000083b1000 	/System/Library/Frameworks/OpenGL.framework/Versions/A/Libraries/libGLProgrammability.dylib
0x0000000000000000 	/System/Library/Extensions/AppleIntelHD4000GraphicsGLDriver.bundle/Contents/MacOS/AppleIntelHD4000GraphicsGLDriver
0x00000000083b1000 	/System/Library/PrivateFrameworks/IOAccelerator.framework/Versions/A/IOAccelerator
0x00000000083b1000 	/System/Library/PrivateFrameworks/GPUSupport.framework/Versions/A/Libraries/libGPUSupportMercury.dylib
0x00000000083b1000 	/System/Library/Frameworks/OpenGL.framework/Versions/A/Resources/GLRendererFloat.bundle/GLRendererFloat
0x00000000083b1000 	/System/Library/Frameworks/OpenCL.framework/Versions/A/Libraries/libcldcpuengine.dylib
0x0000000119843000 	/Library/Java/JavaVirtualMachines/jdk1.7.0_51.jdk/Contents/Home/jre/lib/libfontmanager.dylib
0x000000011625b000 	/Library/Java/JavaVirtualMachines/jdk1.7.0_51.jdk/Contents/Home/jre/lib/libosxui.dylib
0x000000011c251000 	/Library/Java/JavaVirtualMachines/jdk1.7.0_51.jdk/Contents/Home/jre/lib/libnet.dylib
0x000000011c2ae000 	/Library/Java/JavaVirtualMachines/jdk1.7.0_51.jdk/Contents/Home/jre/lib/libnio.dylib
0x000000011b36e000 	/Library/Java/JavaVirtualMachines/jdk1.7.0_51.jdk/Contents/Home/jre/lib/libinstrument.dylib
0x000000011b3c2000 	/Library/Java/JavaVirtualMachines/jdk1.7.0_51.jdk/Contents/Home/jre/lib/libmanagement.dylib
0x000000011b50e000 	/Users/zalbhathena/Documents/workspace/Thesis-Test-Application/HPA* Program/jni/libsearchalgorithms.dylib

VM Arguments:
jvm_args: -Djava.library.path=/Users/zalbhathena/Documents/workspace/Thesis-Test-Application/HPA* Program/jni -Dfile.encoding=US-ASCII 
java_command: HPAProgram
Launcher Type: SUN_STANDARD

Environment Variables:
PATH=/usr/bin:/bin:/usr/sbin:/sbin
LD_LIBRARY_PATH=src
SHELL=/bin/bash

Signal Handlers:
SIGSEGV: [libjvm.dylib+0x525425], sa_mask[0]=0xfffefeff, sa_flags=0x00000043
SIGBUS: [libjvm.dylib+0x525425], sa_mask[0]=0xfffefeff, sa_flags=0x00000042
SIGFPE: [libjvm.dylib+0x41892a], sa_mask[0]=0xfffefeff, sa_flags=0x00000042
SIGPIPE: [libjvm.dylib+0x41892a], sa_mask[0]=0xfffefeff, sa_flags=0x00000042
SIGXFSZ: [libjvm.dylib+0x41892a], sa_mask[0]=0xfffefeff, sa_flags=0x00000042
SIGILL: [libjvm.dylib+0x41892a], sa_mask[0]=0xfffefeff, sa_flags=0x00000042
SIGUSR1: SIG_DFL, sa_mask[0]=0x00000000, sa_flags=0x00000002
SIGUSR2: [libjvm.dylib+0x41841c], sa_mask[0]=0x00000004, sa_flags=0x00000042
SIGHUP: [libjvm.dylib+0x4166ab], sa_mask[0]=0xfffefeff, sa_flags=0x00000042
SIGINT: [libjvm.dylib+0x4166ab], sa_mask[0]=0xfffefeff, sa_flags=0x00000042
SIGTERM: [libjvm.dylib+0x4166ab], sa_mask[0]=0xfffefeff, sa_flags=0x00000042
SIGQUIT: [libjvm.dylib+0x4166ab], sa_mask[0]=0xfffefeff, sa_flags=0x00000042


---------------  S Y S T E M  ---------------

OS:Bsduname:Darwin 13.0.0 Darwin Kernel Version 13.0.0: Thu Sep 19 22:22:27 PDT 2013; root:xnu-2422.1.72~6/RELEASE_X86_64 x86_64
rlimit: STACK 8192k, CORE 0k, NPROC 709, NOFILE 10240, AS infinity
load average:1.17 1.74 2.97

CPU:total 4 (2 cores per cpu, 2 threads per core) family 6 model 58 stepping 9, cmov, cx8, fxsr, mmx, sse, sse2, sse3, ssse3, sse4.1, sse4.2, popcnt, avx, aes, erms, ht, tsc, tscinvbit, tscinv

Memory: 4k page, physical 8388608k(2097152k free)

/proc/meminfo:


vm_info: Java HotSpot(TM) 64-Bit Server VM (24.51-b03) for bsd-amd64 JRE (1.7.0_51-b13), built on Dec 18 2013 18:45:56 by "java_re" with gcc 4.2.1 (Based on Apple Inc. build 5658) (LLVM build 2336.11.00)

time: Mon Mar 17 13:58:54 2014
elapsed time: 66 seconds

