#
# A fatal error has been detected by the Java Runtime Environment:
#
#  SIGBUS (0xa) at pc=0x000000019f1569fd, pid=7613, tid=6403
#
# JRE version: Java(TM) SE Runtime Environment (7.0_51-b13) (build 1.7.0_51-b13)
# Java VM: Java HotSpot(TM) 64-Bit Server VM (24.51-b03 mixed mode bsd-amd64 compressed oops)
# Problematic frame:
# C  [libhpaprogram.dylib+0x3b9fd]  create_dcdt(double const*, GsArray<GsVec2>*)+0x4d
#
# Failed to write core dump. Core dumps have been disabled. To enable core dumping, try "ulimit -c unlimited" before starting Java again
#
# If you would like to submit a bug report, please visit:
#   http://bugreport.sun.com/bugreport/crash.jsp
# The crash happened outside the Java Virtual Machine in native code.
# See problematic frame for where to report the bug.
#

---------------  T H R E A D  ---------------

Current thread (0x00007f9995800000):  JavaThread "main" [_thread_in_native, id=6403, stack(0x000000010fe54000,0x000000010ff54000)]

siginfo:si_signo=SIGBUS: si_errno=0, si_code=2 (BUS_ADRERR), si_addr=0x0000000113080000

Registers:
RAX=0x0000000113080000, RBX=0x0000000113382990, RCX=0x0000000001896430, RDX=0x0000000000000051
RSP=0x000000010ff536f0, RBP=0x000000010ff53780, RSI=0x0000000000312c87, RDI=0x00000001a0a13430
R8 =0x00000000000000a9, R9 =0x0000000000000000, R10=0x000000011306f000, R11=0x0000000000000206
R12=0x0000000000000000, R13=0x0000000113382990, R14=0x000000010ff539b8, R15=0x00007f9995800000
RIP=0x000000019f1569fd, EFLAGS=0x0000000000010206, ERR=0x0000000000000004
  TRAPNO=0x000000000000000e

Top of Stack: (sp=0x000000010ff536f0)
0x000000010ff536f0:   000000010ff53720 00007fff90be187c
0x000000010ff53700:   000000010eb15000 0000000000000044
0x000000010ff53710:   0000000000000700 0000000000000000
0x000000010ff53720:   00000001a0a13430 0000000000000004
0x000000010ff53730:   0000000800000000 000000010ff538e0
0x000000010ff53740:   000000010ff53760 000000019f129078
0x000000010ff53750:   000000019f17d000 003ffffe00312c87
0x000000010ff53760:   000000010ff53700 0000000113080000
0x000000010ff53770:   000000010ff538e0 000000010ff53790
0x000000010ff53780:   000000010ff53930 000000019f156e4e
0x000000010ff53790:   c024000000000000 c024000000000000
0x000000010ff537a0:   4024000000000000 c024000000000000
0x000000010ff537b0:   4024000000000000 4024000000000000
0x000000010ff537c0:   c024000000000000 4024000000000000
0x000000010ff537d0:   c0c81cccc0000000 3ff0000000000000
0x000000010ff537e0:   3ff0000000000000 401c000000000000
0x000000010ff537f0:   4008000000000000 4008000000000000
0x000000010ff53800:   4020000000000000 c0c81cccc0000000
0x000000010ff53810:   c0c81cccc0000000 000000019f156db8
0x000000010ff53820:   000000000000153a 000000010fb57f30
0x000000010ff53830:   00007f9993f18c80 0000000000000004
0x000000010ff53840:   000000010ff53890 000000000000153a
0x000000010ff53850:   00007f9900000009 00007f9993f00648
0x000000010ff53860:   00007f9993f00250 00007f9993f00628
0x000000010ff53870:   00000000000003d8 000000010ff538e0
0x000000010ff53880:   000000010ff53790 00007f990000000d
0x000000010ff53890:   000000010ff538e0 000000010f7faa81
0x000000010ff538a0:   00007f9995800000 000000010ff539b0
0x000000010ff538b0:   000000010ff53908 00007f9993f00648
0x000000010ff538c0:   000000010ff538e0 000000010f873dfe
0x000000010ff538d0:   00007f9995800000 00007f9995800000
0x000000010ff538e0:   0000000000000000 0000000000000000 

Instructions: (pc=0x000000019f1569fd)
0x000000019f1569dd:   48 8b 75 f8 48 89 75 e8 89 ce 89 ca 89 45 a8 e8
0x000000019f1569ed:   0f dd fc ff f2 0f 10 05 a7 1a 00 00 48 8b 45 e8
0x000000019f1569fd:   f2 0f 10 08 66 0f 2e c8 0f 85 0b 00 00 00 0f 8a
0x000000019f156a0d:   05 00 00 00 e9 56 00 00 00 48 8d 7d d0 e8 b3 0b 

Register to memory mapping:

RAX=0x0000000113080000 is an unknown value
RBX=0x0000000113382990 is an oop
{method} 
 - klass: {other class}
RCX=0x0000000001896430 is an unknown value
RDX=0x0000000000000051 is an unknown value
RSP=0x000000010ff536f0 is pointing into the stack for thread: 0x00007f9995800000
RBP=0x000000010ff53780 is pointing into the stack for thread: 0x00007f9995800000
RSI=0x0000000000312c87 is an unknown value
RDI=0x00000001a0a13430 is an unknown value
R8 =0x00000000000000a9 is an unknown value
R9 =0x0000000000000000 is an unknown value
R10=0x000000011306f000 is an unknown value
R11=0x0000000000000206 is an unknown value
R12=0x0000000000000000 is an unknown value
R13=0x0000000113382990 is an oop
{method} 
 - klass: {other class}
R14=0x000000010ff539b8 is pointing into the stack for thread: 0x00007f9995800000
R15=0x00007f9995800000 is a thread


Stack: [0x000000010fe54000,0x000000010ff54000],  sp=0x000000010ff536f0,  free space=1021k
Native frames: (J=compiled Java code, j=interpreted, Vv=VM code, C=native code)
C  [libhpaprogram.dylib+0x3b9fd]  create_dcdt(double const*, GsArray<GsVec2>*)+0x4d
C  [libhpaprogram.dylib+0x3be4e]  Java_HPAProgram_sayHello+0xee
j  HPAProgram.sayHello([F)[F+0
j  HPAProgram.main([Ljava/lang/String;)V+17
v  ~StubRoutines::call_stub
V  [libjvm.dylib+0x2d6bb0]  JavaCalls::call_helper(JavaValue*, methodHandle*, JavaCallArguments*, Thread*)+0x22a
V  [libjvm.dylib+0x2d6980]  JavaCalls::call(JavaValue*, methodHandle, JavaCallArguments*, Thread*)+0x28
V  [libjvm.dylib+0x30a124]  jni_invoke_static(JNIEnv_*, JavaValue*, _jobject*, JNICallType, _jmethodID*, JNI_ArgumentPusher*, Thread*)+0xe6
V  [libjvm.dylib+0x3032bf]  jni_CallStaticVoidMethod+0x10b
C  [java+0x30fe]  JavaMain+0x91d
C  [libsystem_pthread.dylib+0x1899]  _pthread_body+0x8a
C  [libsystem_pthread.dylib+0x172a]  _pthread_struct_init+0x0
C  [libsystem_pthread.dylib+0x5fc9]  thread_start+0xd

Java frames: (J=compiled Java code, j=interpreted, Vv=VM code)
j  HPAProgram.sayHello([F)[F+0
j  HPAProgram.main([Ljava/lang/String;)V+17
v  ~StubRoutines::call_stub

---------------  P R O C E S S  ---------------

Java Threads: ( => current thread )
  0x00007f999500e000 JavaThread "Service Thread" daemon [_thread_blocked, id=19203, stack(0x000000019eecc000,0x000000019efcc000)]
  0x00007f999500d000 JavaThread "C2 CompilerThread1" daemon [_thread_blocked, id=18691, stack(0x000000019edc9000,0x000000019eec9000)]
  0x00007f9994805800 JavaThread "C2 CompilerThread0" daemon [_thread_blocked, id=18179, stack(0x000000019ecc6000,0x000000019edc6000)]
  0x00007f9994014000 JavaThread "Signal Dispatcher" daemon [_thread_blocked, id=17667, stack(0x000000019ebc3000,0x000000019ecc3000)]
  0x00007f999500a000 JavaThread "Finalizer" daemon [_thread_blocked, id=12547, stack(0x000000019e981000,0x000000019ea81000)]
  0x00007f9995007800 JavaThread "Reference Handler" daemon [_thread_blocked, id=12035, stack(0x000000019e87e000,0x000000019e97e000)]
=>0x00007f9995800000 JavaThread "main" [_thread_in_native, id=6403, stack(0x000000010fe54000,0x000000010ff54000)]

Other Threads:
  0x00007f999584a000 VMThread [stack: 0x000000019e77b000,0x000000019e87b000] [id=11523]
  0x00007f9995016800 WatcherThread [stack: 0x000000019efcf000,0x000000019f0cf000] [id=19715]

VM state:not at safepoint (normal execution)

VM Mutex/Monitor currently owned by a thread: None

Heap
 PSYoungGen      total 38912K, used 1351K [0x000000016d800000, 0x0000000170300000, 0x0000000198300000)
  eden space 33792K, 4% used [0x000000016d800000,0x000000016d951f58,0x000000016f900000)
  from space 5120K, 0% used [0x000000016fe00000,0x000000016fe00000,0x0000000170300000)
  to   space 5120K, 0% used [0x000000016f900000,0x000000016f900000,0x000000016fe00000)
 ParOldGen       total 87040K, used 0K [0x0000000118300000, 0x000000011d800000, 0x000000016d800000)
  object space 87040K, 0% used [0x0000000118300000,0x0000000118300000,0x000000011d800000)
 PSPermGen       total 21504K, used 2575K [0x0000000113100000, 0x0000000114600000, 0x0000000118300000)
  object space 21504K, 11% used [0x0000000113100000,0x0000000113383e88,0x0000000114600000)

Card table byte_map: [0x0000000198300000,0x000000019872a000] byte_map_base: 0x0000000197a67800

Polling page: 0x000000010ebed000

Code Cache  [0x000000010ff86000, 0x00000001101f6000, 0x0000000112f86000)
 total_blobs=182 nmethods=2 adapters=135 free_code_cache=48769Kb largest_free_block=49923776

Compilation events (4 events):
Event: 0.086 Thread 0x00007f9994805800    1             java.lang.String::hashCode (55 bytes)
Event: 0.092 Thread 0x00007f999500d000    2             java.lang.String::indexOf (70 bytes)
Event: 0.095 Thread 0x00007f9994805800 nmethod 1 0x000000010ffe6550 code [0x000000010ffe66a0, 0x000000010ffe6818]
Event: 0.096 Thread 0x00007f999500d000 nmethod 2 0x000000010ffe6150 code [0x000000010ffe62a0, 0x000000010ffe6448]

GC Heap History (0 events):
No events

Deoptimization events (0 events):
No events

Internal exceptions (10 events):
Event: 0.095 Thread 0x00007f9995800000 Threw 0x000000016d892400 at /HUDSON/workspace/7u-2-build-macosx-x86_64/jdk7u51/527/hotspot/src/share/vm/prims/jni.cpp:717
Event: 0.095 Thread 0x00007f9995800000 Threw 0x000000016d892520 at /HUDSON/workspace/7u-2-build-macosx-x86_64/jdk7u51/527/hotspot/src/share/vm/prims/jvm.cpp:1244
Event: 0.095 Thread 0x00007f9995800000 Threw 0x000000016d892648 at /HUDSON/workspace/7u-2-build-macosx-x86_64/jdk7u51/527/hotspot/src/share/vm/prims/jvm.cpp:1244
Event: 0.096 Thread 0x00007f9995800000 Threw 0x000000016d893308 at /HUDSON/workspace/7u-2-build-macosx-x86_64/jdk7u51/527/hotspot/src/share/vm/prims/jni.cpp:717
Event: 0.096 Thread 0x00007f9995800000 Threw 0x000000016d893428 at /HUDSON/workspace/7u-2-build-macosx-x86_64/jdk7u51/527/hotspot/src/share/vm/prims/jvm.cpp:1244
Event: 0.096 Thread 0x00007f9995800000 Threw 0x000000016d893550 at /HUDSON/workspace/7u-2-build-macosx-x86_64/jdk7u51/527/hotspot/src/share/vm/prims/jvm.cpp:1244
Event: 0.098 Thread 0x00007f9995800000 Threw 0x000000016d8a5ed0 at /HUDSON/workspace/7u-2-build-macosx-x86_64/jdk7u51/527/hotspot/src/share/vm/prims/jni.cpp:717
Event: 0.098 Thread 0x00007f9995800000 Threw 0x000000016d8a5ff0 at /HUDSON/workspace/7u-2-build-macosx-x86_64/jdk7u51/527/hotspot/src/share/vm/prims/jvm.cpp:1244
Event: 0.098 Thread 0x00007f9995800000 Threw 0x000000016d8a6118 at /HUDSON/workspace/7u-2-build-macosx-x86_64/jdk7u51/527/hotspot/src/share/vm/prims/jvm.cpp:1244
Event: 0.098 Thread 0x00007f9995800000 Threw 0x000000016d8a6368 at /HUDSON/workspace/7u-2-build-macosx-x86_64/jdk7u51/527/hotspot/src/share/vm/prims/jvm.cpp:1244

Events (10 events):
Event: 0.101 loading class 0x000000019d5454a0
Event: 0.101 loading class 0x000000019d5454a0 done
Event: 0.101 loading class 0x000000019d5454d0
Event: 0.101 loading class 0x000000019d5454d0 done
Event: 0.101 loading class 0x000000019d510bc0
Event: 0.101 loading class 0x000000019d510bc0 done
Event: 0.102 loading class 0x000000019d4f9ae0
Event: 0.102 loading class 0x000000019d4f9ae0 done
Event: 0.103 loading class 0x000000019d4fa650
Event: 0.103 loading class 0x000000019d4fa650 done


Dynamic libraries:
0x0000000009253000 	/System/Library/Frameworks/Cocoa.framework/Versions/A/Cocoa
0x0000000009253000 	/System/Library/Frameworks/Security.framework/Versions/A/Security
0x0000000009253000 	/System/Library/Frameworks/ApplicationServices.framework/Versions/A/ApplicationServices
0x0000000009253000 	/usr/lib/libz.1.dylib
0x0000000009253000 	/usr/lib/libSystem.B.dylib
0x0000000009253000 	/usr/lib/libobjc.A.dylib
0x0000000009253000 	/System/Library/Frameworks/CoreFoundation.framework/Versions/A/CoreFoundation
0x0000000009253000 	/System/Library/Frameworks/Foundation.framework/Versions/C/Foundation
0x0000000009253000 	/System/Library/Frameworks/AppKit.framework/Versions/C/AppKit
0x0000000009253000 	/System/Library/Frameworks/CoreData.framework/Versions/A/CoreData
0x0000000009253000 	/System/Library/PrivateFrameworks/RemoteViewServices.framework/Versions/A/RemoteViewServices
0x0000000009253000 	/System/Library/Frameworks/AudioToolbox.framework/Versions/A/AudioToolbox
0x0000000009253000 	/System/Library/Frameworks/AudioUnit.framework/Versions/A/AudioUnit
0x0000000009253000 	/System/Library/PrivateFrameworks/DataDetectorsCore.framework/Versions/A/DataDetectorsCore
0x0000000009253000 	/System/Library/PrivateFrameworks/DesktopServicesPriv.framework/Versions/A/DesktopServicesPriv
0x0000000009253000 	/System/Library/Frameworks/Carbon.framework/Versions/A/Frameworks/HIToolbox.framework/Versions/A/HIToolbox
0x0000000009253000 	/System/Library/Frameworks/QuartzCore.framework/Versions/A/QuartzCore
0x0000000009253000 	/System/Library/Frameworks/Carbon.framework/Versions/A/Frameworks/SpeechRecognition.framework/Versions/A/SpeechRecognition
0x0000000009253000 	/usr/lib/libauto.dylib
0x0000000009253000 	/usr/lib/libicucore.A.dylib
0x0000000009253000 	/usr/lib/libxml2.2.dylib
0x0000000009253000 	/System/Library/PrivateFrameworks/CoreUI.framework/Versions/A/CoreUI
0x0000000009253000 	/System/Library/Frameworks/CoreAudio.framework/Versions/A/CoreAudio
0x0000000009253000 	/System/Library/Frameworks/DiskArbitration.framework/Versions/A/DiskArbitration
0x0000000009253000 	/usr/lib/liblangid.dylib
0x0000000009253000 	/System/Library/PrivateFrameworks/MultitouchSupport.framework/Versions/A/MultitouchSupport
0x0000000009253000 	/System/Library/Frameworks/IOKit.framework/Versions/A/IOKit
0x0000000009253000 	/usr/lib/libDiagnosticMessagesClient.dylib
0x0000000009253000 	/System/Library/Frameworks/CoreServices.framework/Versions/A/CoreServices
0x0000000009253000 	/System/Library/PrivateFrameworks/PerformanceAnalysis.framework/Versions/A/PerformanceAnalysis
0x0000000009253000 	/System/Library/PrivateFrameworks/GenerationalStorage.framework/Versions/A/GenerationalStorage
0x0000000009253000 	/System/Library/Frameworks/OpenGL.framework/Versions/A/OpenGL
0x0000000009253000 	/System/Library/PrivateFrameworks/Sharing.framework/Versions/A/Sharing
0x0000000009253000 	/System/Library/Frameworks/ImageIO.framework/Versions/A/ImageIO
0x0000000009253000 	/System/Library/Frameworks/CoreText.framework/Versions/A/CoreText
0x0000000009253000 	/System/Library/Frameworks/CoreGraphics.framework/Versions/A/CoreGraphics
0x0000000009253000 	/System/Library/PrivateFrameworks/Backup.framework/Versions/A/Backup
0x0000000009253000 	/System/Library/Frameworks/CFNetwork.framework/Versions/A/CFNetwork
0x0000000009253000 	/System/Library/Frameworks/SystemConfiguration.framework/Versions/A/SystemConfiguration
0x0000000009253000 	/usr/lib/libCRFSuite.dylib
0x0000000009253000 	/usr/lib/libc++.1.dylib
0x0000000009253000 	/usr/lib/libc++abi.dylib
0x0000000009253000 	/usr/lib/system/libcache.dylib
0x0000000009253000 	/usr/lib/system/libcommonCrypto.dylib
0x0000000009253000 	/usr/lib/system/libcompiler_rt.dylib
0x0000000009253000 	/usr/lib/system/libcopyfile.dylib
0x0000000009253000 	/usr/lib/system/libcorecrypto.dylib
0x0000000009253000 	/usr/lib/system/libdispatch.dylib
0x0000000009253000 	/usr/lib/system/libdyld.dylib
0x0000000009253000 	/usr/lib/system/libkeymgr.dylib
0x0000000009253000 	/usr/lib/system/liblaunch.dylib
0x0000000009253000 	/usr/lib/system/libmacho.dylib
0x0000000009253000 	/usr/lib/system/libquarantine.dylib
0x0000000009253000 	/usr/lib/system/libremovefile.dylib
0x0000000009253000 	/usr/lib/system/libsystem_asl.dylib
0x0000000009253000 	/usr/lib/system/libsystem_blocks.dylib
0x0000000009253000 	/usr/lib/system/libsystem_c.dylib
0x0000000009253000 	/usr/lib/system/libsystem_configuration.dylib
0x0000000009253000 	/usr/lib/system/libsystem_dnssd.dylib
0x0000000009253000 	/usr/lib/system/libsystem_info.dylib
0x0000000009253000 	/usr/lib/system/libsystem_kernel.dylib
0x0000000009253000 	/usr/lib/system/libsystem_m.dylib
0x0000000009253000 	/usr/lib/system/libsystem_malloc.dylib
0x0000000009253000 	/usr/lib/system/libsystem_network.dylib
0x0000000009253000 	/usr/lib/system/libsystem_notify.dylib
0x0000000009253000 	/usr/lib/system/libsystem_platform.dylib
0x0000000009253000 	/usr/lib/system/libsystem_pthread.dylib
0x0000000009253000 	/usr/lib/system/libsystem_sandbox.dylib
0x0000000009253000 	/usr/lib/system/libsystem_stats.dylib
0x0000000009253000 	/usr/lib/system/libunc.dylib
0x0000000009253000 	/usr/lib/system/libunwind.dylib
0x0000000009253000 	/usr/lib/system/libxpc.dylib
0x0000000009253000 	/usr/lib/libbsm.0.dylib
0x0000000009253000 	/usr/lib/libsqlite3.dylib
0x0000000009253000 	/usr/lib/libxar.1.dylib
0x0000000009253000 	/usr/lib/libpam.2.dylib
0x0000000009253000 	/usr/lib/libOpenScriptingUtil.dylib
0x0000000009253000 	/usr/lib/libbz2.1.0.dylib
0x0000000009253000 	/System/Library/Frameworks/CoreServices.framework/Versions/A/Frameworks/CarbonCore.framework/Versions/A/CarbonCore
0x0000000009253000 	/System/Library/Frameworks/CoreServices.framework/Versions/A/Frameworks/Metadata.framework/Versions/A/Metadata
0x0000000009253000 	/System/Library/Frameworks/CoreServices.framework/Versions/A/Frameworks/OSServices.framework/Versions/A/OSServices
0x0000000009253000 	/System/Library/Frameworks/CoreServices.framework/Versions/A/Frameworks/SearchKit.framework/Versions/A/SearchKit
0x0000000009253000 	/System/Library/Frameworks/CoreServices.framework/Versions/A/Frameworks/AE.framework/Versions/A/AE
0x0000000009253000 	/System/Library/Frameworks/CoreServices.framework/Versions/A/Frameworks/LaunchServices.framework/Versions/A/LaunchServices
0x0000000009253000 	/System/Library/Frameworks/CoreServices.framework/Versions/A/Frameworks/DictionaryServices.framework/Versions/A/DictionaryServices
0x0000000009253000 	/System/Library/Frameworks/NetFS.framework/Versions/A/NetFS
0x0000000009253000 	/usr/lib/system/libkxld.dylib
0x0000000009253000 	/System/Library/PrivateFrameworks/NetAuth.framework/Versions/A/NetAuth
0x0000000009253000 	/System/Library/PrivateFrameworks/TCC.framework/Versions/A/TCC
0x0000000009253000 	/System/Library/Frameworks/OpenDirectory.framework/Versions/A/Frameworks/CFOpenDirectory.framework/Versions/A/CFOpenDirectory
0x0000000009253000 	/System/Library/Frameworks/ServiceManagement.framework/Versions/A/ServiceManagement
0x0000000009253000 	/usr/lib/libxslt.1.dylib
0x0000000009253000 	/System/Library/Frameworks/Carbon.framework/Versions/A/Frameworks/Ink.framework/Versions/A/Ink
0x0000000009253000 	/System/Library/Frameworks/ApplicationServices.framework/Versions/A/Frameworks/ATS.framework/Versions/A/ATS
0x0000000009253000 	/System/Library/Frameworks/ApplicationServices.framework/Versions/A/Frameworks/ColorSync.framework/Versions/A/ColorSync
0x0000000009253000 	/System/Library/Frameworks/ApplicationServices.framework/Versions/A/Frameworks/HIServices.framework/Versions/A/HIServices
0x0000000009253000 	/System/Library/Frameworks/ApplicationServices.framework/Versions/A/Frameworks/LangAnalysis.framework/Versions/A/LangAnalysis
0x0000000009253000 	/System/Library/Frameworks/ApplicationServices.framework/Versions/A/Frameworks/PrintCore.framework/Versions/A/PrintCore
0x0000000009253000 	/System/Library/Frameworks/ApplicationServices.framework/Versions/A/Frameworks/QD.framework/Versions/A/QD
0x0000000009253000 	/System/Library/Frameworks/ApplicationServices.framework/Versions/A/Frameworks/SpeechSynthesis.framework/Versions/A/SpeechSynthesis
0x0000000009253000 	/System/Library/Frameworks/IOSurface.framework/Versions/A/IOSurface
0x0000000009253000 	/System/Library/Frameworks/Accelerate.framework/Versions/A/Accelerate
0x0000000009253000 	/System/Library/Frameworks/Accelerate.framework/Versions/A/Frameworks/vImage.framework/Versions/A/vImage
0x0000000009253000 	/System/Library/Frameworks/Accelerate.framework/Versions/A/Frameworks/vecLib.framework/Versions/A/vecLib
0x0000000009253000 	/System/Library/Frameworks/Accelerate.framework/Versions/A/Frameworks/vecLib.framework/Versions/A/libvDSP.dylib
0x0000000009253000 	/System/Library/Frameworks/Accelerate.framework/Versions/A/Frameworks/vecLib.framework/Versions/A/libvMisc.dylib
0x0000000009253000 	/System/Library/Frameworks/Accelerate.framework/Versions/A/Frameworks/vecLib.framework/Versions/A/libLAPACK.dylib
0x0000000009253000 	/System/Library/Frameworks/Accelerate.framework/Versions/A/Frameworks/vecLib.framework/Versions/A/libBLAS.dylib
0x0000000009253000 	/System/Library/Frameworks/ApplicationServices.framework/Versions/A/Frameworks/ATS.framework/Versions/A/Resources/libFontParser.dylib
0x0000000009253000 	/System/Library/Frameworks/ApplicationServices.framework/Versions/A/Frameworks/ATS.framework/Versions/A/Resources/libFontRegistry.dylib
0x0000000009253000 	/System/Library/Frameworks/ImageIO.framework/Versions/A/Resources/libJPEG.dylib
0x0000000009253000 	/System/Library/Frameworks/ImageIO.framework/Versions/A/Resources/libTIFF.dylib
0x0000000009253000 	/System/Library/Frameworks/ImageIO.framework/Versions/A/Resources/libPng.dylib
0x0000000009253000 	/System/Library/Frameworks/ImageIO.framework/Versions/A/Resources/libGIF.dylib
0x0000000009253000 	/System/Library/Frameworks/ImageIO.framework/Versions/A/Resources/libJP2.dylib
0x0000000009253000 	/System/Library/Frameworks/ImageIO.framework/Versions/A/Resources/libRadiance.dylib
0x0000000009253000 	/usr/lib/libcups.2.dylib
0x0000000009253000 	/System/Library/Frameworks/Kerberos.framework/Versions/A/Kerberos
0x0000000009253000 	/System/Library/Frameworks/GSS.framework/Versions/A/GSS
0x0000000009253000 	/usr/lib/libresolv.9.dylib
0x0000000009253000 	/usr/lib/libiconv.2.dylib
0x0000000009253000 	/System/Library/PrivateFrameworks/Heimdal.framework/Versions/A/Heimdal
0x0000000009253000 	/System/Library/PrivateFrameworks/TrustEvaluationAgent.framework/Versions/A/TrustEvaluationAgent
0x0000000009253000 	/usr/lib/libheimdal-asn1.dylib
0x0000000009253000 	/System/Library/Frameworks/OpenDirectory.framework/Versions/A/OpenDirectory
0x0000000009253000 	/System/Library/PrivateFrameworks/CommonAuth.framework/Versions/A/CommonAuth
0x0000000009253000 	/System/Library/Frameworks/SecurityFoundation.framework/Versions/A/SecurityFoundation
0x0000000009253000 	/System/Library/PrivateFrameworks/Bom.framework/Versions/A/Bom
0x0000000009253000 	/System/Library/Frameworks/CoreVideo.framework/Versions/A/CoreVideo
0x0000000009253000 	/System/Library/Frameworks/QuartzCore.framework/Versions/A/Frameworks/CoreImage.framework/Versions/A/CoreImage
0x0000000009253000 	/System/Library/Frameworks/QuartzCore.framework/Versions/A/Frameworks/ScalableUserInterface.framework/Versions/A/ScalableUserInterface
0x0000000009253000 	/System/Library/Frameworks/OpenGL.framework/Versions/A/Libraries/libGLU.dylib
0x0000000009253000 	/System/Library/Frameworks/OpenGL.framework/Versions/A/Libraries/libGFXShared.dylib
0x0000000009253000 	/System/Library/Frameworks/OpenGL.framework/Versions/A/Libraries/libGL.dylib
0x0000000009253000 	/System/Library/Frameworks/OpenGL.framework/Versions/A/Libraries/libGLImage.dylib
0x0000000009253000 	/System/Library/Frameworks/OpenGL.framework/Versions/A/Libraries/libCVMSPluginSupport.dylib
0x0000000009253000 	/System/Library/Frameworks/OpenGL.framework/Versions/A/Libraries/libCoreVMClient.dylib
0x0000000009253000 	/System/Library/PrivateFrameworks/FaceCore.framework/Versions/A/FaceCore
0x0000000009253000 	/System/Library/PrivateFrameworks/CrashReporterSupport.framework/Versions/A/CrashReporterSupport
0x0000000009253000 	/System/Library/Frameworks/OpenCL.framework/Versions/A/OpenCL
0x0000000009253000 	/System/Library/PrivateFrameworks/AppleFSCompression.framework/Versions/A/AppleFSCompression
0x0000000009253000 	/System/Library/PrivateFrameworks/Ubiquity.framework/Versions/A/Ubiquity
0x0000000009253000 	/System/Library/PrivateFrameworks/IconServices.framework/Versions/A/IconServices
0x0000000009253000 	/System/Library/PrivateFrameworks/ChunkingLibrary.framework/Versions/A/ChunkingLibrary
0x0000000009253000 	/System/Library/PrivateFrameworks/CoreSymbolication.framework/Versions/A/CoreSymbolication
0x0000000009253000 	/System/Library/PrivateFrameworks/Symbolication.framework/Versions/A/Symbolication
0x0000000009253000 	/System/Library/PrivateFrameworks/DebugSymbols.framework/Versions/A/DebugSymbols
0x000000010f400000 	/Library/Java/JavaVirtualMachines/jdk1.7.0_51.jdk/Contents/Home/jre/lib/server/libjvm.dylib
0x0000000009253000 	/usr/lib/libstdc++.6.dylib
0x000000010ebe0000 	/Library/Java/JavaVirtualMachines/jdk1.7.0_51.jdk/Contents/Home/jre/lib/libverify.dylib
0x000000010ff56000 	/Library/Java/JavaVirtualMachines/jdk1.7.0_51.jdk/Contents/Home/jre/lib/libjava.dylib
0x000000010ebf7000 	/Library/Java/JavaVirtualMachines/jdk1.7.0_51.jdk/Contents/Home/jre/lib/libzip.dylib
0x000000019ea83000 	/System/Library/Frameworks/JavaVM.framework/Frameworks/JavaRuntimeSupport.framework/JavaRuntimeSupport
0x000000019ea9b000 	/System/Library/Frameworks/JavaVM.framework/Versions/A/Frameworks/JavaNativeFoundation.framework/Versions/A/JavaNativeFoundation
0x0000000113070000 	/System/Library/Frameworks/JavaVM.framework/Versions/A/JavaVM
0x0000000009253000 	/System/Library/Frameworks/Carbon.framework/Versions/A/Carbon
0x000000019eab0000 	/System/Library/PrivateFrameworks/JavaLaunching.framework/Versions/A/JavaLaunching
0x0000000009253000 	/System/Library/Frameworks/Carbon.framework/Versions/A/Frameworks/CommonPanels.framework/Versions/A/CommonPanels
0x0000000009253000 	/System/Library/Frameworks/Carbon.framework/Versions/A/Frameworks/Help.framework/Versions/A/Help
0x0000000009253000 	/System/Library/Frameworks/Carbon.framework/Versions/A/Frameworks/ImageCapture.framework/Versions/A/ImageCapture
0x0000000009253000 	/System/Library/Frameworks/Carbon.framework/Versions/A/Frameworks/OpenScripting.framework/Versions/A/OpenScripting
0x0000000009253000 	/System/Library/Frameworks/Carbon.framework/Versions/A/Frameworks/Print.framework/Versions/A/Print
0x0000000009253000 	/System/Library/Frameworks/Carbon.framework/Versions/A/Frameworks/SecurityHI.framework/Versions/A/SecurityHI
0x000000019f11b000 	/Users/zalbhathena/Documents/workspace/Thesis-Test-Application/HPA* Program/jni/libhpaprogram.dylib

VM Arguments:
jvm_args: -Djava.library.path=/Users/zalbhathena/Documents/workspace/Thesis-Test-Application/HPA* Program/jni -Dfile.encoding=US-ASCII 
java_command: HPAProgram
Launcher Type: SUN_STANDARD

Environment Variables:
PATH=/usr/bin:/bin:/usr/sbin:/sbin
LD_LIBRARY_PATH=src
SHELL=/bin/bash

Signal Handlers:
SIGSEGV: [libjvm.dylib+0x525425], sa_mask[0]=0xfffefeff, sa_flags=0x00000043
SIGBUS: [libjvm.dylib+0x525425], sa_mask[0]=0xfffefeff, sa_flags=0x00000042
SIGFPE: [libjvm.dylib+0x41892a], sa_mask[0]=0xfffefeff, sa_flags=0x00000042
SIGPIPE: [libjvm.dylib+0x41892a], sa_mask[0]=0xfffefeff, sa_flags=0x00000042
SIGXFSZ: [libjvm.dylib+0x41892a], sa_mask[0]=0xfffefeff, sa_flags=0x00000042
SIGILL: [libjvm.dylib+0x41892a], sa_mask[0]=0xfffefeff, sa_flags=0x00000042
SIGUSR1: SIG_DFL, sa_mask[0]=0x00000000, sa_flags=0x00000002
SIGUSR2: [libjvm.dylib+0x41841c], sa_mask[0]=0x00000004, sa_flags=0x00000042
SIGHUP: [libjvm.dylib+0x4166ab], sa_mask[0]=0xfffefeff, sa_flags=0x00000042
SIGINT: [libjvm.dylib+0x4166ab], sa_mask[0]=0xfffefeff, sa_flags=0x00000042
SIGTERM: [libjvm.dylib+0x4166ab], sa_mask[0]=0xfffefeff, sa_flags=0x00000042
SIGQUIT: [libjvm.dylib+0x4166ab], sa_mask[0]=0xfffefeff, sa_flags=0x00000042


---------------  S Y S T E M  ---------------

OS:Bsduname:Darwin 13.0.0 Darwin Kernel Version 13.0.0: Thu Sep 19 22:22:27 PDT 2013; root:xnu-2422.1.72~6/RELEASE_X86_64 x86_64
rlimit: STACK 8192k, CORE 0k, NPROC 709, NOFILE 10240, AS infinity
load average:2.15 2.32 2.69

CPU:total 4 (2 cores per cpu, 2 threads per core) family 6 model 58 stepping 9, cmov, cx8, fxsr, mmx, sse, sse2, sse3, ssse3, sse4.1, sse4.2, popcnt, avx, aes, erms, ht, tsc, tscinvbit, tscinv

Memory: 4k page, physical 8388608k(2097152k free)

/proc/meminfo:


vm_info: Java HotSpot(TM) 64-Bit Server VM (24.51-b03) for bsd-amd64 JRE (1.7.0_51-b13), built on Dec 18 2013 18:45:56 by "java_re" with gcc 4.2.1 (Based on Apple Inc. build 5658) (LLVM build 2336.11.00)

time: Sun Feb  9 23:22:37 2014
elapsed time: 0 seconds

