#
# A fatal error has been detected by the Java Runtime Environment:
#
#  SIGSEGV (0xb) at pc=0x0000000117f90a6b, pid=10634, tid=52487
#
# JRE version: Java(TM) SE Runtime Environment (7.0_51-b13) (build 1.7.0_51-b13)
# Java VM: Java HotSpot(TM) 64-Bit Server VM (24.51-b03 mixed mode bsd-amd64 compressed oops)
# Problematic frame:
# C  [libsearchalgorithms.dylib+0x3ba6b]  _Z11create_dcdtPKdP7GsArrayI6GsVec2E+0x13b
#
# Failed to write core dump. Core dumps have been disabled. To enable core dumping, try "ulimit -c unlimited" before starting Java again
#
# If you would like to submit a bug report, please visit:
#   http://bugreport.sun.com/bugreport/crash.jsp
# The crash happened outside the Java Virtual Machine in native code.
# See problematic frame for where to report the bug.
#

---------------  T H R E A D  ---------------

Current thread (0x00007fb502084800):  JavaThread "AWT-EventQueue-0" [_thread_in_native, id=52487, stack(0x0000000116cd7000,0x0000000116dd7000)]

siginfo:si_signo=SIGSEGV: si_errno=0, si_code=1 (SEGV_MAPERR), si_addr=0x0000000117218000

Registers:
RAX=0x0000000117218000, RBX=0x000000077b65ed78, RCX=0x0000000000221e28, RDX=0x000000000000008e
RSP=0x0000000116dd2690, RBP=0x0000000116dd2720, RSI=0x00000000000443c6, RDI=0x00000001181d8e28
R8 =0x00000000000000a9, R9 =0x0000000000000000, R10=0x00000001055fc000, R11=0x0000000000000206
R12=0x0000000000000000, R13=0x000000077b65ed78, R14=0x0000000116dd4568, R15=0x00007fb502084800
RIP=0x0000000117f90a6b, EFLAGS=0x0000000000010206, ERR=0x0000000000000004
  TRAPNO=0x000000000000000e

Top of Stack: (sp=0x0000000116dd2690)
0x0000000116dd2690:   0000000000000000 0000000000000000
0x0000000116dd26a0:   0000000000000000 0000000000000000
0x0000000116dd26b0:   0000000100000000 00000001181d8e28
0x0000000116dd26c0:   00007fb50207d7e8 0000000000000004
0x0000000116dd26d0:   0000000800000000 0000000116dd4490
0x0000000116dd26e0:   0000000116dd2700 0000000117f62ff8
0x0000000116dd26f0:   0000000117fb7000 0007fffe000443c6
0x0000000116dd2700:   0000000116dd2700 0000000117218000
0x0000000116dd2710:   0000000116dd4490 0000000116dd2730
0x0000000116dd2720:   0000000116dd44e0 0000000117f90e41
0x0000000116dd2730:   0000000000000000 0000000000000000
0x0000000116dd2740:   4059000000000000 0000000000000000
0x0000000116dd2750:   4059000000000000 4042800000000000
0x0000000116dd2760:   4040800000000000 4043000000000000
0x0000000116dd2770:   4040800000000000 4043000000000000
0x0000000116dd2780:   4050000000000000 4040800000000000
0x0000000116dd2790:   4053c00000000000 4040800000000000
0x0000000116dd27a0:   4053c00000000000 4051000000000000
0x0000000116dd27b0:   4032000000000000 4051400000000000
0x0000000116dd27c0:   4032000000000000 4051400000000000
0x0000000116dd27d0:   4055000000000000 4046000000000000
0x0000000116dd27e0:   4057800000000000 4046000000000000
0x0000000116dd27f0:   4057800000000000 4028000000000000
0x0000000116dd2800:   4046800000000000 4031000000000000
0x0000000116dd2810:   4046800000000000 4031000000000000
0x0000000116dd2820:   4046800000000000 4039000000000000
0x0000000116dd2830:   404a000000000000 4039000000000000
0x0000000116dd2840:   404a000000000000 404d000000000000
0x0000000116dd2850:   4042800000000000 404d800000000000
0x0000000116dd2860:   4042800000000000 404d800000000000
0x0000000116dd2870:   4037000000000000 4048000000000000
0x0000000116dd2880:   403e000000000000 4048000000000000 

Instructions: (pc=0x0000000117f90a6b)
0x0000000117f90a4b:   8d 7d d0 31 f6 e8 83 0b 00 00 e9 00 00 00 00 e9
0x0000000117f90a5b:   00 00 00 00 f2 0f 10 05 39 1a 00 00 48 8b 45 e8
0x0000000117f90a6b:   f2 0f 10 08 66 0f 2e c8 0f 85 0b 00 00 00 0f 8a
0x0000000117f90a7b:   05 00 00 00 e9 48 00 00 00 48 8d 7d d0 e8 45 0b 

Register to memory mapping:

RAX=0x0000000117218000 is an unknown value
RBX=0x000000077b65ed78 is an oop
{method} 
 - klass: {other class}
RCX=0x0000000000221e28 is an unknown value
RDX=0x000000000000008e is an unknown value
RSP=0x0000000116dd2690 is pointing into the stack for thread: 0x00007fb502084800
RBP=0x0000000116dd2720 is pointing into the stack for thread: 0x00007fb502084800
RSI=0x00000000000443c6 is an unknown value
RDI=0x00000001181d8e28 is an unknown value
R8 =0x00000000000000a9 is an unknown value
R9 =0x0000000000000000 is an unknown value
R10=0x00000001055fc000 is an unknown value
R11=0x0000000000000206 is an unknown value
R12=0x0000000000000000 is an unknown value
R13=0x000000077b65ed78 is an oop
{method} 
 - klass: {other class}
R14=0x0000000116dd4568 is pointing into the stack for thread: 0x00007fb502084800
R15=0x00007fb502084800 is a thread


Stack: [0x0000000116cd7000,0x0000000116dd7000],  sp=0x0000000116dd2690,  free space=1005k
Native frames: (J=compiled Java code, j=interpreted, Vv=VM code, C=native code)
C  [libsearchalgorithms.dylib+0x3ba6b]  _Z11create_dcdtPKdP7GsArrayI6GsVec2E+0x13b
C  [libsearchalgorithms.dylib+0x3be41]  Java_SearchAlgorithms_getTriangulation+0x161
j  SearchAlgorithms.getTriangulation([D)[D+0
j  SearchAlgorithms.getTriangulation(Ljava/awt/Rectangle;Ljava/util/ArrayList;)Ljava/util/Set;+306
j  TriangulationSpaceManager.<init>(Ljava/util/ArrayList;II)V+46
j  MapModel.startPathfinding(Ljava/lang/String;IZ)V+26
j  MapWindowController.actionPerformed(Ljava/awt/event/ActionEvent;)V+31
j  javax.swing.AbstractButton.fireActionPerformed(Ljava/awt/event/ActionEvent;)V+84
j  javax.swing.AbstractButton$Handler.actionPerformed(Ljava/awt/event/ActionEvent;)V+5
j  javax.swing.DefaultButtonModel.fireActionPerformed(Ljava/awt/event/ActionEvent;)V+35
j  javax.swing.DefaultButtonModel.setPressed(Z)V+117
j  javax.swing.plaf.basic.BasicButtonListener.mouseReleased(Ljava/awt/event/MouseEvent;)V+35
j  java.awt.Component.processMouseEvent(Ljava/awt/event/MouseEvent;)V+64
j  javax.swing.JComponent.processMouseEvent(Ljava/awt/event/MouseEvent;)V+23
j  java.awt.Component.processEvent(Ljava/awt/AWTEvent;)V+81
j  java.awt.Container.processEvent(Ljava/awt/AWTEvent;)V+18
j  java.awt.Component.dispatchEventImpl(Ljava/awt/AWTEvent;)V+581
j  java.awt.Container.dispatchEventImpl(Ljava/awt/AWTEvent;)V+42
j  java.awt.Component.dispatchEvent(Ljava/awt/AWTEvent;)V+2
j  java.awt.LightweightDispatcher.retargetMouseEvent(Ljava/awt/Component;ILjava/awt/event/MouseEvent;)V+327
j  java.awt.LightweightDispatcher.processMouseEvent(Ljava/awt/event/MouseEvent;)Z+139
j  java.awt.LightweightDispatcher.dispatchEvent(Ljava/awt/AWTEvent;)Z+50
j  java.awt.Container.dispatchEventImpl(Ljava/awt/AWTEvent;)V+12
j  java.awt.Window.dispatchEventImpl(Ljava/awt/AWTEvent;)V+19
j  java.awt.Component.dispatchEvent(Ljava/awt/AWTEvent;)V+2
j  java.awt.EventQueue.dispatchEventImpl(Ljava/awt/AWTEvent;Ljava/lang/Object;)V+41
j  java.awt.EventQueue.access$200(Ljava/awt/EventQueue;Ljava/awt/AWTEvent;Ljava/lang/Object;)V+3
j  java.awt.EventQueue$3.run()Ljava/lang/Void;+12
j  java.awt.EventQueue$3.run()Ljava/lang/Object;+1
v  ~StubRoutines::call_stub
V  [libjvm.dylib+0x2d6bb0]
V  [libjvm.dylib+0x2d6980]
V  [libjvm.dylib+0x32a264]
j  java.security.AccessController.doPrivileged(Ljava/security/PrivilegedAction;Ljava/security/AccessControlContext;)Ljava/lang/Object;+0
j  java.security.ProtectionDomain$1.doIntersectionPrivilege(Ljava/security/PrivilegedAction;Ljava/security/AccessControlContext;Ljava/security/AccessControlContext;)Ljava/lang/Object;+28
j  java.security.ProtectionDomain$1.doIntersectionPrivilege(Ljava/security/PrivilegedAction;Ljava/security/AccessControlContext;)Ljava/lang/Object;+6
j  java.awt.EventQueue$4.run()Ljava/lang/Void;+11
j  java.awt.EventQueue$4.run()Ljava/lang/Object;+1
v  ~StubRoutines::call_stub
V  [libjvm.dylib+0x2d6bb0]
V  [libjvm.dylib+0x2d6980]
V  [libjvm.dylib+0x32a264]
j  java.security.AccessController.doPrivileged(Ljava/security/PrivilegedAction;Ljava/security/AccessControlContext;)Ljava/lang/Object;+0
j  java.security.ProtectionDomain$1.doIntersectionPrivilege(Ljava/security/PrivilegedAction;Ljava/security/AccessControlContext;Ljava/security/AccessControlContext;)Ljava/lang/Object;+28
j  java.awt.EventQueue.dispatchEvent(Ljava/awt/AWTEvent;)V+73
j  java.awt.EventDispatchThread.pumpOneEventForFilters(I)V+245
j  java.awt.EventDispatchThread.pumpEventsForFilter(ILjava/awt/Conditional;Ljava/awt/EventFilter;)V+35
j  java.awt.EventDispatchThread.pumpEventsForHierarchy(ILjava/awt/Conditional;Ljava/awt/Component;)V+11
j  java.awt.EventDispatchThread.pumpEvents(ILjava/awt/Conditional;)V+4
j  java.awt.EventDispatchThread.pumpEvents(Ljava/awt/Conditional;)V+3
j  java.awt.EventDispatchThread.run()V+9
v  ~StubRoutines::call_stub
V  [libjvm.dylib+0x2d6bb0]
V  [libjvm.dylib+0x2d70c7]
V  [libjvm.dylib+0x2d7204]
V  [libjvm.dylib+0x3261ea]
V  [libjvm.dylib+0x4efb57]
V  [libjvm.dylib+0x4f125f]
V  [libjvm.dylib+0x41b1d6]
C  [libsystem_pthread.dylib+0x1899]  _pthread_body+0x8a
C  [libsystem_pthread.dylib+0x172a]  _pthread_struct_init+0x0
C  [libsystem_pthread.dylib+0x5fc9]  thread_start+0xd

Java frames: (J=compiled Java code, j=interpreted, Vv=VM code)
j  SearchAlgorithms.getTriangulation([D)[D+0
j  SearchAlgorithms.getTriangulation(Ljava/awt/Rectangle;Ljava/util/ArrayList;)Ljava/util/Set;+306
j  TriangulationSpaceManager.<init>(Ljava/util/ArrayList;II)V+46
j  MapModel.startPathfinding(Ljava/lang/String;IZ)V+26
j  MapWindowController.actionPerformed(Ljava/awt/event/ActionEvent;)V+31
j  javax.swing.AbstractButton.fireActionPerformed(Ljava/awt/event/ActionEvent;)V+84
j  javax.swing.AbstractButton$Handler.actionPerformed(Ljava/awt/event/ActionEvent;)V+5
j  javax.swing.DefaultButtonModel.fireActionPerformed(Ljava/awt/event/ActionEvent;)V+35
j  javax.swing.DefaultButtonModel.setPressed(Z)V+117
j  javax.swing.plaf.basic.BasicButtonListener.mouseReleased(Ljava/awt/event/MouseEvent;)V+35
j  java.awt.Component.processMouseEvent(Ljava/awt/event/MouseEvent;)V+64
j  javax.swing.JComponent.processMouseEvent(Ljava/awt/event/MouseEvent;)V+23
j  java.awt.Component.processEvent(Ljava/awt/AWTEvent;)V+81
j  java.awt.Container.processEvent(Ljava/awt/AWTEvent;)V+18
j  java.awt.Component.dispatchEventImpl(Ljava/awt/AWTEvent;)V+581
j  java.awt.Container.dispatchEventImpl(Ljava/awt/AWTEvent;)V+42
j  java.awt.Component.dispatchEvent(Ljava/awt/AWTEvent;)V+2
j  java.awt.LightweightDispatcher.retargetMouseEvent(Ljava/awt/Component;ILjava/awt/event/MouseEvent;)V+327
j  java.awt.LightweightDispatcher.processMouseEvent(Ljava/awt/event/MouseEvent;)Z+139
j  java.awt.LightweightDispatcher.dispatchEvent(Ljava/awt/AWTEvent;)Z+50
j  java.awt.Container.dispatchEventImpl(Ljava/awt/AWTEvent;)V+12
j  java.awt.Window.dispatchEventImpl(Ljava/awt/AWTEvent;)V+19
j  java.awt.Component.dispatchEvent(Ljava/awt/AWTEvent;)V+2
j  java.awt.EventQueue.dispatchEventImpl(Ljava/awt/AWTEvent;Ljava/lang/Object;)V+41
j  java.awt.EventQueue.access$200(Ljava/awt/EventQueue;Ljava/awt/AWTEvent;Ljava/lang/Object;)V+3
j  java.awt.EventQueue$3.run()Ljava/lang/Void;+12
j  java.awt.EventQueue$3.run()Ljava/lang/Object;+1
v  ~StubRoutines::call_stub
j  java.security.AccessController.doPrivileged(Ljava/security/PrivilegedAction;Ljava/security/AccessControlContext;)Ljava/lang/Object;+0
j  java.security.ProtectionDomain$1.doIntersectionPrivilege(Ljava/security/PrivilegedAction;Ljava/security/AccessControlContext;Ljava/security/AccessControlContext;)Ljava/lang/Object;+28
j  java.security.ProtectionDomain$1.doIntersectionPrivilege(Ljava/security/PrivilegedAction;Ljava/security/AccessControlContext;)Ljava/lang/Object;+6
j  java.awt.EventQueue$4.run()Ljava/lang/Void;+11
j  java.awt.EventQueue$4.run()Ljava/lang/Object;+1
v  ~StubRoutines::call_stub
j  java.security.AccessController.doPrivileged(Ljava/security/PrivilegedAction;Ljava/security/AccessControlContext;)Ljava/lang/Object;+0
j  java.security.ProtectionDomain$1.doIntersectionPrivilege(Ljava/security/PrivilegedAction;Ljava/security/AccessControlContext;Ljava/security/AccessControlContext;)Ljava/lang/Object;+28
j  java.awt.EventQueue.dispatchEvent(Ljava/awt/AWTEvent;)V+73
j  java.awt.EventDispatchThread.pumpOneEventForFilters(I)V+245
j  java.awt.EventDispatchThread.pumpEventsForFilter(ILjava/awt/Conditional;Ljava/awt/EventFilter;)V+35
j  java.awt.EventDispatchThread.pumpEventsForHierarchy(ILjava/awt/Conditional;Ljava/awt/Component;)V+11
j  java.awt.EventDispatchThread.pumpEvents(ILjava/awt/Conditional;)V+4
j  java.awt.EventDispatchThread.pumpEvents(Ljava/awt/Conditional;)V+3
j  java.awt.EventDispatchThread.run()V+9
v  ~StubRoutines::call_stub

---------------  P R O C E S S  ---------------

Java Threads: ( => current thread )
  0x00007fb5020e8000 JavaThread "DestroyJavaVM" [_thread_blocked, id=6403, stack(0x0000000105481000,0x0000000105581000)]
=>0x00007fb502084800 JavaThread "AWT-EventQueue-0" [_thread_in_native, id=52487, stack(0x0000000116cd7000,0x0000000116dd7000)]
  0x00007fb500872800 JavaThread "Java2D Disposer" daemon [_thread_blocked, id=48435, stack(0x00000001156fe000,0x00000001157fe000)]
  0x00007fb5010af800 JavaThread "Java2D Queue Flusher" daemon [_thread_blocked, id=46603, stack(0x00000001149bc000,0x0000000114abc000)]
  0x00007fb502031800 JavaThread "AWT-Shutdown" [_thread_blocked, id=28171, stack(0x000000011240c000,0x000000011250c000)]
  0x00007fb501074000 JavaThread "AppKit Thread" daemon [_thread_in_native, id=1287, stack(0x00007fff5a814000,0x00007fff5a894000)]
  0x00007fb50102e800 JavaThread "Service Thread" daemon [_thread_blocked, id=19203, stack(0x00000001104ec000,0x00000001105ec000)]
  0x00007fb50102e000 JavaThread "C2 CompilerThread1" daemon [_thread_blocked, id=18691, stack(0x00000001103e9000,0x00000001104e9000)]
  0x00007fb50102c800 JavaThread "C2 CompilerThread0" daemon [_thread_blocked, id=18179, stack(0x00000001102e6000,0x00000001103e6000)]
  0x00007fb501021800 JavaThread "Signal Dispatcher" daemon [_thread_blocked, id=17667, stack(0x00000001101e3000,0x00000001102e3000)]
  0x00007fb50101d000 JavaThread "Finalizer" daemon [_thread_blocked, id=12547, stack(0x000000010ff94000,0x0000000110094000)]
  0x00007fb502000000 JavaThread "Reference Handler" daemon [_thread_blocked, id=12035, stack(0x000000010fe91000,0x000000010ff91000)]

Other Threads:
  0x00007fb50101a800 VMThread [stack: 0x000000010fd8e000,0x000000010fe8e000] [id=11523]
  0x00007fb501020800 WatcherThread [stack: 0x00000001105ef000,0x00000001106ef000] [id=19715]

VM state:not at safepoint (normal execution)

VM Mutex/Monitor currently owned by a thread: None

Heap
 PSYoungGen      total 38912K, used 8934K [0x00000007d5500000, 0x00000007d8000000, 0x0000000800000000)
  eden space 33792K, 26% used [0x00000007d5500000,0x00000007d5db9b40,0x00000007d7600000)
  from space 5120K, 0% used [0x00000007d7b00000,0x00000007d7b00000,0x00000007d8000000)
  to   space 5120K, 0% used [0x00000007d7600000,0x00000007d7600000,0x00000007d7b00000)
 ParOldGen       total 87040K, used 0K [0x0000000780000000, 0x0000000785500000, 0x00000007d5500000)
  object space 87040K, 0% used [0x0000000780000000,0x0000000780000000,0x0000000785500000)
 PSPermGen       total 21504K, used 8578K [0x000000077ae00000, 0x000000077c300000, 0x0000000780000000)
  object space 21504K, 39% used [0x000000077ae00000,0x000000077b660818,0x000000077c300000)

Card table byte_map: [0x0000000109913000,0x0000000109d3d000] byte_map_base: 0x0000000105d3c000

Polling page: 0x00000001055c0000

Code Cache  [0x0000000106853000, 0x0000000106ac3000, 0x0000000109853000)
 total_blobs=420 nmethods=15 adapters=360 free_code_cache=48626Kb largest_free_block=49773568

Compilation events (10 events):
Event: 0.966 Thread 0x00007fb50102e000   10             java.lang.CharacterData::of (120 bytes)
Event: 0.966 Thread 0x00007fb50102c800   11             java.lang.CharacterDataLatin1::getProperties (11 bytes)
Event: 0.966 Thread 0x00007fb50102c800 nmethod 11 0x00000001068d0250 code [0x00000001068d0380, 0x00000001068d0418]
Event: 0.966 Thread 0x00007fb50102e000 nmethod 10 0x00000001068d3690 code [0x00000001068d37e0, 0x00000001068d38b8]
Event: 0.966 Thread 0x00007fb50102c800   12             java.lang.String::toLowerCase (472 bytes)
Event: 0.967 Thread 0x00007fb50102e000   13             java.lang.Character::toLowerCase (9 bytes)
Event: 0.968 Thread 0x00007fb50102e000 nmethod 13 0x00000001068d4d90 code [0x00000001068d4ee0, 0x00000001068d5038]
Event: 0.968 Thread 0x00007fb50102e000   14             java.lang.CharacterDataLatin1::toLowerCase (39 bytes)
Event: 0.969 Thread 0x00007fb50102e000 nmethod 14 0x00000001068d0490 code [0x00000001068d05c0, 0x00000001068d0678]
Event: 0.990 Thread 0x00007fb50102c800 nmethod 12 0x00000001068d9650 code [0x00000001068d9880, 0x00000001068da5f0]

GC Heap History (0 events):
No events

Deoptimization events (0 events):
No events

Internal exceptions (10 events):
Event: 0.459 Thread 0x00007fb501000800 Threw 0x00000007d561fd78 at /HUDSON/workspace/7u-2-build-macosx-x86_64/jdk7u51/527/hotspot/src/share/vm/prims/jvm.cpp:1244
Event: 0.459 Thread 0x00007fb501000800 Threw 0x00000007d5621138 at /HUDSON/workspace/7u-2-build-macosx-x86_64/jdk7u51/527/hotspot/src/share/vm/prims/jvm.cpp:1244
Event: 0.460 Thread 0x00007fb501000800 Threw 0x00000007d562d2c0 at /HUDSON/workspace/7u-2-build-macosx-x86_64/jdk7u51/527/hotspot/src/share/vm/prims/jvm.cpp:1244
Event: 0.460 Thread 0x00007fb501000800 Threw 0x00000007d562e700 at /HUDSON/workspace/7u-2-build-macosx-x86_64/jdk7u51/527/hotspot/src/share/vm/prims/jvm.cpp:1244
Event: 0.479 Thread 0x00007fb501000800 Threw 0x00000007d57abb88 at /HUDSON/workspace/7u-2-build-macosx-x86_64/jdk7u51/527/hotspot/src/share/vm/prims/jvm.cpp:1244
Event: 0.479 Thread 0x00007fb501000800 Threw 0x00000007d57b15c8 at /HUDSON/workspace/7u-2-build-macosx-x86_64/jdk7u51/527/hotspot/src/share/vm/prims/jvm.cpp:1244
Event: 0.486 Thread 0x00007fb501000800 Threw 0x00000007d57bd788 at /HUDSON/workspace/7u-2-build-macosx-x86_64/jdk7u51/527/hotspot/src/share/vm/prims/jvm.cpp:1244
Event: 1.531 Thread 0x00007fb502084800 Threw 0x00000007d5d9ad18 at /HUDSON/workspace/7u-2-build-macosx-x86_64/jdk7u51/527/hotspot/src/share/vm/prims/jvm.cpp:1244
Event: 1.535 Thread 0x00007fb502084800 Threw 0x00000007d5da2b50 at /HUDSON/workspace/7u-2-build-macosx-x86_64/jdk7u51/527/hotspot/src/share/vm/prims/jvm.cpp:1244
Event: 1.536 Thread 0x00007fb502084800 Threw 0x00000007d5da64f0 at /HUDSON/workspace/7u-2-build-macosx-x86_64/jdk7u51/527/hotspot/src/share/vm/prims/jvm.cpp:1244

Events (10 events):
Event: 1.020 loading class 0x00007fb500847520
Event: 1.020 loading class 0x00007fb500847520 done
Event: 1.531 loading class 0x00007fb500524560
Event: 1.531 loading class 0x00007fb500524560 done
Event: 1.535 loading class 0x00007fb50073d6f0
Event: 1.535 loading class 0x00007fb50073d6f0 done
Event: 1.536 loading class 0x00007fb5007839e0
Event: 1.536 loading class 0x00007fb5007839e0 done
Event: 1.536 loading class 0x000000010eb0d650
Event: 1.536 loading class 0x000000010eb0d650 done


Dynamic libraries:
0x0000000009253000 	/System/Library/Frameworks/Cocoa.framework/Versions/A/Cocoa
0x0000000009253000 	/System/Library/Frameworks/Security.framework/Versions/A/Security
0x0000000009253000 	/System/Library/Frameworks/ApplicationServices.framework/Versions/A/ApplicationServices
0x0000000009253000 	/usr/lib/libz.1.dylib
0x0000000009253000 	/usr/lib/libSystem.B.dylib
0x0000000009253000 	/usr/lib/libobjc.A.dylib
0x0000000009253000 	/System/Library/Frameworks/CoreFoundation.framework/Versions/A/CoreFoundation
0x0000000009253000 	/System/Library/Frameworks/Foundation.framework/Versions/C/Foundation
0x0000000009253000 	/System/Library/Frameworks/AppKit.framework/Versions/C/AppKit
0x0000000009253000 	/System/Library/Frameworks/CoreData.framework/Versions/A/CoreData
0x0000000009253000 	/System/Library/PrivateFrameworks/RemoteViewServices.framework/Versions/A/RemoteViewServices
0x0000000009253000 	/System/Library/Frameworks/AudioToolbox.framework/Versions/A/AudioToolbox
0x0000000009253000 	/System/Library/Frameworks/AudioUnit.framework/Versions/A/AudioUnit
0x0000000009253000 	/System/Library/PrivateFrameworks/DataDetectorsCore.framework/Versions/A/DataDetectorsCore
0x0000000009253000 	/System/Library/PrivateFrameworks/DesktopServicesPriv.framework/Versions/A/DesktopServicesPriv
0x0000000009253000 	/System/Library/Frameworks/Carbon.framework/Versions/A/Frameworks/HIToolbox.framework/Versions/A/HIToolbox
0x0000000009253000 	/System/Library/Frameworks/QuartzCore.framework/Versions/A/QuartzCore
0x0000000009253000 	/System/Library/Frameworks/Carbon.framework/Versions/A/Frameworks/SpeechRecognition.framework/Versions/A/SpeechRecognition
0x0000000009253000 	/usr/lib/libauto.dylib
0x0000000009253000 	/usr/lib/libicucore.A.dylib
0x0000000009253000 	/usr/lib/libxml2.2.dylib
0x0000000009253000 	/System/Library/PrivateFrameworks/CoreUI.framework/Versions/A/CoreUI
0x0000000009253000 	/System/Library/Frameworks/CoreAudio.framework/Versions/A/CoreAudio
0x0000000009253000 	/System/Library/Frameworks/DiskArbitration.framework/Versions/A/DiskArbitration
0x0000000009253000 	/usr/lib/liblangid.dylib
0x0000000009253000 	/System/Library/PrivateFrameworks/MultitouchSupport.framework/Versions/A/MultitouchSupport
0x0000000009253000 	/System/Library/Frameworks/IOKit.framework/Versions/A/IOKit
0x0000000009253000 	/usr/lib/libDiagnosticMessagesClient.dylib
0x0000000009253000 	/System/Library/Frameworks/CoreServices.framework/Versions/A/CoreServices
0x0000000009253000 	/System/Library/PrivateFrameworks/PerformanceAnalysis.framework/Versions/A/PerformanceAnalysis
0x0000000009253000 	/System/Library/PrivateFrameworks/GenerationalStorage.framework/Versions/A/GenerationalStorage
0x0000000009253000 	/System/Library/Frameworks/OpenGL.framework/Versions/A/OpenGL
0x0000000009253000 	/System/Library/PrivateFrameworks/Sharing.framework/Versions/A/Sharing
0x0000000009253000 	/System/Library/Frameworks/ImageIO.framework/Versions/A/ImageIO
0x0000000009253000 	/System/Library/Frameworks/CoreText.framework/Versions/A/CoreText
0x0000000009253000 	/System/Library/Frameworks/CoreGraphics.framework/Versions/A/CoreGraphics
0x0000000009253000 	/System/Library/PrivateFrameworks/Backup.framework/Versions/A/Backup
0x0000000009253000 	/System/Library/Frameworks/CFNetwork.framework/Versions/A/CFNetwork
0x0000000009253000 	/System/Library/Frameworks/SystemConfiguration.framework/Versions/A/SystemConfiguration
0x0000000009253000 	/usr/lib/libCRFSuite.dylib
0x0000000009253000 	/usr/lib/libc++.1.dylib
0x0000000009253000 	/usr/lib/libc++abi.dylib
0x0000000009253000 	/usr/lib/system/libcache.dylib
0x0000000009253000 	/usr/lib/system/libcommonCrypto.dylib
0x0000000009253000 	/usr/lib/system/libcompiler_rt.dylib
0x0000000009253000 	/usr/lib/system/libcopyfile.dylib
0x0000000009253000 	/usr/lib/system/libcorecrypto.dylib
0x0000000009253000 	/usr/lib/system/libdispatch.dylib
0x0000000009253000 	/usr/lib/system/libdyld.dylib
0x0000000009253000 	/usr/lib/system/libkeymgr.dylib
0x0000000009253000 	/usr/lib/system/liblaunch.dylib
0x0000000009253000 	/usr/lib/system/libmacho.dylib
0x0000000009253000 	/usr/lib/system/libquarantine.dylib
0x0000000009253000 	/usr/lib/system/libremovefile.dylib
0x0000000009253000 	/usr/lib/system/libsystem_asl.dylib
0x0000000009253000 	/usr/lib/system/libsystem_blocks.dylib
0x0000000009253000 	/usr/lib/system/libsystem_c.dylib
0x0000000009253000 	/usr/lib/system/libsystem_configuration.dylib
0x0000000009253000 	/usr/lib/system/libsystem_dnssd.dylib
0x0000000009253000 	/usr/lib/system/libsystem_info.dylib
0x0000000009253000 	/usr/lib/system/libsystem_kernel.dylib
0x0000000009253000 	/usr/lib/system/libsystem_m.dylib
0x0000000009253000 	/usr/lib/system/libsystem_malloc.dylib
0x0000000009253000 	/usr/lib/system/libsystem_network.dylib
0x0000000009253000 	/usr/lib/system/libsystem_notify.dylib
0x0000000009253000 	/usr/lib/system/libsystem_platform.dylib
0x0000000009253000 	/usr/lib/system/libsystem_pthread.dylib
0x0000000009253000 	/usr/lib/system/libsystem_sandbox.dylib
0x0000000009253000 	/usr/lib/system/libsystem_stats.dylib
0x0000000009253000 	/usr/lib/system/libunc.dylib
0x0000000009253000 	/usr/lib/system/libunwind.dylib
0x0000000009253000 	/usr/lib/system/libxpc.dylib
0x0000000009253000 	/usr/lib/libbsm.0.dylib
0x0000000009253000 	/usr/lib/libsqlite3.dylib
0x0000000009253000 	/usr/lib/libxar.1.dylib
0x0000000009253000 	/usr/lib/libpam.2.dylib
0x0000000009253000 	/usr/lib/libOpenScriptingUtil.dylib
0x0000000009253000 	/usr/lib/libbz2.1.0.dylib
0x0000000009253000 	/System/Library/Frameworks/CoreServices.framework/Versions/A/Frameworks/CarbonCore.framework/Versions/A/CarbonCore
0x0000000009253000 	/System/Library/Frameworks/CoreServices.framework/Versions/A/Frameworks/Metadata.framework/Versions/A/Metadata
0x0000000009253000 	/System/Library/Frameworks/CoreServices.framework/Versions/A/Frameworks/OSServices.framework/Versions/A/OSServices
0x0000000009253000 	/System/Library/Frameworks/CoreServices.framework/Versions/A/Frameworks/SearchKit.framework/Versions/A/SearchKit
0x0000000009253000 	/System/Library/Frameworks/CoreServices.framework/Versions/A/Frameworks/AE.framework/Versions/A/AE
0x0000000009253000 	/System/Library/Frameworks/CoreServices.framework/Versions/A/Frameworks/LaunchServices.framework/Versions/A/LaunchServices
0x0000000009253000 	/System/Library/Frameworks/CoreServices.framework/Versions/A/Frameworks/DictionaryServices.framework/Versions/A/DictionaryServices
0x0000000009253000 	/System/Library/Frameworks/NetFS.framework/Versions/A/NetFS
0x0000000009253000 	/usr/lib/system/libkxld.dylib
0x0000000009253000 	/System/Library/PrivateFrameworks/NetAuth.framework/Versions/A/NetAuth
0x0000000009253000 	/System/Library/PrivateFrameworks/TCC.framework/Versions/A/TCC
0x0000000009253000 	/System/Library/Frameworks/OpenDirectory.framework/Versions/A/Frameworks/CFOpenDirectory.framework/Versions/A/CFOpenDirectory
0x0000000009253000 	/System/Library/Frameworks/ServiceManagement.framework/Versions/A/ServiceManagement
0x0000000009253000 	/usr/lib/libxslt.1.dylib
0x0000000009253000 	/System/Library/Frameworks/Carbon.framework/Versions/A/Frameworks/Ink.framework/Versions/A/Ink
0x0000000009253000 	/System/Library/Frameworks/ApplicationServices.framework/Versions/A/Frameworks/ATS.framework/Versions/A/ATS
0x0000000009253000 	/System/Library/Frameworks/ApplicationServices.framework/Versions/A/Frameworks/ColorSync.framework/Versions/A/ColorSync
0x0000000009253000 	/System/Library/Frameworks/ApplicationServices.framework/Versions/A/Frameworks/HIServices.framework/Versions/A/HIServices
0x0000000009253000 	/System/Library/Frameworks/ApplicationServices.framework/Versions/A/Frameworks/LangAnalysis.framework/Versions/A/LangAnalysis
0x0000000009253000 	/System/Library/Frameworks/ApplicationServices.framework/Versions/A/Frameworks/PrintCore.framework/Versions/A/PrintCore
0x0000000009253000 	/System/Library/Frameworks/ApplicationServices.framework/Versions/A/Frameworks/QD.framework/Versions/A/QD
0x0000000009253000 	/System/Library/Frameworks/ApplicationServices.framework/Versions/A/Frameworks/SpeechSynthesis.framework/Versions/A/SpeechSynthesis
0x0000000009253000 	/System/Library/Frameworks/IOSurface.framework/Versions/A/IOSurface
0x0000000009253000 	/System/Library/Frameworks/Accelerate.framework/Versions/A/Accelerate
0x0000000009253000 	/System/Library/Frameworks/Accelerate.framework/Versions/A/Frameworks/vImage.framework/Versions/A/vImage
0x0000000009253000 	/System/Library/Frameworks/Accelerate.framework/Versions/A/Frameworks/vecLib.framework/Versions/A/vecLib
0x0000000009253000 	/System/Library/Frameworks/Accelerate.framework/Versions/A/Frameworks/vecLib.framework/Versions/A/libvDSP.dylib
0x0000000009253000 	/System/Library/Frameworks/Accelerate.framework/Versions/A/Frameworks/vecLib.framework/Versions/A/libvMisc.dylib
0x0000000009253000 	/System/Library/Frameworks/Accelerate.framework/Versions/A/Frameworks/vecLib.framework/Versions/A/libLAPACK.dylib
0x0000000009253000 	/System/Library/Frameworks/Accelerate.framework/Versions/A/Frameworks/vecLib.framework/Versions/A/libBLAS.dylib
0x0000000009253000 	/System/Library/Frameworks/ApplicationServices.framework/Versions/A/Frameworks/ATS.framework/Versions/A/Resources/libFontParser.dylib
0x0000000009253000 	/System/Library/Frameworks/ApplicationServices.framework/Versions/A/Frameworks/ATS.framework/Versions/A/Resources/libFontRegistry.dylib
0x0000000009253000 	/System/Library/Frameworks/ImageIO.framework/Versions/A/Resources/libJPEG.dylib
0x0000000009253000 	/System/Library/Frameworks/ImageIO.framework/Versions/A/Resources/libTIFF.dylib
0x0000000009253000 	/System/Library/Frameworks/ImageIO.framework/Versions/A/Resources/libPng.dylib
0x0000000009253000 	/System/Library/Frameworks/ImageIO.framework/Versions/A/Resources/libGIF.dylib
0x0000000009253000 	/System/Library/Frameworks/ImageIO.framework/Versions/A/Resources/libJP2.dylib
0x0000000009253000 	/System/Library/Frameworks/ImageIO.framework/Versions/A/Resources/libRadiance.dylib
0x0000000009253000 	/usr/lib/libcups.2.dylib
0x0000000009253000 	/System/Library/Frameworks/Kerberos.framework/Versions/A/Kerberos
0x0000000009253000 	/System/Library/Frameworks/GSS.framework/Versions/A/GSS
0x0000000009253000 	/usr/lib/libresolv.9.dylib
0x0000000009253000 	/usr/lib/libiconv.2.dylib
0x0000000009253000 	/System/Library/PrivateFrameworks/Heimdal.framework/Versions/A/Heimdal
0x0000000009253000 	/System/Library/PrivateFrameworks/TrustEvaluationAgent.framework/Versions/A/TrustEvaluationAgent
0x0000000009253000 	/usr/lib/libheimdal-asn1.dylib
0x0000000009253000 	/System/Library/Frameworks/OpenDirectory.framework/Versions/A/OpenDirectory
0x0000000009253000 	/System/Library/PrivateFrameworks/CommonAuth.framework/Versions/A/CommonAuth
0x0000000009253000 	/System/Library/Frameworks/SecurityFoundation.framework/Versions/A/SecurityFoundation
0x0000000009253000 	/System/Library/PrivateFrameworks/Bom.framework/Versions/A/Bom
0x0000000009253000 	/System/Library/Frameworks/CoreVideo.framework/Versions/A/CoreVideo
0x0000000009253000 	/System/Library/Frameworks/QuartzCore.framework/Versions/A/Frameworks/CoreImage.framework/Versions/A/CoreImage
0x0000000009253000 	/System/Library/Frameworks/QuartzCore.framework/Versions/A/Frameworks/ScalableUserInterface.framework/Versions/A/ScalableUserInterface
0x0000000009253000 	/System/Library/Frameworks/OpenGL.framework/Versions/A/Libraries/libGLU.dylib
0x0000000009253000 	/System/Library/Frameworks/OpenGL.framework/Versions/A/Libraries/libGFXShared.dylib
0x0000000009253000 	/System/Library/Frameworks/OpenGL.framework/Versions/A/Libraries/libGL.dylib
0x0000000009253000 	/System/Library/Frameworks/OpenGL.framework/Versions/A/Libraries/libGLImage.dylib
0x0000000009253000 	/System/Library/Frameworks/OpenGL.framework/Versions/A/Libraries/libCVMSPluginSupport.dylib
0x0000000009253000 	/System/Library/Frameworks/OpenGL.framework/Versions/A/Libraries/libCoreVMClient.dylib
0x0000000009253000 	/System/Library/PrivateFrameworks/FaceCore.framework/Versions/A/FaceCore
0x0000000009253000 	/System/Library/PrivateFrameworks/CrashReporterSupport.framework/Versions/A/CrashReporterSupport
0x0000000009253000 	/System/Library/Frameworks/OpenCL.framework/Versions/A/OpenCL
0x0000000009253000 	/System/Library/PrivateFrameworks/AppleFSCompression.framework/Versions/A/AppleFSCompression
0x0000000009253000 	/System/Library/PrivateFrameworks/Ubiquity.framework/Versions/A/Ubiquity
0x0000000009253000 	/System/Library/PrivateFrameworks/IconServices.framework/Versions/A/IconServices
0x0000000009253000 	/System/Library/PrivateFrameworks/ChunkingLibrary.framework/Versions/A/ChunkingLibrary
0x0000000009253000 	/System/Library/PrivateFrameworks/CoreSymbolication.framework/Versions/A/CoreSymbolication
0x0000000009253000 	/System/Library/PrivateFrameworks/Symbolication.framework/Versions/A/Symbolication
0x0000000009253000 	/System/Library/PrivateFrameworks/DebugSymbols.framework/Versions/A/DebugSymbols
0x0000000105e00000 	/Library/Java/JavaVirtualMachines/jdk1.7.0_51.jdk/Contents/Home/jre/lib/server/libjvm.dylib
0x0000000009253000 	/usr/lib/libstdc++.6.dylib
0x0000000105583000 	/Library/Java/JavaVirtualMachines/jdk1.7.0_51.jdk/Contents/Home/jre/lib/libverify.dylib
0x0000000105590000 	/Library/Java/JavaVirtualMachines/jdk1.7.0_51.jdk/Contents/Home/jre/lib/libjava.dylib
0x00000001055ca000 	/Library/Java/JavaVirtualMachines/jdk1.7.0_51.jdk/Contents/Home/jre/lib/libzip.dylib
0x0000000110096000 	/System/Library/Frameworks/JavaVM.framework/Frameworks/JavaRuntimeSupport.framework/JavaRuntimeSupport
0x00000001100ae000 	/System/Library/Frameworks/JavaVM.framework/Versions/A/Frameworks/JavaNativeFoundation.framework/Versions/A/JavaNativeFoundation
0x00000001100c3000 	/System/Library/Frameworks/JavaVM.framework/Versions/A/JavaVM
0x0000000009253000 	/System/Library/Frameworks/Carbon.framework/Versions/A/Carbon
0x00000001100d0000 	/System/Library/PrivateFrameworks/JavaLaunching.framework/Versions/A/JavaLaunching
0x0000000009253000 	/System/Library/Frameworks/Carbon.framework/Versions/A/Frameworks/CommonPanels.framework/Versions/A/CommonPanels
0x0000000009253000 	/System/Library/Frameworks/Carbon.framework/Versions/A/Frameworks/Help.framework/Versions/A/Help
0x0000000009253000 	/System/Library/Frameworks/Carbon.framework/Versions/A/Frameworks/ImageCapture.framework/Versions/A/ImageCapture
0x0000000009253000 	/System/Library/Frameworks/Carbon.framework/Versions/A/Frameworks/OpenScripting.framework/Versions/A/OpenScripting
0x0000000009253000 	/System/Library/Frameworks/Carbon.framework/Versions/A/Frameworks/Print.framework/Versions/A/Print
0x0000000009253000 	/System/Library/Frameworks/Carbon.framework/Versions/A/Frameworks/SecurityHI.framework/Versions/A/SecurityHI
0x000000011073b000 	/Library/Java/JavaVirtualMachines/jdk1.7.0_51.jdk/Contents/Home/jre/lib/libawt.dylib
0x00000001107ea000 	/Library/Java/JavaVirtualMachines/jdk1.7.0_51.jdk/Contents/Home/jre/lib/./libmlib_image.dylib
0x00000001108b6000 	/Library/Java/JavaVirtualMachines/jdk1.7.0_51.jdk/Contents/Home/jre/lib/lwawt/liblwawt.dylib
0x000000011096a000 	/Library/Java/JavaVirtualMachines/jdk1.7.0_51.jdk/Contents/Home/jre/lib/libosxapp.dylib
0x0000000009253000 	/System/Library/Frameworks/ExceptionHandling.framework/Versions/A/ExceptionHandling
0x0000000009253000 	/System/Library/PrivateFrameworks/CoreServicesInternal.framework/Versions/A/CoreServicesInternal
0x0000000009253000 	/System/Library/PrivateFrameworks/Librarian.framework/Versions/A/Librarian
0x0000000009253000 	/System/Library/Frameworks/CoreGraphics.framework/Versions/A/Resources/libCGCMS.A.dylib
0x0000000009253000 	/System/Library/Frameworks/CoreGraphics.framework/Versions/A/Resources/libRIP.A.dylib
0x0000000009253000 	/System/Library/Frameworks/CoreGraphics.framework/Versions/A/Resources/libCGXType.A.dylib
0x0000000009253000 	/System/Library/PrivateFrameworks/FamilyControls.framework/Versions/A/FamilyControls
0x0000000009253000 	/System/Library/PrivateFrameworks/CommerceKit.framework/Versions/A/Frameworks/CommerceCore.framework/Versions/A/CommerceCore
0x0000000009253000 	/System/Library/PrivateFrameworks/SystemAdministration.framework/Versions/A/SystemAdministration
0x0000000009253000 	/System/Library/Frameworks/DirectoryService.framework/Versions/A/DirectoryService
0x0000000009253000 	/System/Library/PrivateFrameworks/DiskImages.framework/Versions/A/DiskImages
0x0000000009253000 	/System/Library/PrivateFrameworks/LoginUIKit.framework/Versions/A/Frameworks/LoginUICore.framework/Versions/A/LoginUICore
0x0000000009253000 	/usr/lib/libCoreStorage.dylib
0x0000000009253000 	/usr/lib/libcsfde.dylib
0x0000000009253000 	/usr/lib/libodfde.dylib
0x0000000009253000 	/System/Library/Frameworks/DiscRecording.framework/Versions/A/DiscRecording
0x0000000009253000 	/usr/lib/libcurl.4.dylib
0x0000000009253000 	/System/Library/PrivateFrameworks/MediaKit.framework/Versions/A/MediaKit
0x0000000009253000 	/System/Library/PrivateFrameworks/EFILogin.framework/Versions/A/EFILogin
0x0000000009253000 	/usr/lib/libutil.dylib
0x0000000009253000 	/System/Library/PrivateFrameworks/AOSNotification.framework/Versions/A/AOSNotification
0x0000000009253000 	/System/Library/Frameworks/LDAP.framework/Versions/A/LDAP
0x0000000009253000 	/usr/lib/libsasl2.2.dylib
0x0000000009253000 	/usr/lib/libcrypto.0.9.8.dylib
0x0000000009253000 	/usr/lib/libssl.0.9.8.dylib
0x0000000009253000 	/System/Library/Frameworks/OpenGL.framework/Versions/A/Resources/GLEngine.bundle/GLEngine
0x0000000009253000 	/System/Library/Frameworks/OpenGL.framework/Versions/A/Libraries/libGLProgrammability.dylib
0x0000000000000000 	/System/Library/Extensions/AppleIntelHD4000GraphicsGLDriver.bundle/Contents/MacOS/AppleIntelHD4000GraphicsGLDriver
0x0000000009253000 	/System/Library/PrivateFrameworks/IOAccelerator.framework/Versions/A/IOAccelerator
0x0000000009253000 	/System/Library/PrivateFrameworks/GPUSupport.framework/Versions/A/Libraries/libGPUSupportMercury.dylib
0x0000000009253000 	/System/Library/Frameworks/OpenGL.framework/Versions/A/Resources/GLRendererFloat.bundle/GLRendererFloat
0x0000000009253000 	/System/Library/Frameworks/OpenCL.framework/Versions/A/Libraries/libcldcpuengine.dylib
0x0000000115800000 	/Library/Java/JavaVirtualMachines/jdk1.7.0_51.jdk/Contents/Home/jre/lib/libfontmanager.dylib
0x0000000112220000 	/Library/Java/JavaVirtualMachines/jdk1.7.0_51.jdk/Contents/Home/jre/lib/libosxui.dylib
0x00000001174be000 	/Library/Java/JavaVirtualMachines/jdk1.7.0_51.jdk/Contents/Home/jre/lib/libnet.dylib
0x00000001173c1000 	/Library/Java/JavaVirtualMachines/jdk1.7.0_51.jdk/Contents/Home/jre/lib/libnio.dylib
0x0000000117f55000 	/Users/zalbhathena/Documents/workspace/Thesis-Test-Application/HPA* Program/jni/libsearchalgorithms.dylib

VM Arguments:
jvm_args: -Djava.library.path=/Users/zalbhathena/Documents/workspace/Thesis-Test-Application/HPA* Program/jni -Dfile.encoding=US-ASCII 
java_command: HPAProgram
Launcher Type: SUN_STANDARD

Environment Variables:
PATH=/usr/bin:/bin:/usr/sbin:/sbin
LD_LIBRARY_PATH=src
SHELL=/bin/bash

Signal Handlers:
SIGSEGV: [libjvm.dylib+0x525425], sa_mask[0]=0xfffefeff, sa_flags=0x00000043
SIGBUS: [libjvm.dylib+0x525425], sa_mask[0]=0xfffefeff, sa_flags=0x00000042
SIGFPE: [libjvm.dylib+0x41892a], sa_mask[0]=0xfffefeff, sa_flags=0x00000042
SIGPIPE: [libjvm.dylib+0x41892a], sa_mask[0]=0xfffefeff, sa_flags=0x00000042
SIGXFSZ: [libjvm.dylib+0x41892a], sa_mask[0]=0xfffefeff, sa_flags=0x00000042
SIGILL: [libjvm.dylib+0x41892a], sa_mask[0]=0xfffefeff, sa_flags=0x00000042
SIGUSR1: SIG_DFL, sa_mask[0]=0x00000000, sa_flags=0x00000002
SIGUSR2: [libjvm.dylib+0x41841c], sa_mask[0]=0x00000004, sa_flags=0x00000042
SIGHUP: [libjvm.dylib+0x4166ab], sa_mask[0]=0xfffefeff, sa_flags=0x00000042
SIGINT: [libjvm.dylib+0x4166ab], sa_mask[0]=0xfffefeff, sa_flags=0x00000042
SIGTERM: [libjvm.dylib+0x4166ab], sa_mask[0]=0xfffefeff, sa_flags=0x00000042
SIGQUIT: [libjvm.dylib+0x4166ab], sa_mask[0]=0xfffefeff, sa_flags=0x00000042


---------------  S Y S T E M  ---------------

OS:Bsduname:Darwin 13.0.0 Darwin Kernel Version 13.0.0: Thu Sep 19 22:22:27 PDT 2013; root:xnu-2422.1.72~6/RELEASE_X86_64 x86_64
rlimit: STACK 8192k, CORE 0k, NPROC 709, NOFILE 10240, AS infinity
load average:1.54 1.47 1.35

CPU:total 4 (2 cores per cpu, 2 threads per core) family 6 model 58 stepping 9, cmov, cx8, fxsr, mmx, sse, sse2, sse3, ssse3, sse4.1, sse4.2, popcnt, avx, aes, erms, ht, tsc, tscinvbit, tscinv

Memory: 4k page, physical 8388608k(2097152k free)

/proc/meminfo:


vm_info: Java HotSpot(TM) 64-Bit Server VM (24.51-b03) for bsd-amd64 JRE (1.7.0_51-b13), built on Dec 18 2013 18:45:56 by "java_re" with gcc 4.2.1 (Based on Apple Inc. build 5658) (LLVM build 2336.11.00)

time: Mon Feb 10 00:37:02 2014
elapsed time: 1 seconds

