#
# A fatal error has been detected by the Java Runtime Environment:
#
#  SIGSEGV (0xb) at pc=0x0000000114f25b19, pid=7253, tid=52487
#
# JRE version: Java(TM) SE Runtime Environment (7.0_51-b13) (build 1.7.0_51-b13)
# Java VM: Java HotSpot(TM) 64-Bit Server VM (24.51-b03 mixed mode bsd-amd64 compressed oops)
# Problematic frame:
# C  [libsearchalgorithms.dylib+0x2b19]  _ZN11GsArrayBase4sizeEji+0x19
#
# Failed to write core dump. Core dumps have been disabled. To enable core dumping, try "ulimit -c unlimited" before starting Java again
#
# If you would like to submit a bug report, please visit:
#   http://bugreport.sun.com/bugreport/crash.jsp
# The crash happened outside the Java Virtual Machine in native code.
# See problematic frame for where to report the bug.
#

---------------  T H R E A D  ---------------

Current thread (0x00007ff0520bb000):  JavaThread "AWT-EventQueue-0" [_thread_in_native, id=52487, stack(0x00000001149f5000,0x0000000114af5000)]

siginfo:si_signo=SIGSEGV: si_errno=0, si_code=1 (SEGV_MAPERR), si_addr=0x000000000301f008

Registers:
RAX=0x0000000000000008, RBX=0x000000077b65f1a8, RCX=0x0000000000000000, RDX=0x0000000000000000
RSP=0x0000000114af1fe0, RBP=0x0000000114af2000, RSI=0x0000000000000008, RDI=0x000000000301f000
R8 =0x0000000000000e68, R9 =0x0000000103022a00, R10=0x000000000507e682, R11=0x00000000499a9c9c
R12=0x0000000000000000, R13=0x000000077b65f1a8, R14=0x0000000114af2490, R15=0x00007ff0520bb000
RIP=0x0000000114f25b19, EFLAGS=0x0000000000010202, ERR=0x0000000000000006
  TRAPNO=0x000000000000000e

Top of Stack: (sp=0x0000000114af1fe0)
0x0000000114af1fe0:   0000000114af2080 0000000114f3b0d6
0x0000000114af1ff0:   0000000800000000 000000000301f000
0x0000000114af2000:   0000000114af2020 0000000114f30b72
0x0000000114af2010:   00000000507e9ab0 000000000301f000
0x0000000114af2020:   0000000114af2080 0000000114f37d28
0x0000000114af2030:   00007ff0507eb700 00007ff0507e9ab0
0x0000000114af2040:   0000000114f62900 0000000114f62900
0x0000000114af2050:   00007ff0507eaa80 00007ff0507eaa50
0x0000000114af2060:   0000000314af2080 0000000114af23a0
0x0000000114af2070:   000000000301f000 0000000114f62900
0x0000000114af2080:   0000000114af2100 0000000114f5cd2c
0x0000000114af2090:   0000000314af20c0 00007ff0507e9a88
0x0000000114af20a0:   00007ff0507e9a88 000000000301f000
0x0000000114af20b0:   0000000800000000 0000000114af23a0
0x0000000114af20c0:   0000000000000000 00007ff0507e9a70
0x0000000114af20d0:   0000000600000004 0000000114af2300
0x0000000114af20e0:   0000000114af2230 0000000114af23a0
0x0000000114af20f0:   0000000114af23b0 0000000114af2110
0x0000000114af2100:   0000000114af2400 0000000114f5cf40
0x0000000114af2110:   0000000000000000 0000000000000000
0x0000000114af2120:   4059000000000000 0000000000000000
0x0000000114af2130:   4059000000000000 4059000000000000
0x0000000114af2140:   0000000000000000 4059000000000000
0x0000000114af2150:   c0c81ccccccccccd 403b000000000000
0x0000000114af2160:   4039000000000000 4046800000000000
0x0000000114af2170:   4039000000000000 4046800000000000
0x0000000114af2180:   4050400000000000 403b000000000000
0x0000000114af2190:   4050400000000000 c0c81ccccccccccd
0x0000000114af21a0:   402c000000000000 4039000000000000
0x0000000114af21b0:   4031000000000000 4039000000000000
0x0000000114af21c0:   4031000000000000 4041800000000000
0x0000000114af21d0:   402c000000000000 4041800000000000 

Instructions: (pc=0x0000000114f25b19)
0x0000000114f25af9:   1f 84 00 00 00 00 00 55 48 89 e5 48 83 ec 20 48
0x0000000114f25b09:   89 7d f8 89 75 f4 89 55 f0 48 8b 7d f8 8b 55 f0
0x0000000114f25b19:   89 57 08 8b 57 08 3b 57 0c 48 89 7d e8 0f 8e 22
0x0000000114f25b29:   00 00 00 48 8b 45 e8 8b 48 08 89 48 0c 48 8b 38 

Register to memory mapping:

RAX=0x0000000000000008 is an unknown value
RBX=0x000000077b65f1a8 is an oop
{method} 
 - klass: {other class}
RCX=0x0000000000000000 is an unknown value
RDX=0x0000000000000000 is an unknown value
RSP=0x0000000114af1fe0 is pointing into the stack for thread: 0x00007ff0520bb000
RBP=0x0000000114af2000 is pointing into the stack for thread: 0x00007ff0520bb000
RSI=0x0000000000000008 is an unknown value
RDI=0x000000000301f000 is an unknown value
R8 =0x0000000000000e68 is an unknown value
R9 =0x0000000103022a00 is an unknown value
R10=0x000000000507e682 is an unknown value
R11=0x00000000499a9c9c is an unknown value
R12=0x0000000000000000 is an unknown value
R13=0x000000077b65f1a8 is an oop
{method} 
 - klass: {other class}
R14=0x0000000114af2490 is pointing into the stack for thread: 0x00007ff0520bb000
R15=0x00007ff0520bb000 is a thread


Stack: [0x00000001149f5000,0x0000000114af5000],  sp=0x0000000114af1fe0,  free space=1011k
Native frames: (J=compiled Java code, j=interpreted, Vv=VM code, C=native code)
C  [libsearchalgorithms.dylib+0x2b19]  _ZN11GsArrayBase4sizeEji+0x19
C  [libsearchalgorithms.dylib+0xdb72]  _ZN7GsArrayI6GsVec2E4sizeEi+0x22
C  [libsearchalgorithms.dylib+0x14d28]  _ZN6SeDcdt14get_mesh_edgesEP7GsArrayI6GsVec2ES3_+0x38
C  [libsearchalgorithms.dylib+0x39d2c]  _Z11create_dcdtPKdR7GsArrayIP10SeDcdtFaceERS1_I6GsVec2E+0x1fc
C  [libsearchalgorithms.dylib+0x39f40]  Java_SearchAlgorithms_getTriangulation+0xf0
j  SearchAlgorithms.getTriangulation([D)[D+0
j  SearchAlgorithms.getTriangulation(Ljava/awt/Rectangle;Ljava/util/ArrayList;)Ljava/util/Set;+472
j  TriangulationSpaceManager.<init>(Ljava/util/ArrayList;II)V+57
j  MapModel.startPathfinding(Ljava/lang/String;IZ)V+35
j  MapWindowController.actionPerformed(Ljava/awt/event/ActionEvent;)V+30
j  javax.swing.AbstractButton.fireActionPerformed(Ljava/awt/event/ActionEvent;)V+84
j  javax.swing.AbstractButton$Handler.actionPerformed(Ljava/awt/event/ActionEvent;)V+5
j  javax.swing.DefaultButtonModel.fireActionPerformed(Ljava/awt/event/ActionEvent;)V+35
j  javax.swing.DefaultButtonModel.setPressed(Z)V+117
j  javax.swing.plaf.basic.BasicButtonListener.mouseReleased(Ljava/awt/event/MouseEvent;)V+35
j  java.awt.Component.processMouseEvent(Ljava/awt/event/MouseEvent;)V+64
j  javax.swing.JComponent.processMouseEvent(Ljava/awt/event/MouseEvent;)V+23
j  java.awt.Component.processEvent(Ljava/awt/AWTEvent;)V+81
j  java.awt.Container.processEvent(Ljava/awt/AWTEvent;)V+18
j  java.awt.Component.dispatchEventImpl(Ljava/awt/AWTEvent;)V+581
j  java.awt.Container.dispatchEventImpl(Ljava/awt/AWTEvent;)V+42
j  java.awt.Component.dispatchEvent(Ljava/awt/AWTEvent;)V+2
j  java.awt.LightweightDispatcher.retargetMouseEvent(Ljava/awt/Component;ILjava/awt/event/MouseEvent;)V+327
j  java.awt.LightweightDispatcher.processMouseEvent(Ljava/awt/event/MouseEvent;)Z+139
j  java.awt.LightweightDispatcher.dispatchEvent(Ljava/awt/AWTEvent;)Z+50
j  java.awt.Container.dispatchEventImpl(Ljava/awt/AWTEvent;)V+12
j  java.awt.Window.dispatchEventImpl(Ljava/awt/AWTEvent;)V+19
j  java.awt.Component.dispatchEvent(Ljava/awt/AWTEvent;)V+2
j  java.awt.EventQueue.dispatchEventImpl(Ljava/awt/AWTEvent;Ljava/lang/Object;)V+41
j  java.awt.EventQueue.access$200(Ljava/awt/EventQueue;Ljava/awt/AWTEvent;Ljava/lang/Object;)V+3
j  java.awt.EventQueue$3.run()Ljava/lang/Void;+12
j  java.awt.EventQueue$3.run()Ljava/lang/Object;+1
v  ~StubRoutines::call_stub
V  [libjvm.dylib+0x2d6bb0]
V  [libjvm.dylib+0x2d6980]
V  [libjvm.dylib+0x32a264]
j  java.security.AccessController.doPrivileged(Ljava/security/PrivilegedAction;Ljava/security/AccessControlContext;)Ljava/lang/Object;+0
j  java.security.ProtectionDomain$1.doIntersectionPrivilege(Ljava/security/PrivilegedAction;Ljava/security/AccessControlContext;Ljava/security/AccessControlContext;)Ljava/lang/Object;+28
j  java.security.ProtectionDomain$1.doIntersectionPrivilege(Ljava/security/PrivilegedAction;Ljava/security/AccessControlContext;)Ljava/lang/Object;+6
j  java.awt.EventQueue$4.run()Ljava/lang/Void;+11
j  java.awt.EventQueue$4.run()Ljava/lang/Object;+1
v  ~StubRoutines::call_stub
V  [libjvm.dylib+0x2d6bb0]
V  [libjvm.dylib+0x2d6980]
V  [libjvm.dylib+0x32a264]
j  java.security.AccessController.doPrivileged(Ljava/security/PrivilegedAction;Ljava/security/AccessControlContext;)Ljava/lang/Object;+0
j  java.security.ProtectionDomain$1.doIntersectionPrivilege(Ljava/security/PrivilegedAction;Ljava/security/AccessControlContext;Ljava/security/AccessControlContext;)Ljava/lang/Object;+28
j  java.awt.EventQueue.dispatchEvent(Ljava/awt/AWTEvent;)V+73
j  java.awt.EventDispatchThread.pumpOneEventForFilters(I)V+245
j  java.awt.EventDispatchThread.pumpEventsForFilter(ILjava/awt/Conditional;Ljava/awt/EventFilter;)V+35
j  java.awt.EventDispatchThread.pumpEventsForHierarchy(ILjava/awt/Conditional;Ljava/awt/Component;)V+11
j  java.awt.EventDispatchThread.pumpEvents(ILjava/awt/Conditional;)V+4
j  java.awt.EventDispatchThread.pumpEvents(Ljava/awt/Conditional;)V+3
j  java.awt.EventDispatchThread.run()V+9
v  ~StubRoutines::call_stub
V  [libjvm.dylib+0x2d6bb0]
V  [libjvm.dylib+0x2d70c7]
V  [libjvm.dylib+0x2d7204]
V  [libjvm.dylib+0x3261ea]
V  [libjvm.dylib+0x4efb57]
V  [libjvm.dylib+0x4f125f]
V  [libjvm.dylib+0x41b1d6]
C  [libsystem_pthread.dylib+0x1899]  _pthread_body+0x8a
C  [libsystem_pthread.dylib+0x172a]  _pthread_struct_init+0x0
C  [libsystem_pthread.dylib+0x5fc9]  thread_start+0xd

Java frames: (J=compiled Java code, j=interpreted, Vv=VM code)
j  SearchAlgorithms.getTriangulation([D)[D+0
j  SearchAlgorithms.getTriangulation(Ljava/awt/Rectangle;Ljava/util/ArrayList;)Ljava/util/Set;+472
j  TriangulationSpaceManager.<init>(Ljava/util/ArrayList;II)V+57
j  MapModel.startPathfinding(Ljava/lang/String;IZ)V+35
j  MapWindowController.actionPerformed(Ljava/awt/event/ActionEvent;)V+30
j  javax.swing.AbstractButton.fireActionPerformed(Ljava/awt/event/ActionEvent;)V+84
j  javax.swing.AbstractButton$Handler.actionPerformed(Ljava/awt/event/ActionEvent;)V+5
j  javax.swing.DefaultButtonModel.fireActionPerformed(Ljava/awt/event/ActionEvent;)V+35
j  javax.swing.DefaultButtonModel.setPressed(Z)V+117
j  javax.swing.plaf.basic.BasicButtonListener.mouseReleased(Ljava/awt/event/MouseEvent;)V+35
j  java.awt.Component.processMouseEvent(Ljava/awt/event/MouseEvent;)V+64
j  javax.swing.JComponent.processMouseEvent(Ljava/awt/event/MouseEvent;)V+23
j  java.awt.Component.processEvent(Ljava/awt/AWTEvent;)V+81
j  java.awt.Container.processEvent(Ljava/awt/AWTEvent;)V+18
j  java.awt.Component.dispatchEventImpl(Ljava/awt/AWTEvent;)V+581
j  java.awt.Container.dispatchEventImpl(Ljava/awt/AWTEvent;)V+42
j  java.awt.Component.dispatchEvent(Ljava/awt/AWTEvent;)V+2
j  java.awt.LightweightDispatcher.retargetMouseEvent(Ljava/awt/Component;ILjava/awt/event/MouseEvent;)V+327
j  java.awt.LightweightDispatcher.processMouseEvent(Ljava/awt/event/MouseEvent;)Z+139
j  java.awt.LightweightDispatcher.dispatchEvent(Ljava/awt/AWTEvent;)Z+50
j  java.awt.Container.dispatchEventImpl(Ljava/awt/AWTEvent;)V+12
j  java.awt.Window.dispatchEventImpl(Ljava/awt/AWTEvent;)V+19
j  java.awt.Component.dispatchEvent(Ljava/awt/AWTEvent;)V+2
j  java.awt.EventQueue.dispatchEventImpl(Ljava/awt/AWTEvent;Ljava/lang/Object;)V+41
j  java.awt.EventQueue.access$200(Ljava/awt/EventQueue;Ljava/awt/AWTEvent;Ljava/lang/Object;)V+3
j  java.awt.EventQueue$3.run()Ljava/lang/Void;+12
j  java.awt.EventQueue$3.run()Ljava/lang/Object;+1
v  ~StubRoutines::call_stub
j  java.security.AccessController.doPrivileged(Ljava/security/PrivilegedAction;Ljava/security/AccessControlContext;)Ljava/lang/Object;+0
j  java.security.ProtectionDomain$1.doIntersectionPrivilege(Ljava/security/PrivilegedAction;Ljava/security/AccessControlContext;Ljava/security/AccessControlContext;)Ljava/lang/Object;+28
j  java.security.ProtectionDomain$1.doIntersectionPrivilege(Ljava/security/PrivilegedAction;Ljava/security/AccessControlContext;)Ljava/lang/Object;+6
j  java.awt.EventQueue$4.run()Ljava/lang/Void;+11
j  java.awt.EventQueue$4.run()Ljava/lang/Object;+1
v  ~StubRoutines::call_stub
j  java.security.AccessController.doPrivileged(Ljava/security/PrivilegedAction;Ljava/security/AccessControlContext;)Ljava/lang/Object;+0
j  java.security.ProtectionDomain$1.doIntersectionPrivilege(Ljava/security/PrivilegedAction;Ljava/security/AccessControlContext;Ljava/security/AccessControlContext;)Ljava/lang/Object;+28
j  java.awt.EventQueue.dispatchEvent(Ljava/awt/AWTEvent;)V+73
j  java.awt.EventDispatchThread.pumpOneEventForFilters(I)V+245
j  java.awt.EventDispatchThread.pumpEventsForFilter(ILjava/awt/Conditional;Ljava/awt/EventFilter;)V+35
j  java.awt.EventDispatchThread.pumpEventsForHierarchy(ILjava/awt/Conditional;Ljava/awt/Component;)V+11
j  java.awt.EventDispatchThread.pumpEvents(ILjava/awt/Conditional;)V+4
j  java.awt.EventDispatchThread.pumpEvents(Ljava/awt/Conditional;)V+3
j  java.awt.EventDispatchThread.run()V+9
v  ~StubRoutines::call_stub

---------------  P R O C E S S  ---------------

Java Threads: ( => current thread )
  0x00007ff0520dc800 JavaThread "DestroyJavaVM" [_thread_blocked, id=6403, stack(0x0000000104454000,0x0000000104554000)]
=>0x00007ff0520bb000 JavaThread "AWT-EventQueue-0" [_thread_in_native, id=52487, stack(0x00000001149f5000,0x0000000114af5000)]
  0x00007ff0510c6000 JavaThread "Java2D Disposer" daemon [_thread_blocked, id=48435, stack(0x0000000113425000,0x0000000113525000)]
  0x00007ff050826000 JavaThread "Java2D Queue Flusher" daemon [_thread_blocked, id=46347, stack(0x00000001126e3000,0x00000001127e3000)]
  0x00007ff050831000 JavaThread "AWT-Shutdown" [_thread_blocked, id=27915, stack(0x000000010fd66000,0x000000010fe66000)]
  0x00007ff05186c000 JavaThread "AppKit Thread" daemon [_thread_in_native, id=1287, stack(0x00007fff5cb7a000,0x00007fff5cbfa000)]
  0x00007ff051850800 JavaThread "Service Thread" daemon [_thread_blocked, id=19459, stack(0x000000010e208000,0x000000010e308000)]
  0x00007ff051850000 JavaThread "C2 CompilerThread1" daemon [_thread_blocked, id=18947, stack(0x000000010e105000,0x000000010e205000)]
  0x00007ff05184e800 JavaThread "C2 CompilerThread0" daemon [_thread_blocked, id=18435, stack(0x000000010e002000,0x000000010e102000)]
  0x00007ff051849000 JavaThread "Signal Dispatcher" daemon [_thread_blocked, id=17923, stack(0x000000010deff000,0x000000010dfff000)]
  0x00007ff051846000 JavaThread "Finalizer" daemon [_thread_blocked, id=12547, stack(0x000000010dc45000,0x000000010dd45000)]
  0x00007ff051843000 JavaThread "Reference Handler" daemon [_thread_blocked, id=12035, stack(0x000000010db42000,0x000000010dc42000)]

Other Threads:
  0x00007ff051842800 VMThread [stack: 0x000000010da3f000,0x000000010db3f000] [id=11523]
  0x00007ff051010000 WatcherThread [stack: 0x000000010e30b000,0x000000010e40b000] [id=19971]

VM state:not at safepoint (normal execution)

VM Mutex/Monitor currently owned by a thread: None

Heap
 PSYoungGen      total 38912K, used 8934K [0x00000007d5500000, 0x00000007d8000000, 0x0000000800000000)
  eden space 33792K, 26% used [0x00000007d5500000,0x00000007d5db9af8,0x00000007d7600000)
  from space 5120K, 0% used [0x00000007d7b00000,0x00000007d7b00000,0x00000007d8000000)
  to   space 5120K, 0% used [0x00000007d7600000,0x00000007d7600000,0x00000007d7b00000)
 ParOldGen       total 87040K, used 0K [0x0000000780000000, 0x0000000785500000, 0x00000007d5500000)
  object space 87040K, 0% used [0x0000000780000000,0x0000000780000000,0x0000000785500000)
 PSPermGen       total 21504K, used 8586K [0x000000077ae00000, 0x000000077c300000, 0x0000000780000000)
  object space 21504K, 39% used [0x000000077ae00000,0x000000077b6628d8,0x000000077c300000)

Card table byte_map: [0x0000000107616000,0x0000000107a40000] byte_map_base: 0x0000000103a3f000

Polling page: 0x0000000103157000

Code Cache  [0x0000000104556000, 0x00000001047c6000, 0x0000000107556000)
 total_blobs=420 nmethods=15 adapters=360 free_code_cache=48626Kb largest_free_block=49780992

Compilation events (10 events):
Event: 1.265 Thread 0x00007ff05184e800   10             java.lang.CharacterData::of (120 bytes)
Event: 1.265 Thread 0x00007ff051850000   11             java.lang.CharacterDataLatin1::getProperties (11 bytes)
Event: 1.265 Thread 0x00007ff051850000 nmethod 11 0x00000001045d7790 code [0x00000001045d78c0, 0x00000001045d7958]
Event: 1.266 Thread 0x00007ff05184e800 nmethod 10 0x00000001045d5250 code [0x00000001045d53a0, 0x00000001045d5478]
Event: 1.266 Thread 0x00007ff051850000   12             java.lang.String::toLowerCase (472 bytes)
Event: 1.266 Thread 0x00007ff05184e800   13             java.lang.Character::toLowerCase (9 bytes)
Event: 1.267 Thread 0x00007ff05184e800 nmethod 13 0x00000001045d4e10 code [0x00000001045d4f60, 0x00000001045d50b8]
Event: 1.267 Thread 0x00007ff05184e800   14             java.lang.CharacterDataLatin1::toLowerCase (39 bytes)
Event: 1.268 Thread 0x00007ff05184e800 nmethod 14 0x00000001045d4b90 code [0x00000001045d4cc0, 0x00000001045d4d78]
Event: 1.292 Thread 0x00007ff051850000 nmethod 12 0x00000001045da950 code [0x00000001045dab80, 0x00000001045db8f0]

GC Heap History (0 events):
No events

Deoptimization events (0 events):
No events

Internal exceptions (10 events):
Event: 0.595 Thread 0x00007ff051002800 Threw 0x00000007d561fd58 at /HUDSON/workspace/7u-2-build-macosx-x86_64/jdk7u51/527/hotspot/src/share/vm/prims/jvm.cpp:1244
Event: 0.595 Thread 0x00007ff051002800 Threw 0x00000007d5621118 at /HUDSON/workspace/7u-2-build-macosx-x86_64/jdk7u51/527/hotspot/src/share/vm/prims/jvm.cpp:1244
Event: 0.597 Thread 0x00007ff051002800 Threw 0x00000007d562d2a0 at /HUDSON/workspace/7u-2-build-macosx-x86_64/jdk7u51/527/hotspot/src/share/vm/prims/jvm.cpp:1244
Event: 0.597 Thread 0x00007ff051002800 Threw 0x00000007d562e6e0 at /HUDSON/workspace/7u-2-build-macosx-x86_64/jdk7u51/527/hotspot/src/share/vm/prims/jvm.cpp:1244
Event: 0.616 Thread 0x00007ff051002800 Threw 0x00000007d57ab9c8 at /HUDSON/workspace/7u-2-build-macosx-x86_64/jdk7u51/527/hotspot/src/share/vm/prims/jvm.cpp:1244
Event: 0.617 Thread 0x00007ff051002800 Threw 0x00000007d57b1558 at /HUDSON/workspace/7u-2-build-macosx-x86_64/jdk7u51/527/hotspot/src/share/vm/prims/jvm.cpp:1244
Event: 0.624 Thread 0x00007ff051002800 Threw 0x00000007d57bd718 at /HUDSON/workspace/7u-2-build-macosx-x86_64/jdk7u51/527/hotspot/src/share/vm/prims/jvm.cpp:1244
Event: 1.781 Thread 0x00007ff0520bb000 Threw 0x00000007d5d98eb8 at /HUDSON/workspace/7u-2-build-macosx-x86_64/jdk7u51/527/hotspot/src/share/vm/prims/jvm.cpp:1244
Event: 1.782 Thread 0x00007ff0520bb000 Threw 0x00000007d5d9b9d0 at /HUDSON/workspace/7u-2-build-macosx-x86_64/jdk7u51/527/hotspot/src/share/vm/prims/jvm.cpp:1244
Event: 1.783 Thread 0x00007ff0520bb000 Threw 0x00000007d5da0c78 at /HUDSON/workspace/7u-2-build-macosx-x86_64/jdk7u51/527/hotspot/src/share/vm/prims/jvm.cpp:1244

Events (10 events):
Event: 1.781 loading class 0x00007ff05070b3b0
Event: 1.781 loading class 0x00007ff05070b3b0 done
Event: 1.782 loading class 0x00007ff05054e7c0
Event: 1.782 loading class 0x00007ff05054e7c0 done
Event: 1.782 loading class 0x00007ff050728960
Event: 1.782 loading class 0x00007ff050728960 done
Event: 1.783 loading class 0x000000010c7bfe60
Event: 1.783 loading class 0x000000010c7bfe60 done
Event: 1.784 loading class 0x000000010c7be650
Event: 1.784 loading class 0x000000010c7be650 done


Dynamic libraries:
0x000000000c5cb000 	/System/Library/Frameworks/Cocoa.framework/Versions/A/Cocoa
0x000000000c5cb000 	/System/Library/Frameworks/Security.framework/Versions/A/Security
0x000000000c5cb000 	/System/Library/Frameworks/ApplicationServices.framework/Versions/A/ApplicationServices
0x000000000c5cb000 	/usr/lib/libz.1.dylib
0x000000000c5cb000 	/usr/lib/libSystem.B.dylib
0x000000000c5cb000 	/usr/lib/libobjc.A.dylib
0x000000000c5cb000 	/System/Library/Frameworks/CoreFoundation.framework/Versions/A/CoreFoundation
0x000000000c5cb000 	/System/Library/Frameworks/Foundation.framework/Versions/C/Foundation
0x000000000c5cb000 	/System/Library/Frameworks/AppKit.framework/Versions/C/AppKit
0x000000000c5cb000 	/System/Library/Frameworks/CoreData.framework/Versions/A/CoreData
0x000000000c5cb000 	/System/Library/PrivateFrameworks/RemoteViewServices.framework/Versions/A/RemoteViewServices
0x000000000c5cb000 	/System/Library/Frameworks/AudioToolbox.framework/Versions/A/AudioToolbox
0x000000000c5cb000 	/System/Library/Frameworks/AudioUnit.framework/Versions/A/AudioUnit
0x000000000c5cb000 	/System/Library/PrivateFrameworks/DataDetectorsCore.framework/Versions/A/DataDetectorsCore
0x000000000c5cb000 	/System/Library/PrivateFrameworks/DesktopServicesPriv.framework/Versions/A/DesktopServicesPriv
0x000000000c5cb000 	/System/Library/Frameworks/Carbon.framework/Versions/A/Frameworks/HIToolbox.framework/Versions/A/HIToolbox
0x000000000c5cb000 	/System/Library/Frameworks/QuartzCore.framework/Versions/A/QuartzCore
0x000000000c5cb000 	/System/Library/Frameworks/Carbon.framework/Versions/A/Frameworks/SpeechRecognition.framework/Versions/A/SpeechRecognition
0x000000000c5cb000 	/usr/lib/libauto.dylib
0x000000000c5cb000 	/usr/lib/libicucore.A.dylib
0x000000000c5cb000 	/usr/lib/libxml2.2.dylib
0x000000000c5cb000 	/System/Library/PrivateFrameworks/CoreUI.framework/Versions/A/CoreUI
0x000000000c5cb000 	/System/Library/Frameworks/CoreAudio.framework/Versions/A/CoreAudio
0x000000000c5cb000 	/System/Library/Frameworks/DiskArbitration.framework/Versions/A/DiskArbitration
0x000000000c5cb000 	/usr/lib/liblangid.dylib
0x000000000c5cb000 	/System/Library/PrivateFrameworks/MultitouchSupport.framework/Versions/A/MultitouchSupport
0x000000000c5cb000 	/System/Library/Frameworks/IOKit.framework/Versions/A/IOKit
0x000000000c5cb000 	/usr/lib/libDiagnosticMessagesClient.dylib
0x000000000c5cb000 	/System/Library/Frameworks/CoreServices.framework/Versions/A/CoreServices
0x000000000c5cb000 	/System/Library/PrivateFrameworks/PerformanceAnalysis.framework/Versions/A/PerformanceAnalysis
0x000000000c5cb000 	/System/Library/PrivateFrameworks/GenerationalStorage.framework/Versions/A/GenerationalStorage
0x000000000c5cb000 	/System/Library/Frameworks/OpenGL.framework/Versions/A/OpenGL
0x000000000c5cb000 	/System/Library/PrivateFrameworks/Sharing.framework/Versions/A/Sharing
0x000000000c5cb000 	/System/Library/Frameworks/ImageIO.framework/Versions/A/ImageIO
0x000000000c5cb000 	/System/Library/Frameworks/CoreText.framework/Versions/A/CoreText
0x000000000c5cb000 	/System/Library/Frameworks/CoreGraphics.framework/Versions/A/CoreGraphics
0x000000000c5cb000 	/System/Library/PrivateFrameworks/Backup.framework/Versions/A/Backup
0x000000000c5cb000 	/System/Library/Frameworks/CFNetwork.framework/Versions/A/CFNetwork
0x000000000c5cb000 	/System/Library/Frameworks/SystemConfiguration.framework/Versions/A/SystemConfiguration
0x000000000c5cb000 	/usr/lib/libCRFSuite.dylib
0x000000000c5cb000 	/usr/lib/libc++.1.dylib
0x000000000c5cb000 	/usr/lib/libc++abi.dylib
0x000000000c5cb000 	/usr/lib/system/libcache.dylib
0x000000000c5cb000 	/usr/lib/system/libcommonCrypto.dylib
0x000000000c5cb000 	/usr/lib/system/libcompiler_rt.dylib
0x000000000c5cb000 	/usr/lib/system/libcopyfile.dylib
0x000000000c5cb000 	/usr/lib/system/libcorecrypto.dylib
0x000000000c5cb000 	/usr/lib/system/libdispatch.dylib
0x000000000c5cb000 	/usr/lib/system/libdyld.dylib
0x000000000c5cb000 	/usr/lib/system/libkeymgr.dylib
0x000000000c5cb000 	/usr/lib/system/liblaunch.dylib
0x000000000c5cb000 	/usr/lib/system/libmacho.dylib
0x000000000c5cb000 	/usr/lib/system/libquarantine.dylib
0x000000000c5cb000 	/usr/lib/system/libremovefile.dylib
0x000000000c5cb000 	/usr/lib/system/libsystem_asl.dylib
0x000000000c5cb000 	/usr/lib/system/libsystem_blocks.dylib
0x000000000c5cb000 	/usr/lib/system/libsystem_c.dylib
0x000000000c5cb000 	/usr/lib/system/libsystem_configuration.dylib
0x000000000c5cb000 	/usr/lib/system/libsystem_dnssd.dylib
0x000000000c5cb000 	/usr/lib/system/libsystem_info.dylib
0x000000000c5cb000 	/usr/lib/system/libsystem_kernel.dylib
0x000000000c5cb000 	/usr/lib/system/libsystem_m.dylib
0x000000000c5cb000 	/usr/lib/system/libsystem_malloc.dylib
0x000000000c5cb000 	/usr/lib/system/libsystem_network.dylib
0x000000000c5cb000 	/usr/lib/system/libsystem_notify.dylib
0x000000000c5cb000 	/usr/lib/system/libsystem_platform.dylib
0x000000000c5cb000 	/usr/lib/system/libsystem_pthread.dylib
0x000000000c5cb000 	/usr/lib/system/libsystem_sandbox.dylib
0x000000000c5cb000 	/usr/lib/system/libsystem_stats.dylib
0x000000000c5cb000 	/usr/lib/system/libunc.dylib
0x000000000c5cb000 	/usr/lib/system/libunwind.dylib
0x000000000c5cb000 	/usr/lib/system/libxpc.dylib
0x000000000c5cb000 	/usr/lib/libbsm.0.dylib
0x000000000c5cb000 	/usr/lib/libsqlite3.dylib
0x000000000c5cb000 	/usr/lib/libxar.1.dylib
0x000000000c5cb000 	/usr/lib/libpam.2.dylib
0x000000000c5cb000 	/usr/lib/libOpenScriptingUtil.dylib
0x000000000c5cb000 	/usr/lib/libbz2.1.0.dylib
0x000000000c5cb000 	/System/Library/Frameworks/CoreServices.framework/Versions/A/Frameworks/CarbonCore.framework/Versions/A/CarbonCore
0x000000000c5cb000 	/System/Library/Frameworks/CoreServices.framework/Versions/A/Frameworks/Metadata.framework/Versions/A/Metadata
0x000000000c5cb000 	/System/Library/Frameworks/CoreServices.framework/Versions/A/Frameworks/OSServices.framework/Versions/A/OSServices
0x000000000c5cb000 	/System/Library/Frameworks/CoreServices.framework/Versions/A/Frameworks/SearchKit.framework/Versions/A/SearchKit
0x000000000c5cb000 	/System/Library/Frameworks/CoreServices.framework/Versions/A/Frameworks/AE.framework/Versions/A/AE
0x000000000c5cb000 	/System/Library/Frameworks/CoreServices.framework/Versions/A/Frameworks/LaunchServices.framework/Versions/A/LaunchServices
0x000000000c5cb000 	/System/Library/Frameworks/CoreServices.framework/Versions/A/Frameworks/DictionaryServices.framework/Versions/A/DictionaryServices
0x000000000c5cb000 	/System/Library/Frameworks/NetFS.framework/Versions/A/NetFS
0x000000000c5cb000 	/usr/lib/system/libkxld.dylib
0x000000000c5cb000 	/System/Library/PrivateFrameworks/NetAuth.framework/Versions/A/NetAuth
0x000000000c5cb000 	/System/Library/PrivateFrameworks/TCC.framework/Versions/A/TCC
0x000000000c5cb000 	/System/Library/Frameworks/OpenDirectory.framework/Versions/A/Frameworks/CFOpenDirectory.framework/Versions/A/CFOpenDirectory
0x000000000c5cb000 	/System/Library/Frameworks/ServiceManagement.framework/Versions/A/ServiceManagement
0x000000000c5cb000 	/usr/lib/libxslt.1.dylib
0x000000000c5cb000 	/System/Library/Frameworks/Carbon.framework/Versions/A/Frameworks/Ink.framework/Versions/A/Ink
0x000000000c5cb000 	/System/Library/Frameworks/ApplicationServices.framework/Versions/A/Frameworks/ATS.framework/Versions/A/ATS
0x000000000c5cb000 	/System/Library/Frameworks/ApplicationServices.framework/Versions/A/Frameworks/ColorSync.framework/Versions/A/ColorSync
0x000000000c5cb000 	/System/Library/Frameworks/ApplicationServices.framework/Versions/A/Frameworks/HIServices.framework/Versions/A/HIServices
0x000000000c5cb000 	/System/Library/Frameworks/ApplicationServices.framework/Versions/A/Frameworks/LangAnalysis.framework/Versions/A/LangAnalysis
0x000000000c5cb000 	/System/Library/Frameworks/ApplicationServices.framework/Versions/A/Frameworks/PrintCore.framework/Versions/A/PrintCore
0x000000000c5cb000 	/System/Library/Frameworks/ApplicationServices.framework/Versions/A/Frameworks/QD.framework/Versions/A/QD
0x000000000c5cb000 	/System/Library/Frameworks/ApplicationServices.framework/Versions/A/Frameworks/SpeechSynthesis.framework/Versions/A/SpeechSynthesis
0x000000000c5cb000 	/System/Library/Frameworks/IOSurface.framework/Versions/A/IOSurface
0x000000000c5cb000 	/System/Library/Frameworks/Accelerate.framework/Versions/A/Accelerate
0x000000000c5cb000 	/System/Library/Frameworks/Accelerate.framework/Versions/A/Frameworks/vImage.framework/Versions/A/vImage
0x000000000c5cb000 	/System/Library/Frameworks/Accelerate.framework/Versions/A/Frameworks/vecLib.framework/Versions/A/vecLib
0x000000000c5cb000 	/System/Library/Frameworks/Accelerate.framework/Versions/A/Frameworks/vecLib.framework/Versions/A/libvDSP.dylib
0x000000000c5cb000 	/System/Library/Frameworks/Accelerate.framework/Versions/A/Frameworks/vecLib.framework/Versions/A/libvMisc.dylib
0x000000000c5cb000 	/System/Library/Frameworks/Accelerate.framework/Versions/A/Frameworks/vecLib.framework/Versions/A/libLAPACK.dylib
0x000000000c5cb000 	/System/Library/Frameworks/Accelerate.framework/Versions/A/Frameworks/vecLib.framework/Versions/A/libBLAS.dylib
0x000000000c5cb000 	/System/Library/Frameworks/ApplicationServices.framework/Versions/A/Frameworks/ATS.framework/Versions/A/Resources/libFontParser.dylib
0x000000000c5cb000 	/System/Library/Frameworks/ApplicationServices.framework/Versions/A/Frameworks/ATS.framework/Versions/A/Resources/libFontRegistry.dylib
0x000000000c5cb000 	/System/Library/Frameworks/ImageIO.framework/Versions/A/Resources/libJPEG.dylib
0x000000000c5cb000 	/System/Library/Frameworks/ImageIO.framework/Versions/A/Resources/libTIFF.dylib
0x000000000c5cb000 	/System/Library/Frameworks/ImageIO.framework/Versions/A/Resources/libPng.dylib
0x000000000c5cb000 	/System/Library/Frameworks/ImageIO.framework/Versions/A/Resources/libGIF.dylib
0x000000000c5cb000 	/System/Library/Frameworks/ImageIO.framework/Versions/A/Resources/libJP2.dylib
0x000000000c5cb000 	/System/Library/Frameworks/ImageIO.framework/Versions/A/Resources/libRadiance.dylib
0x000000000c5cb000 	/usr/lib/libcups.2.dylib
0x000000000c5cb000 	/System/Library/Frameworks/Kerberos.framework/Versions/A/Kerberos
0x000000000c5cb000 	/System/Library/Frameworks/GSS.framework/Versions/A/GSS
0x000000000c5cb000 	/usr/lib/libresolv.9.dylib
0x000000000c5cb000 	/usr/lib/libiconv.2.dylib
0x000000000c5cb000 	/System/Library/PrivateFrameworks/Heimdal.framework/Versions/A/Heimdal
0x000000000c5cb000 	/System/Library/PrivateFrameworks/TrustEvaluationAgent.framework/Versions/A/TrustEvaluationAgent
0x000000000c5cb000 	/usr/lib/libheimdal-asn1.dylib
0x000000000c5cb000 	/System/Library/Frameworks/OpenDirectory.framework/Versions/A/OpenDirectory
0x000000000c5cb000 	/System/Library/PrivateFrameworks/CommonAuth.framework/Versions/A/CommonAuth
0x000000000c5cb000 	/System/Library/Frameworks/SecurityFoundation.framework/Versions/A/SecurityFoundation
0x000000000c5cb000 	/System/Library/PrivateFrameworks/Bom.framework/Versions/A/Bom
0x000000000c5cb000 	/System/Library/Frameworks/CoreVideo.framework/Versions/A/CoreVideo
0x000000000c5cb000 	/System/Library/Frameworks/QuartzCore.framework/Versions/A/Frameworks/CoreImage.framework/Versions/A/CoreImage
0x000000000c5cb000 	/System/Library/Frameworks/QuartzCore.framework/Versions/A/Frameworks/ScalableUserInterface.framework/Versions/A/ScalableUserInterface
0x000000000c5cb000 	/System/Library/Frameworks/OpenGL.framework/Versions/A/Libraries/libGLU.dylib
0x000000000c5cb000 	/System/Library/Frameworks/OpenGL.framework/Versions/A/Libraries/libGFXShared.dylib
0x000000000c5cb000 	/System/Library/Frameworks/OpenGL.framework/Versions/A/Libraries/libGL.dylib
0x000000000c5cb000 	/System/Library/Frameworks/OpenGL.framework/Versions/A/Libraries/libGLImage.dylib
0x000000000c5cb000 	/System/Library/Frameworks/OpenGL.framework/Versions/A/Libraries/libCVMSPluginSupport.dylib
0x000000000c5cb000 	/System/Library/Frameworks/OpenGL.framework/Versions/A/Libraries/libCoreVMClient.dylib
0x000000000c5cb000 	/System/Library/PrivateFrameworks/FaceCore.framework/Versions/A/FaceCore
0x000000000c5cb000 	/System/Library/PrivateFrameworks/CrashReporterSupport.framework/Versions/A/CrashReporterSupport
0x000000000c5cb000 	/System/Library/Frameworks/OpenCL.framework/Versions/A/OpenCL
0x000000000c5cb000 	/System/Library/PrivateFrameworks/AppleFSCompression.framework/Versions/A/AppleFSCompression
0x000000000c5cb000 	/System/Library/PrivateFrameworks/Ubiquity.framework/Versions/A/Ubiquity
0x000000000c5cb000 	/System/Library/PrivateFrameworks/IconServices.framework/Versions/A/IconServices
0x000000000c5cb000 	/System/Library/PrivateFrameworks/ChunkingLibrary.framework/Versions/A/ChunkingLibrary
0x000000000c5cb000 	/System/Library/PrivateFrameworks/CoreSymbolication.framework/Versions/A/CoreSymbolication
0x000000000c5cb000 	/System/Library/PrivateFrameworks/Symbolication.framework/Versions/A/Symbolication
0x000000000c5cb000 	/System/Library/PrivateFrameworks/DebugSymbols.framework/Versions/A/DebugSymbols
0x0000000103a00000 	/Library/Java/JavaVirtualMachines/jdk1.7.0_51.jdk/Contents/Home/jre/lib/server/libjvm.dylib
0x000000000c5cb000 	/usr/lib/libstdc++.6.dylib
0x000000010311a000 	/Library/Java/JavaVirtualMachines/jdk1.7.0_51.jdk/Contents/Home/jre/lib/libverify.dylib
0x0000000103127000 	/Library/Java/JavaVirtualMachines/jdk1.7.0_51.jdk/Contents/Home/jre/lib/libjava.dylib
0x0000000103161000 	/Library/Java/JavaVirtualMachines/jdk1.7.0_51.jdk/Contents/Home/jre/lib/libzip.dylib
0x00000001031e6000 	/System/Library/Frameworks/JavaVM.framework/Frameworks/JavaRuntimeSupport.framework/JavaRuntimeSupport
0x000000010dd47000 	/System/Library/Frameworks/JavaVM.framework/Versions/A/Frameworks/JavaNativeFoundation.framework/Versions/A/JavaNativeFoundation
0x000000010dd5c000 	/System/Library/Frameworks/JavaVM.framework/Versions/A/JavaVM
0x000000000c5cb000 	/System/Library/Frameworks/Carbon.framework/Versions/A/Carbon
0x000000010dd69000 	/System/Library/PrivateFrameworks/JavaLaunching.framework/Versions/A/JavaLaunching
0x000000000c5cb000 	/System/Library/Frameworks/Carbon.framework/Versions/A/Frameworks/CommonPanels.framework/Versions/A/CommonPanels
0x000000000c5cb000 	/System/Library/Frameworks/Carbon.framework/Versions/A/Frameworks/Help.framework/Versions/A/Help
0x000000000c5cb000 	/System/Library/Frameworks/Carbon.framework/Versions/A/Frameworks/ImageCapture.framework/Versions/A/ImageCapture
0x000000000c5cb000 	/System/Library/Frameworks/Carbon.framework/Versions/A/Frameworks/OpenScripting.framework/Versions/A/OpenScripting
0x000000000c5cb000 	/System/Library/Frameworks/Carbon.framework/Versions/A/Frameworks/Print.framework/Versions/A/Print
0x000000000c5cb000 	/System/Library/Frameworks/Carbon.framework/Versions/A/Frameworks/SecurityHI.framework/Versions/A/SecurityHI
0x000000010e458000 	/Library/Java/JavaVirtualMachines/jdk1.7.0_51.jdk/Contents/Home/jre/lib/libawt.dylib
0x000000010e507000 	/Library/Java/JavaVirtualMachines/jdk1.7.0_51.jdk/Contents/Home/jre/lib/./libmlib_image.dylib
0x000000010e5d3000 	/Library/Java/JavaVirtualMachines/jdk1.7.0_51.jdk/Contents/Home/jre/lib/lwawt/liblwawt.dylib
0x000000010e687000 	/Library/Java/JavaVirtualMachines/jdk1.7.0_51.jdk/Contents/Home/jre/lib/libosxapp.dylib
0x000000000c5cb000 	/System/Library/Frameworks/ExceptionHandling.framework/Versions/A/ExceptionHandling
0x000000000c5cb000 	/System/Library/PrivateFrameworks/CoreServicesInternal.framework/Versions/A/CoreServicesInternal
0x000000000c5cb000 	/System/Library/PrivateFrameworks/Librarian.framework/Versions/A/Librarian
0x000000000c5cb000 	/System/Library/Frameworks/CoreGraphics.framework/Versions/A/Resources/libCGCMS.A.dylib
0x000000000c5cb000 	/System/Library/Frameworks/CoreGraphics.framework/Versions/A/Resources/libRIP.A.dylib
0x000000000c5cb000 	/System/Library/Frameworks/CoreGraphics.framework/Versions/A/Resources/libCGXType.A.dylib
0x000000000c5cb000 	/System/Library/PrivateFrameworks/FamilyControls.framework/Versions/A/FamilyControls
0x000000000c5cb000 	/System/Library/PrivateFrameworks/CommerceKit.framework/Versions/A/Frameworks/CommerceCore.framework/Versions/A/CommerceCore
0x000000000c5cb000 	/System/Library/PrivateFrameworks/SystemAdministration.framework/Versions/A/SystemAdministration
0x000000000c5cb000 	/System/Library/Frameworks/DirectoryService.framework/Versions/A/DirectoryService
0x000000000c5cb000 	/System/Library/PrivateFrameworks/DiskImages.framework/Versions/A/DiskImages
0x000000000c5cb000 	/System/Library/PrivateFrameworks/LoginUIKit.framework/Versions/A/Frameworks/LoginUICore.framework/Versions/A/LoginUICore
0x000000000c5cb000 	/usr/lib/libCoreStorage.dylib
0x000000000c5cb000 	/usr/lib/libcsfde.dylib
0x000000000c5cb000 	/usr/lib/libodfde.dylib
0x000000000c5cb000 	/System/Library/Frameworks/DiscRecording.framework/Versions/A/DiscRecording
0x000000000c5cb000 	/usr/lib/libcurl.4.dylib
0x000000000c5cb000 	/System/Library/PrivateFrameworks/MediaKit.framework/Versions/A/MediaKit
0x000000000c5cb000 	/System/Library/PrivateFrameworks/EFILogin.framework/Versions/A/EFILogin
0x000000000c5cb000 	/usr/lib/libutil.dylib
0x000000000c5cb000 	/System/Library/PrivateFrameworks/AOSNotification.framework/Versions/A/AOSNotification
0x000000000c5cb000 	/System/Library/Frameworks/LDAP.framework/Versions/A/LDAP
0x000000000c5cb000 	/usr/lib/libsasl2.2.dylib
0x000000000c5cb000 	/usr/lib/libcrypto.0.9.8.dylib
0x000000000c5cb000 	/usr/lib/libssl.0.9.8.dylib
0x000000000c5cb000 	/System/Library/Frameworks/OpenGL.framework/Versions/A/Resources/GLEngine.bundle/GLEngine
0x000000000c5cb000 	/System/Library/Frameworks/OpenGL.framework/Versions/A/Libraries/libGLProgrammability.dylib
0x0000000000000000 	/System/Library/Extensions/AppleIntelHD4000GraphicsGLDriver.bundle/Contents/MacOS/AppleIntelHD4000GraphicsGLDriver
0x000000000c5cb000 	/System/Library/PrivateFrameworks/IOAccelerator.framework/Versions/A/IOAccelerator
0x000000000c5cb000 	/System/Library/PrivateFrameworks/GPUSupport.framework/Versions/A/Libraries/libGPUSupportMercury.dylib
0x000000000c5cb000 	/System/Library/Frameworks/OpenGL.framework/Versions/A/Resources/GLRendererFloat.bundle/GLRendererFloat
0x000000000c5cb000 	/System/Library/Frameworks/OpenCL.framework/Versions/A/Libraries/libcldcpuengine.dylib
0x0000000113527000 	/Library/Java/JavaVirtualMachines/jdk1.7.0_51.jdk/Contents/Home/jre/lib/libfontmanager.dylib
0x0000000110d0b000 	/Library/Java/JavaVirtualMachines/jdk1.7.0_51.jdk/Contents/Home/jre/lib/libosxui.dylib
0x0000000115e46000 	/Library/Java/JavaVirtualMachines/jdk1.7.0_51.jdk/Contents/Home/jre/lib/libnet.dylib
0x0000000115ea3000 	/Library/Java/JavaVirtualMachines/jdk1.7.0_51.jdk/Contents/Home/jre/lib/libnio.dylib
0x0000000114f23000 	/Users/zalbhathena/Documents/workspace/Thesis-Test-Application/HPA* Program/jni/libsearchalgorithms.dylib

VM Arguments:
jvm_args: -Djava.library.path=/Users/zalbhathena/Documents/workspace/Thesis-Test-Application/HPA* Program/jni -Dfile.encoding=US-ASCII 
java_command: HPAProgram
Launcher Type: SUN_STANDARD

Environment Variables:
PATH=/usr/bin:/bin:/usr/sbin:/sbin
LD_LIBRARY_PATH=src
SHELL=/bin/bash

Signal Handlers:
SIGSEGV: [libjvm.dylib+0x525425], sa_mask[0]=0xfffefeff, sa_flags=0x00000043
SIGBUS: [libjvm.dylib+0x525425], sa_mask[0]=0xfffefeff, sa_flags=0x00000042
SIGFPE: [libjvm.dylib+0x41892a], sa_mask[0]=0xfffefeff, sa_flags=0x00000042
SIGPIPE: [libjvm.dylib+0x41892a], sa_mask[0]=0xfffefeff, sa_flags=0x00000042
SIGXFSZ: [libjvm.dylib+0x41892a], sa_mask[0]=0xfffefeff, sa_flags=0x00000042
SIGILL: [libjvm.dylib+0x41892a], sa_mask[0]=0xfffefeff, sa_flags=0x00000042
SIGUSR1: SIG_DFL, sa_mask[0]=0x00000000, sa_flags=0x00000002
SIGUSR2: [libjvm.dylib+0x41841c], sa_mask[0]=0x00000004, sa_flags=0x00000042
SIGHUP: [libjvm.dylib+0x4166ab], sa_mask[0]=0xfffefeff, sa_flags=0x00000042
SIGINT: [libjvm.dylib+0x4166ab], sa_mask[0]=0xfffefeff, sa_flags=0x00000042
SIGTERM: [libjvm.dylib+0x4166ab], sa_mask[0]=0xfffefeff, sa_flags=0x00000042
SIGQUIT: [libjvm.dylib+0x4166ab], sa_mask[0]=0xfffefeff, sa_flags=0x00000042


---------------  S Y S T E M  ---------------

OS:Bsduname:Darwin 13.0.0 Darwin Kernel Version 13.0.0: Thu Sep 19 22:22:27 PDT 2013; root:xnu-2422.1.72~6/RELEASE_X86_64 x86_64
rlimit: STACK 8192k, CORE 0k, NPROC 709, NOFILE 10240, AS infinity
load average:1.48 1.35 1.28

CPU:total 4 (2 cores per cpu, 2 threads per core) family 6 model 58 stepping 9, cmov, cx8, fxsr, mmx, sse, sse2, sse3, ssse3, sse4.1, sse4.2, popcnt, avx, aes, erms, ht, tsc, tscinvbit, tscinv

Memory: 4k page, physical 8388608k(2097152k free)

/proc/meminfo:


vm_info: Java HotSpot(TM) 64-Bit Server VM (24.51-b03) for bsd-amd64 JRE (1.7.0_51-b13), built on Dec 18 2013 18:45:56 by "java_re" with gcc 4.2.1 (Based on Apple Inc. build 5658) (LLVM build 2336.11.00)

time: Wed Mar  5 16:24:12 2014
elapsed time: 1 seconds

